Log file open, 04/11/20 17:58:02
LogWindows: Failed to load 'aqProf.dll' (GetLastError=126)
LogWindows: File 'aqProf.dll' does not exist
LogWindows: Failed to load 'VtuneApi.dll' (GetLastError=126)
LogWindows: File 'VtuneApi.dll' does not exist
LogWindows: Failed to load 'VtuneApi32e.dll' (GetLastError=126)
LogWindows: File 'VtuneApi32e.dll' does not exist
LogConsoleResponse: Display: Failed to find resolution value strings in scalability ini. Falling back to default.
LogInit: Display: Running engine for game: FirstGame
LogPlatformFile: Not using cached read wrapper
LogTaskGraph: Started task graph with 5 named threads and 14 total threads with 3 sets of task threads.
LogStats: Stats thread started at 0.589708
LogD3D11RHI: Loaded GFSDK_Aftermath_Lib.x64.dll
LogICUInternationalization: ICU TimeZone Detection - Raw Offset: -8:00, Platform Override: ''
LogPluginManager: Mounting plugin Paper2D
LogPluginManager: Mounting plugin AISupport
LogPluginManager: Mounting plugin LightPropagationVolume
LogPluginManager: Mounting plugin ActorLayerUtilities
LogPluginManager: Mounting plugin AnimationSharing
LogPluginManager: Mounting plugin CLionSourceCodeAccess
LogPluginManager: Mounting plugin CodeLiteSourceCodeAccess
LogPluginManager: Mounting plugin GitSourceControl
LogPluginManager: Mounting plugin KDevelopSourceCodeAccess
LogPluginManager: Mounting plugin NullSourceCodeAccess
LogPluginManager: Mounting plugin PerforceSourceControl
LogPluginManager: Mounting plugin SubversionSourceControl
LogPluginManager: Mounting plugin UObjectPlugin
LogPluginManager: Mounting plugin VisualStudioCodeSourceCodeAccess
LogPluginManager: Mounting plugin VisualStudioSourceCodeAccess
LogPluginManager: Mounting plugin XCodeSourceCodeAccess
LogPluginManager: Mounting plugin AssetManagerEditor
LogPluginManager: Mounting plugin CryptoKeys
LogPluginManager: Mounting plugin CurveEditorTools
LogPluginManager: Mounting plugin DataValidation
LogPluginManager: Mounting plugin FacialAnimation
LogPluginManager: Mounting plugin GameplayTagsEditor
LogPluginManager: Mounting plugin MacGraphicsSwitching
LogPluginManager: Mounting plugin MaterialAnalyzer
LogPluginManager: Mounting plugin MobileLauncherProfileWizard
LogPluginManager: Mounting plugin PluginBrowser
LogPluginManager: Mounting plugin SpeedTreeImporter
LogPluginManager: Mounting plugin DatasmithContent
LogPluginManager: Mounting plugin VariantManagerContent
LogPluginManager: Mounting plugin AlembicImporter
LogPluginManager: Mounting plugin AutomationUtils
LogPluginManager: Mounting plugin BackChannel
LogPluginManager: Mounting plugin CharacterAI
LogPluginManager: Mounting plugin GeometryCache
LogPluginManager: Mounting plugin HTML5Networking
LogPluginManager: Mounting plugin PlatformCrypto
LogPluginManager: Mounting plugin ProxyLODPlugin
LogPluginManager: Mounting plugin SkeletalReduction
LogPluginManager: Mounting plugin MagicLeap
LogPluginManager: Mounting plugin MagicLeapMedia
LogPluginManager: Mounting plugin AndroidMedia
LogPluginManager: Mounting plugin AvfMedia
LogPluginManager: Mounting plugin ImgMedia
LogPluginManager: Mounting plugin MediaCompositing
LogPluginManager: Mounting plugin MediaPlayerEditor
LogPluginManager: Mounting plugin WebMMedia
LogPluginManager: Mounting plugin WmfMedia
LogPluginManager: Mounting plugin TcpMessaging
LogPluginManager: Mounting plugin UdpMessaging
LogPluginManager: Mounting plugin ActorSequence
LogPluginManager: Mounting plugin LevelSequenceEditor
LogPluginManager: Mounting plugin MatineeToLevelSequence
LogPluginManager: Mounting plugin NetcodeUnitTest
LogPluginManager: Mounting plugin NUTUnrealEngine4
LogPluginManager: Mounting plugin OnlineSubsystemGooglePlay
LogPluginManager: Mounting plugin OnlineSubsystemIOS
LogPluginManager: Mounting plugin OnlineSubsystem
LogPluginManager: Mounting plugin OnlineSubsystemNull
LogPluginManager: Mounting plugin OnlineSubsystemUtils
LogPluginManager: Mounting plugin LauncherChunkInstaller
LogPluginManager: Mounting plugin AndroidDeviceProfileSelector
LogPluginManager: Mounting plugin AndroidMoviePlayer
LogPluginManager: Mounting plugin AndroidPermission
LogPluginManager: Mounting plugin AppleImageUtils
LogPluginManager: Mounting plugin AppleMoviePlayer
LogPluginManager: Mounting plugin ArchVisCharacter
LogPluginManager: Mounting plugin AudioCapture
LogPluginManager: Mounting plugin CableComponent
LogPluginManager: Mounting plugin CustomMeshComponent
LogPluginManager: Mounting plugin EditableMesh
LogPluginManager: Mounting plugin ExampleDeviceProfileSelector
LogPluginManager: Mounting plugin GoogleCloudMessaging
LogPluginManager: Mounting plugin IOSDeviceProfileSelector
LogPluginManager: Mounting plugin LinuxDeviceProfileSelector
LogPluginManager: Mounting plugin LocationServicesBPLibrary
LogPluginManager: Mounting plugin MobilePatchingUtils
LogPluginManager: Mounting plugin OculusVR
LogPluginManager: Mounting plugin PhysXVehicles
LogPluginManager: Mounting plugin ProceduralMeshComponent
LogPluginManager: Mounting plugin RuntimePhysXCooking
LogPluginManager: Mounting plugin SignificanceManager
LogPluginManager: Mounting plugin SteamVR
LogPluginManager: Mounting plugin WebMMoviePlayer
LogPluginManager: Mounting plugin WindowsMoviePlayer
LogPluginManager: Mounting plugin ScreenshotTools
LogInit: Using libcurl 7.55.1-DEV
LogInit:  - built for x86_64-pc-win32
LogInit:  - supports SSL with OpenSSL/1.1.1
LogInit:  - supports HTTP deflate (compression) using libz 1.2.8
LogInit:  - other features:
LogInit:      CURL_VERSION_SSL
LogInit:      CURL_VERSION_LIBZ
LogInit:      CURL_VERSION_IPV6
LogInit:      CURL_VERSION_ASYNCHDNS
LogInit:      CURL_VERSION_LARGEFILE
LogInit:      CURL_VERSION_IDN
LogInit:  CurlRequestOptions (configurable via config and command line):
LogInit:  - bVerifyPeer = true  - Libcurl will verify peer certificate
LogInit:  - bUseHttpProxy = false  - Libcurl will NOT use HTTP proxy
LogInit:  - bDontReuseConnections = false  - Libcurl will reuse connections
LogInit:  - MaxHostConnections = 16  - Libcurl will limit the number of connections to a host
LogInit:  - LocalHostAddr = Default
LogInit:  - BufferSize = 65536
LogOnline: OSS: Creating online subsystem instance for: NULL
LogInit: WinSock: version 1.1 (2.2), MaxSocks=32767, MaxUdp=65467
LogHMD: Failed initializing OVRPlugin 1.37.0
LogInit: Build: ++UE4+Release-4.23-CL-9631420
LogInit: Engine Version: 4.23.1-9631420+++UE4+Release-4.23
LogInit: Compatible Engine Version: 4.23.0-8386587+++UE4+Release-4.23
LogInit: Net CL: 8386587
LogInit: OS: Windows 10 (Release 1903) (), CPU: Intel(R) Core(TM) i5-6600K CPU @ 3.50GHz, GPU: NVIDIA GeForce GTX 1070
LogInit: Compiled (64-bit): Oct 18 2019 02:07:44
LogInit: Compiled with Visual C++: 19.16.27030.01
LogInit: Build Configuration: Development
LogInit: Branch Name: ++UE4+Release-4.23
LogInit: Command Line:  -skipcompile
LogInit: Base Directory: C:/Program Files/Epic Games/UE_4.23/Engine/Binaries/Win64/
LogInit: Installed Engine Build: 1
LogDevObjectVersion: Number of dev versions registered: 23
LogDevObjectVersion:   Dev-Blueprints (B0D832E4-1F89-4F0D-ACCF-7EB736FD4AA2): 10
LogDevObjectVersion:   Dev-Build (E1C64328-A22C-4D53-A36C-8E866417BD8C): 0
LogDevObjectVersion:   Dev-Core (375EC13C-06E4-48FB-B500-84F0262A717E): 3
LogDevObjectVersion:   Dev-Editor (E4B068ED-F494-42E9-A231-DA0B2E46BB41): 34
LogDevObjectVersion:   Dev-Framework (CFFC743F-43B0-4480-9391-14DF171D2073): 35
LogDevObjectVersion:   Dev-Mobile (B02B49B5-BB20-44E9-A304-32B752E40360): 2
LogDevObjectVersion:   Dev-Networking (A4E4105C-59A1-49B5-A7C5-40C4547EDFEE): 0
LogDevObjectVersion:   Dev-Online (39C831C9-5AE6-47DC-9A44-9C173E1C8E7C): 0
LogDevObjectVersion:   Dev-Physics (78F01B33-EBEA-4F98-B9B4-84EACCB95AA2): 0
LogDevObjectVersion:   Dev-Platform (6631380F-2D4D-43E0-8009-CF276956A95A): 0
LogDevObjectVersion:   Dev-Rendering (12F88B9F-8875-4AFC-A67C-D90C383ABD29): 31
LogDevObjectVersion:   Dev-Sequencer (7B5AE74C-D270-4C10-A958-57980B212A5A): 11
LogDevObjectVersion:   Dev-VR (D7296918-1DD6-4BDD-9DE2-64A83CC13884): 2
LogDevObjectVersion:   Dev-LoadTimes (C2A15278-BFE7-4AFE-6C17-90FF531DF755): 1
LogDevObjectVersion:   Private-Geometry (6EACA3D4-40EC-4CC1-B786-8BED09428FC5): 3
LogDevObjectVersion:   Dev-AnimPhys (29E575DD-E0A3-4627-9D10-D276232CDCEA): 17
LogDevObjectVersion:   Dev-Anim (AF43A65D-7FD3-4947-9873-3E8ED9C1BB05): 2
LogDevObjectVersion:   Dev-ReflectionCapture (6B266CEC-1EC7-4B8F-A30B-E4D90942FC07): 1
LogDevObjectVersion:   Dev-Automation (0DF73D61-A23F-47EA-B727-89E90C41499A): 1
LogDevObjectVersion:   FortniteMain (601D1886-AC64-4F84-AA16-D3DE0DEAC7D6): 27
LogDevObjectVersion:   Dev-Enterprise (9DFFBCD6-494F-0158-E221-12823C92A888): 6
LogDevObjectVersion:   Dev-Niagara (F2AED0AC-9AFE-416F-8664-AA7FFA26D6FC): 1
LogDevObjectVersion:   Dev-Destruction (174F1F0B-B4C6-45A5-B13F-2EE8D0FB917D): 9
LogInit: Presizing for max 16777216 objects, including 0 objects not considered by GC, pre-allocating 0 bytes for permanent pool.
LogInit: Object subsystem initialized
LogConfig: Setting CVar [[con.DebugEarlyDefault:1]]
LogConfig: Setting CVar [[r.setres:1280x720]]
[2020.04.12-00.58.04:085][  0]LogConfig: Setting CVar [[r.VSync:0]]
[2020.04.12-00.58.04:085][  0]LogConfig: Setting CVar [[r.RHICmdBypass:0]]
[2020.04.12-00.58.04:085][  0]LogConfig: Applying CVar settings from Section [/Script/Engine.RendererSettings] File [D:/Packt_New_Repository/Learning-Unreal-Engine-4-Game-Development-2nd-Edition-/FirstGame/Saved/Config/Windows/Engine.ini]
[2020.04.12-00.58.04:085][  0]LogConfig: Setting CVar [[r.GPUCrashDebugging:0]]
[2020.04.12-00.58.04:085][  0]LogConfig: Applying CVar settings from Section [/Script/Engine.RendererOverrideSettings] File [D:/Packt_New_Repository/Learning-Unreal-Engine-4-Game-Development-2nd-Edition-/FirstGame/Saved/Config/Windows/Engine.ini]
[2020.04.12-00.58.04:085][  0]LogConfig: Applying CVar settings from Section [/Script/Engine.StreamingSettings] File [D:/Packt_New_Repository/Learning-Unreal-Engine-4-Game-Development-2nd-Edition-/FirstGame/Saved/Config/Windows/Engine.ini]
[2020.04.12-00.58.04:085][  0]LogConfig: Setting CVar [[s.MinBulkDataSizeForAsyncLoading:131072]]
[2020.04.12-00.58.04:085][  0]LogConfig: Setting CVar [[s.AsyncLoadingThreadEnabled:0]]
[2020.04.12-00.58.04:085][  0]LogConfig: Setting CVar [[s.EventDrivenLoaderEnabled:1]]
[2020.04.12-00.58.04:085][  0]LogConfig: Setting CVar [[s.WarnIfTimeLimitExceeded:0]]
[2020.04.12-00.58.04:085][  0]LogConfig: Setting CVar [[s.TimeLimitExceededMultiplier:1.5]]
[2020.04.12-00.58.04:085][  0]LogConfig: Setting CVar [[s.TimeLimitExceededMinTime:0.005]]
[2020.04.12-00.58.04:085][  0]LogConfig: Setting CVar [[s.UseBackgroundLevelStreaming:1]]
[2020.04.12-00.58.04:085][  0]LogConfig: Setting CVar [[s.PriorityAsyncLoadingExtraTime:15.0]]
[2020.04.12-00.58.04:085][  0]LogConfig: Setting CVar [[s.LevelStreamingActorsUpdateTimeLimit:5.0]]
[2020.04.12-00.58.04:085][  0]LogConfig: Setting CVar [[s.PriorityLevelStreamingActorsUpdateExtraTime:5.0]]
[2020.04.12-00.58.04:085][  0]LogConfig: Setting CVar [[s.LevelStreamingComponentsRegistrationGranularity:10]]
[2020.04.12-00.58.04:085][  0]LogConfig: Setting CVar [[s.UnregisterComponentsTimeLimit:1.0]]
[2020.04.12-00.58.04:085][  0]LogConfig: Setting CVar [[s.LevelStreamingComponentsUnregistrationGranularity:5]]
[2020.04.12-00.58.04:086][  0]LogConfig: Applying CVar settings from Section [/Script/Engine.GarbageCollectionSettings] File [D:/Packt_New_Repository/Learning-Unreal-Engine-4-Game-Development-2nd-Edition-/FirstGame/Saved/Config/Windows/Engine.ini]
[2020.04.12-00.58.04:086][  0]LogConfig: Setting CVar [[gc.MaxObjectsNotConsideredByGC:1]]
[2020.04.12-00.58.04:086][  0]LogConfig: Setting CVar [[gc.SizeOfPermanentObjectPool:0]]
[2020.04.12-00.58.04:086][  0]LogConfig: Setting CVar [[gc.FlushStreamingOnGC:0]]
[2020.04.12-00.58.04:086][  0]LogConfig: Setting CVar [[gc.NumRetriesBeforeForcingGC:10]]
[2020.04.12-00.58.04:086][  0]LogConfig: Setting CVar [[gc.AllowParallelGC:1]]
[2020.04.12-00.58.04:086][  0]LogConfig: Setting CVar [[gc.TimeBetweenPurgingPendingKillObjects:61.1]]
[2020.04.12-00.58.04:086][  0]LogConfig: Setting CVar [[gc.MaxObjectsInEditor:16777216]]
[2020.04.12-00.58.04:086][  0]LogConfig: Setting CVar [[gc.IncrementalBeginDestroyEnabled:1]]
[2020.04.12-00.58.04:086][  0]LogConfig: Setting CVar [[gc.CreateGCClusters:1]]
[2020.04.12-00.58.04:086][  0]LogConfig: Setting CVar [[gc.MinGCClusterSize:5]]
[2020.04.12-00.58.04:086][  0]LogConfig: Setting CVar [[gc.ActorClusteringEnabled:0]]
[2020.04.12-00.58.04:086][  0]LogConfig: Setting CVar [[gc.BlueprintClusteringEnabled:0]]
[2020.04.12-00.58.04:086][  0]LogConfig: Setting CVar [[gc.UseDisregardForGCOnDedicatedServers:0]]
[2020.04.12-00.58.04:086][  0]LogConfig: Applying CVar settings from Section [/Script/Engine.NetworkSettings] File [D:/Packt_New_Repository/Learning-Unreal-Engine-4-Game-Development-2nd-Edition-/FirstGame/Saved/Config/Windows/Engine.ini]
[2020.04.12-00.58.04:086][  0]LogConfig: Applying CVar settings from Section [/Script/UnrealEd.CookerSettings] File [D:/Packt_New_Repository/Learning-Unreal-Engine-4-Game-Development-2nd-Edition-/FirstGame/Saved/Config/Windows/Engine.ini]
[2020.04.12-00.58.04:093][  0]LogConfig: Applying CVar settings from Section [ViewDistanceQuality@3] File [D:/Packt_New_Repository/Learning-Unreal-Engine-4-Game-Development-2nd-Edition-/FirstGame/Saved/Config/Windows/Scalability.ini]
[2020.04.12-00.58.04:093][  0]LogConfig: Setting CVar [[r.SkeletalMeshLODBias:0]]
[2020.04.12-00.58.04:093][  0]LogConfig: Setting CVar [[r.ViewDistanceScale:1.0]]
[2020.04.12-00.58.04:093][  0]LogConfig: Applying CVar settings from Section [AntiAliasingQuality@3] File [D:/Packt_New_Repository/Learning-Unreal-Engine-4-Game-Development-2nd-Edition-/FirstGame/Saved/Config/Windows/Scalability.ini]
[2020.04.12-00.58.04:093][  0]LogConfig: Setting CVar [[r.PostProcessAAQuality:4]]
[2020.04.12-00.58.04:093][  0]LogConfig: Applying CVar settings from Section [ShadowQuality@3] File [D:/Packt_New_Repository/Learning-Unreal-Engine-4-Game-Development-2nd-Edition-/FirstGame/Saved/Config/Windows/Scalability.ini]
[2020.04.12-00.58.04:093][  0]LogConfig: Setting CVar [[r.LightFunctionQuality:1]]
[2020.04.12-00.58.04:093][  0]LogConfig: Setting CVar [[r.ShadowQuality:5]]
[2020.04.12-00.58.04:093][  0]LogConfig: Setting CVar [[r.Shadow.CSM.MaxCascades:10]]
[2020.04.12-00.58.04:093][  0]LogConfig: Setting CVar [[r.Shadow.MaxResolution:2048]]
[2020.04.12-00.58.04:093][  0]LogConfig: Setting CVar [[r.Shadow.MaxCSMResolution:2048]]
[2020.04.12-00.58.04:093][  0]LogConfig: Setting CVar [[r.Shadow.RadiusThreshold:0.01]]
[2020.04.12-00.58.04:093][  0]LogConfig: Setting CVar [[r.Shadow.DistanceScale:1.0]]
[2020.04.12-00.58.04:093][  0]LogConfig: Setting CVar [[r.Shadow.CSM.TransitionScale:1.0]]
[2020.04.12-00.58.04:093][  0]LogConfig: Setting CVar [[r.Shadow.PreShadowResolutionFactor:1.0]]
[2020.04.12-00.58.04:093][  0]LogConfig: Setting CVar [[r.DistanceFieldShadowing:1]]
[2020.04.12-00.58.04:093][  0]LogConfig: Setting CVar [[r.DistanceFieldAO:1]]
[2020.04.12-00.58.04:093][  0]LogConfig: Setting CVar [[r.AOQuality:2]]
[2020.04.12-00.58.04:093][  0]LogConfig: Setting CVar [[r.VolumetricFog:1]]
[2020.04.12-00.58.04:093][  0]LogConfig: Setting CVar [[r.VolumetricFog.GridPixelSize:8]]
[2020.04.12-00.58.04:093][  0]LogConfig: Setting CVar [[r.VolumetricFog.GridSizeZ:128]]
[2020.04.12-00.58.04:093][  0]LogConfig: Setting CVar [[r.VolumetricFog.HistoryMissSupersampleCount:4]]
[2020.04.12-00.58.04:093][  0]LogConfig: Setting CVar [[r.LightMaxDrawDistanceScale:1]]
[2020.04.12-00.58.04:093][  0]LogConfig: Setting CVar [[r.CapsuleShadows:1]]
[2020.04.12-00.58.04:093][  0]LogConfig: Applying CVar settings from Section [PostProcessQuality@3] File [D:/Packt_New_Repository/Learning-Unreal-Engine-4-Game-Development-2nd-Edition-/FirstGame/Saved/Config/Windows/Scalability.ini]
[2020.04.12-00.58.04:093][  0]LogConfig: Setting CVar [[r.MotionBlurQuality:4]]
[2020.04.12-00.58.04:093][  0]LogConfig: Setting CVar [[r.AmbientOcclusionMipLevelFactor:0.4]]
[2020.04.12-00.58.04:093][  0]LogConfig: Setting CVar [[r.AmbientOcclusionMaxQuality:100]]
[2020.04.12-00.58.04:093][  0]LogConfig: Setting CVar [[r.AmbientOcclusionLevels:-1]]
[2020.04.12-00.58.04:093][  0]LogConfig: Setting CVar [[r.AmbientOcclusionRadiusScale:1.0]]
[2020.04.12-00.58.04:093][  0]LogConfig: Setting CVar [[r.DepthOfFieldQuality:2]]
[2020.04.12-00.58.04:093][  0]LogConfig: Setting CVar [[r.RenderTargetPoolMin:400]]
[2020.04.12-00.58.04:093][  0]LogConfig: Setting CVar [[r.LensFlareQuality:2]]
[2020.04.12-00.58.04:093][  0]LogConfig: Setting CVar [[r.SceneColorFringeQuality:1]]
[2020.04.12-00.58.04:093][  0]LogConfig: Setting CVar [[r.EyeAdaptationQuality:2]]
[2020.04.12-00.58.04:093][  0]LogConfig: Setting CVar [[r.BloomQuality:5]]
[2020.04.12-00.58.04:093][  0]LogConfig: Setting CVar [[r.FastBlurThreshold:100]]
[2020.04.12-00.58.04:093][  0]LogConfig: Setting CVar [[r.Upscale.Quality:3]]
[2020.04.12-00.58.04:093][  0]LogConfig: Setting CVar [[r.Tonemapper.GrainQuantization:1]]
[2020.04.12-00.58.04:093][  0]LogConfig: Setting CVar [[r.LightShaftQuality:1]]
[2020.04.12-00.58.04:093][  0]LogConfig: Setting CVar [[r.Filter.SizeScale:1]]
[2020.04.12-00.58.04:093][  0]LogConfig: Setting CVar [[r.Tonemapper.Quality:5]]
[2020.04.12-00.58.04:093][  0]LogConfig: Setting CVar [[r.DOF.Gather.AccumulatorQuality:1        ; higher gathering accumulator quality]]
[2020.04.12-00.58.04:093][  0]LogConfig: Setting CVar [[r.DOF.Gather.PostfilterMethod:1          ; Median3x3 postfilering method]]
[2020.04.12-00.58.04:093][  0]LogConfig: Setting CVar [[r.DOF.Gather.EnableBokehSettings:0       ; no bokeh simulation when gathering]]
[2020.04.12-00.58.04:093][  0]LogConfig: Setting CVar [[r.DOF.Gather.RingCount:4                 ; medium number of samples when gathering]]
[2020.04.12-00.58.04:093][  0]LogConfig: Setting CVar [[r.DOF.Scatter.ForegroundCompositing:1    ; additive foreground scattering]]
[2020.04.12-00.58.04:093][  0]LogConfig: Setting CVar [[r.DOF.Scatter.BackgroundCompositing:2    ; additive background scattering]]
[2020.04.12-00.58.04:093][  0]LogConfig: Setting CVar [[r.DOF.Scatter.EnableBokehSettings:1      ; bokeh simulation when scattering]]
[2020.04.12-00.58.04:093][  0]LogConfig: Setting CVar [[r.DOF.Scatter.MaxSpriteRatio:0.1         ; only a maximum of 10% of scattered bokeh]]
[2020.04.12-00.58.04:093][  0]LogConfig: Setting CVar [[r.DOF.Recombine.Quality:1                ; cheap slight out of focus]]
[2020.04.12-00.58.04:093][  0]LogConfig: Setting CVar [[r.DOF.Recombine.EnableBokehSettings:0    ; no bokeh simulation on slight out of focus]]
[2020.04.12-00.58.04:093][  0]LogConfig: Setting CVar [[r.DOF.TemporalAAQuality:1                ; more stable temporal accumulation]]
[2020.04.12-00.58.04:093][  0]LogConfig: Setting CVar [[r.DOF.Kernel.MaxForegroundRadius:0.025]]
[2020.04.12-00.58.04:093][  0]LogConfig: Setting CVar [[r.DOF.Kernel.MaxBackgroundRadius:0.025]]
[2020.04.12-00.58.04:093][  0]LogConfig: Applying CVar settings from Section [TextureQuality@3] File [D:/Packt_New_Repository/Learning-Unreal-Engine-4-Game-Development-2nd-Edition-/FirstGame/Saved/Config/Windows/Scalability.ini]
[2020.04.12-00.58.04:093][  0]LogConfig: Setting CVar [[r.Streaming.MipBias:0]]
[2020.04.12-00.58.04:093][  0]LogConfig: Setting CVar [[r.Streaming.AmortizeCPUToGPUCopy:0]]
[2020.04.12-00.58.04:093][  0]LogConfig: Setting CVar [[r.Streaming.MaxNumTexturesToStreamPerFrame:0]]
[2020.04.12-00.58.04:093][  0]LogConfig: Setting CVar [[r.Streaming.Boost:1]]
[2020.04.12-00.58.04:093][  0]LogConfig: Setting CVar [[r.MaxAnisotropy:8]]
[2020.04.12-00.58.04:093][  0]LogConfig: Setting CVar [[r.Streaming.LimitPoolSizeToVRAM:0]]
[2020.04.12-00.58.04:093][  0]LogConfig: Setting CVar [[r.Streaming.PoolSize:1000]]
[2020.04.12-00.58.04:093][  0]LogConfig: Setting CVar [[r.Streaming.MaxEffectiveScreenSize:0]]
[2020.04.12-00.58.04:093][  0]LogConfig: Applying CVar settings from Section [EffectsQuality@3] File [D:/Packt_New_Repository/Learning-Unreal-Engine-4-Game-Development-2nd-Edition-/FirstGame/Saved/Config/Windows/Scalability.ini]
[2020.04.12-00.58.04:094][  0]LogConfig: Setting CVar [[r.TranslucencyLightingVolumeDim:64]]
[2020.04.12-00.58.04:094][  0]LogConfig: Setting CVar [[r.RefractionQuality:2]]
[2020.04.12-00.58.04:094][  0]LogConfig: Setting CVar [[r.SSR.Quality:3]]
[2020.04.12-00.58.04:094][  0]LogConfig: Setting CVar [[r.SceneColorFormat:4]]
[2020.04.12-00.58.04:094][  0]LogConfig: Setting CVar [[r.DetailMode:2]]
[2020.04.12-00.58.04:094][  0]LogConfig: Setting CVar [[r.TranslucencyVolumeBlur:1]]
[2020.04.12-00.58.04:094][  0]LogConfig: Setting CVar [[r.MaterialQualityLevel:1 ; High quality]]
[2020.04.12-00.58.04:094][  0]LogConfig: Setting CVar [[r.SSS.Scale:1]]
[2020.04.12-00.58.04:094][  0]LogConfig: Setting CVar [[r.SSS.SampleSet:2]]
[2020.04.12-00.58.04:094][  0]LogConfig: Setting CVar [[r.SSS.Quality:1]]
[2020.04.12-00.58.04:094][  0]LogConfig: Setting CVar [[r.SSS.HalfRes:1]]
[2020.04.12-00.58.04:094][  0]LogConfig: Setting CVar [[r.EmitterSpawnRateScale:1.0]]
[2020.04.12-00.58.04:094][  0]LogConfig: Setting CVar [[r.ParticleLightQuality:2]]
[2020.04.12-00.58.04:094][  0]LogConfig: Applying CVar settings from Section [FoliageQuality@3] File [D:/Packt_New_Repository/Learning-Unreal-Engine-4-Game-Development-2nd-Edition-/FirstGame/Saved/Config/Windows/Scalability.ini]
[2020.04.12-00.58.04:094][  0]LogConfig: Setting CVar [[foliage.DensityScale:1.0]]
[2020.04.12-00.58.04:094][  0]LogConfig: Setting CVar [[grass.DensityScale:1.0]]
[2020.04.12-00.58.04:095][  0]LogInit: Selected Device Profile: [Windows]
[2020.04.12-00.58.04:095][  0]LogInit: Applying CVar settings loaded from the selected device profile: [Windows]
[2020.04.12-00.58.04:103][  0]LogHAL: Display: Platform has ~ 16 GB [17052942336 / 17179869184 / 16], which maps to Larger [LargestMinGB=32, LargerMinGB=12, DefaultMinGB=8, SmallerMinGB=6, SmallestMinGB=0)
[2020.04.12-00.58.04:103][  0]LogInit: Going up to parent DeviceProfile []
[2020.04.12-00.58.04:104][  0]LogConfig: Applying CVar settings from Section [ViewDistanceQuality@3] File [D:/Packt_New_Repository/Learning-Unreal-Engine-4-Game-Development-2nd-Edition-/FirstGame/Saved/Config/Windows/Scalability.ini]
[2020.04.12-00.58.04:104][  0]LogConfig: Setting CVar [[r.SkeletalMeshLODBias:0]]
[2020.04.12-00.58.04:104][  0]LogConfig: Setting CVar [[r.ViewDistanceScale:1.0]]
[2020.04.12-00.58.04:104][  0]LogConfig: Applying CVar settings from Section [AntiAliasingQuality@3] File [D:/Packt_New_Repository/Learning-Unreal-Engine-4-Game-Development-2nd-Edition-/FirstGame/Saved/Config/Windows/Scalability.ini]
[2020.04.12-00.58.04:104][  0]LogConfig: Setting CVar [[r.PostProcessAAQuality:4]]
[2020.04.12-00.58.04:104][  0]LogConfig: Applying CVar settings from Section [ShadowQuality@3] File [D:/Packt_New_Repository/Learning-Unreal-Engine-4-Game-Development-2nd-Edition-/FirstGame/Saved/Config/Windows/Scalability.ini]
[2020.04.12-00.58.04:104][  0]LogConfig: Setting CVar [[r.LightFunctionQuality:1]]
[2020.04.12-00.58.04:104][  0]LogConfig: Setting CVar [[r.ShadowQuality:5]]
[2020.04.12-00.58.04:104][  0]LogConfig: Setting CVar [[r.Shadow.CSM.MaxCascades:10]]
[2020.04.12-00.58.04:104][  0]LogConfig: Setting CVar [[r.Shadow.MaxResolution:2048]]
[2020.04.12-00.58.04:104][  0]LogConfig: Setting CVar [[r.Shadow.MaxCSMResolution:2048]]
[2020.04.12-00.58.04:104][  0]LogConfig: Setting CVar [[r.Shadow.RadiusThreshold:0.01]]
[2020.04.12-00.58.04:104][  0]LogConfig: Setting CVar [[r.Shadow.DistanceScale:1.0]]
[2020.04.12-00.58.04:104][  0]LogConfig: Setting CVar [[r.Shadow.CSM.TransitionScale:1.0]]
[2020.04.12-00.58.04:104][  0]LogConfig: Setting CVar [[r.Shadow.PreShadowResolutionFactor:1.0]]
[2020.04.12-00.58.04:104][  0]LogConfig: Setting CVar [[r.DistanceFieldShadowing:1]]
[2020.04.12-00.58.04:104][  0]LogConfig: Setting CVar [[r.DistanceFieldAO:1]]
[2020.04.12-00.58.04:104][  0]LogConfig: Setting CVar [[r.AOQuality:2]]
[2020.04.12-00.58.04:104][  0]LogConfig: Setting CVar [[r.VolumetricFog:1]]
[2020.04.12-00.58.04:104][  0]LogConfig: Setting CVar [[r.VolumetricFog.GridPixelSize:8]]
[2020.04.12-00.58.04:104][  0]LogConfig: Setting CVar [[r.VolumetricFog.GridSizeZ:128]]
[2020.04.12-00.58.04:104][  0]LogConfig: Setting CVar [[r.VolumetricFog.HistoryMissSupersampleCount:4]]
[2020.04.12-00.58.04:104][  0]LogConfig: Setting CVar [[r.LightMaxDrawDistanceScale:1]]
[2020.04.12-00.58.04:104][  0]LogConfig: Setting CVar [[r.CapsuleShadows:1]]
[2020.04.12-00.58.04:104][  0]LogConfig: Applying CVar settings from Section [PostProcessQuality@3] File [D:/Packt_New_Repository/Learning-Unreal-Engine-4-Game-Development-2nd-Edition-/FirstGame/Saved/Config/Windows/Scalability.ini]
[2020.04.12-00.58.04:104][  0]LogConfig: Setting CVar [[r.MotionBlurQuality:4]]
[2020.04.12-00.58.04:104][  0]LogConfig: Setting CVar [[r.AmbientOcclusionMipLevelFactor:0.4]]
[2020.04.12-00.58.04:104][  0]LogConfig: Setting CVar [[r.AmbientOcclusionMaxQuality:100]]
[2020.04.12-00.58.04:104][  0]LogConfig: Setting CVar [[r.AmbientOcclusionLevels:-1]]
[2020.04.12-00.58.04:104][  0]LogConfig: Setting CVar [[r.AmbientOcclusionRadiusScale:1.0]]
[2020.04.12-00.58.04:104][  0]LogConfig: Setting CVar [[r.DepthOfFieldQuality:2]]
[2020.04.12-00.58.04:104][  0]LogConfig: Setting CVar [[r.RenderTargetPoolMin:400]]
[2020.04.12-00.58.04:104][  0]LogConfig: Setting CVar [[r.LensFlareQuality:2]]
[2020.04.12-00.58.04:104][  0]LogConfig: Setting CVar [[r.SceneColorFringeQuality:1]]
[2020.04.12-00.58.04:104][  0]LogConfig: Setting CVar [[r.EyeAdaptationQuality:2]]
[2020.04.12-00.58.04:104][  0]LogConfig: Setting CVar [[r.BloomQuality:5]]
[2020.04.12-00.58.04:104][  0]LogConfig: Setting CVar [[r.FastBlurThreshold:100]]
[2020.04.12-00.58.04:104][  0]LogConfig: Setting CVar [[r.Upscale.Quality:3]]
[2020.04.12-00.58.04:104][  0]LogConfig: Setting CVar [[r.Tonemapper.GrainQuantization:1]]
[2020.04.12-00.58.04:104][  0]LogConfig: Setting CVar [[r.LightShaftQuality:1]]
[2020.04.12-00.58.04:104][  0]LogConfig: Setting CVar [[r.Filter.SizeScale:1]]
[2020.04.12-00.58.04:104][  0]LogConfig: Setting CVar [[r.Tonemapper.Quality:5]]
[2020.04.12-00.58.04:104][  0]LogConfig: Setting CVar [[r.DOF.Gather.AccumulatorQuality:1        ; higher gathering accumulator quality]]
[2020.04.12-00.58.04:104][  0]LogConfig: Setting CVar [[r.DOF.Gather.PostfilterMethod:1          ; Median3x3 postfilering method]]
[2020.04.12-00.58.04:104][  0]LogConfig: Setting CVar [[r.DOF.Gather.EnableBokehSettings:0       ; no bokeh simulation when gathering]]
[2020.04.12-00.58.04:104][  0]LogConfig: Setting CVar [[r.DOF.Gather.RingCount:4                 ; medium number of samples when gathering]]
[2020.04.12-00.58.04:104][  0]LogConfig: Setting CVar [[r.DOF.Scatter.ForegroundCompositing:1    ; additive foreground scattering]]
[2020.04.12-00.58.04:104][  0]LogConfig: Setting CVar [[r.DOF.Scatter.BackgroundCompositing:2    ; additive background scattering]]
[2020.04.12-00.58.04:104][  0]LogConfig: Setting CVar [[r.DOF.Scatter.EnableBokehSettings:1      ; bokeh simulation when scattering]]
[2020.04.12-00.58.04:104][  0]LogConfig: Setting CVar [[r.DOF.Scatter.MaxSpriteRatio:0.1         ; only a maximum of 10% of scattered bokeh]]
[2020.04.12-00.58.04:104][  0]LogConfig: Setting CVar [[r.DOF.Recombine.Quality:1                ; cheap slight out of focus]]
[2020.04.12-00.58.04:104][  0]LogConfig: Setting CVar [[r.DOF.Recombine.EnableBokehSettings:0    ; no bokeh simulation on slight out of focus]]
[2020.04.12-00.58.04:104][  0]LogConfig: Setting CVar [[r.DOF.TemporalAAQuality:1                ; more stable temporal accumulation]]
[2020.04.12-00.58.04:104][  0]LogConfig: Setting CVar [[r.DOF.Kernel.MaxForegroundRadius:0.025]]
[2020.04.12-00.58.04:104][  0]LogConfig: Setting CVar [[r.DOF.Kernel.MaxBackgroundRadius:0.025]]
[2020.04.12-00.58.04:104][  0]LogConfig: Applying CVar settings from Section [TextureQuality@3] File [D:/Packt_New_Repository/Learning-Unreal-Engine-4-Game-Development-2nd-Edition-/FirstGame/Saved/Config/Windows/Scalability.ini]
[2020.04.12-00.58.04:104][  0]LogConfig: Setting CVar [[r.Streaming.MipBias:0]]
[2020.04.12-00.58.04:104][  0]LogConfig: Setting CVar [[r.Streaming.AmortizeCPUToGPUCopy:0]]
[2020.04.12-00.58.04:104][  0]LogConfig: Setting CVar [[r.Streaming.MaxNumTexturesToStreamPerFrame:0]]
[2020.04.12-00.58.04:104][  0]LogConfig: Setting CVar [[r.Streaming.Boost:1]]
[2020.04.12-00.58.04:104][  0]LogConfig: Setting CVar [[r.MaxAnisotropy:8]]
[2020.04.12-00.58.04:104][  0]LogConfig: Setting CVar [[r.Streaming.LimitPoolSizeToVRAM:0]]
[2020.04.12-00.58.04:104][  0]LogConfig: Setting CVar [[r.Streaming.PoolSize:1000]]
[2020.04.12-00.58.04:104][  0]LogConfig: Setting CVar [[r.Streaming.MaxEffectiveScreenSize:0]]
[2020.04.12-00.58.04:104][  0]LogConfig: Applying CVar settings from Section [EffectsQuality@3] File [D:/Packt_New_Repository/Learning-Unreal-Engine-4-Game-Development-2nd-Edition-/FirstGame/Saved/Config/Windows/Scalability.ini]
[2020.04.12-00.58.04:104][  0]LogConfig: Setting CVar [[r.TranslucencyLightingVolumeDim:64]]
[2020.04.12-00.58.04:104][  0]LogConfig: Setting CVar [[r.RefractionQuality:2]]
[2020.04.12-00.58.04:104][  0]LogConfig: Setting CVar [[r.SSR.Quality:3]]
[2020.04.12-00.58.04:104][  0]LogConfig: Setting CVar [[r.SceneColorFormat:4]]
[2020.04.12-00.58.04:104][  0]LogConfig: Setting CVar [[r.DetailMode:2]]
[2020.04.12-00.58.04:104][  0]LogConfig: Setting CVar [[r.TranslucencyVolumeBlur:1]]
[2020.04.12-00.58.04:104][  0]LogConfig: Setting CVar [[r.MaterialQualityLevel:1 ; High quality]]
[2020.04.12-00.58.04:104][  0]LogConfig: Setting CVar [[r.SSS.Scale:1]]
[2020.04.12-00.58.04:104][  0]LogConfig: Setting CVar [[r.SSS.SampleSet:2]]
[2020.04.12-00.58.04:104][  0]LogConfig: Setting CVar [[r.SSS.Quality:1]]
[2020.04.12-00.58.04:104][  0]LogConfig: Setting CVar [[r.SSS.HalfRes:1]]
[2020.04.12-00.58.04:104][  0]LogConfig: Setting CVar [[r.EmitterSpawnRateScale:1.0]]
[2020.04.12-00.58.04:104][  0]LogConfig: Setting CVar [[r.ParticleLightQuality:2]]
[2020.04.12-00.58.04:104][  0]LogConfig: Applying CVar settings from Section [FoliageQuality@3] File [D:/Packt_New_Repository/Learning-Unreal-Engine-4-Game-Development-2nd-Edition-/FirstGame/Saved/Config/Windows/Scalability.ini]
[2020.04.12-00.58.04:105][  0]LogConfig: Setting CVar [[foliage.DensityScale:1.0]]
[2020.04.12-00.58.04:105][  0]LogConfig: Setting CVar [[grass.DensityScale:1.0]]
[2020.04.12-00.58.04:105][  0]LogConfig: Applying CVar settings from Section [Startup] File [../../../Engine/Config/ConsoleVariables.ini]
[2020.04.12-00.58.04:105][  0]LogConfig: Setting CVar [[net.UseAdaptiveNetUpdateFrequency:0]]
[2020.04.12-00.58.04:105][  0]LogConfig: Setting CVar [[p.chaos.AllowCreatePhysxBodies:1]]
[2020.04.12-00.58.04:105][  0]LogConfig: Applying CVar settings from Section [ConsoleVariables] File [D:/Packt_New_Repository/Learning-Unreal-Engine-4-Game-Development-2nd-Edition-/FirstGame/Saved/Config/Windows/Engine.ini]
[2020.04.12-00.58.04:107][  0]LogInit: Computer: DESKTOP-SKCHLRK
[2020.04.12-00.58.04:107][  0]LogInit: User: SethUlibarri
[2020.04.12-00.58.04:107][  0]LogInit: CPU Page size=4096, Cores=4
[2020.04.12-00.58.04:107][  0]LogInit: High frequency timer resolution =10.000000 MHz
[2020.04.12-00.58.04:107][  0]LogMemory: Memory total: Physical=15.9GB (16GB approx)
[2020.04.12-00.58.04:107][  0]LogMemory: Platform Memory Stats for Windows
[2020.04.12-00.58.04:107][  0]LogMemory: Process Physical Memory: 103.13 MB used, 103.13 MB peak
[2020.04.12-00.58.04:107][  0]LogMemory: Process Virtual Memory: 106.64 MB used, 106.64 MB peak
[2020.04.12-00.58.04:107][  0]LogMemory: Physical Memory: 10978.99 MB used,  5283.96 MB free, 16262.95 MB total
[2020.04.12-00.58.04:107][  0]LogMemory: Virtual Memory: 4680.27 MB used,  134213048.00 MB free, 134217728.00 MB total
[2020.04.12-00.58.04:111][  0]LogWindows: WindowsPlatformFeatures enabled
[2020.04.12-00.58.04:346][  0]LogInit: Using OS detected language (en-US).
[2020.04.12-00.58.04:346][  0]LogInit: Using OS detected locale (en-US).
[2020.04.12-00.58.04:348][  0]LogTextLocalizationManager: No specific localization for 'en-US' exists, so the 'en' localization will be used.
[2020.04.12-00.58.04:656][  0]LogInit: Setting process to per monitor DPI aware
[2020.04.12-00.58.04:749][  0]LogSlate: New Slate User Created.  User Index 0, Is Virtual User: 0
[2020.04.12-00.58.04:749][  0]LogSlate: Slate User Registered.  User Index 0, Is Virtual User: 0
[2020.04.12-00.58.06:963][  0]LogHMD: Failed to initialize OpenVR with code 126
[2020.04.12-00.58.06:963][  0]LogD3D11RHI: D3D11 adapters:
[2020.04.12-00.58.07:052][  0]LogD3D11RHI:    0. 'NVIDIA GeForce GTX 1070' (Feature Level 11_0)
[2020.04.12-00.58.07:052][  0]LogD3D11RHI:       8088/0/8131 MB DedicatedVideo/DedicatedSystem/SharedSystem, Outputs:1, VendorId:0x10de
[2020.04.12-00.58.07:083][  0]LogD3D11RHI:    1. 'Intel(R) HD Graphics 530' (Feature Level 11_0)
[2020.04.12-00.58.07:083][  0]LogD3D11RHI:       128/0/8131 MB DedicatedVideo/DedicatedSystem/SharedSystem, Outputs:1, VendorId:0x8086
[2020.04.12-00.58.07:088][  0]LogD3D11RHI:    2. 'Microsoft Basic Render Driver' (Feature Level 11_0)
[2020.04.12-00.58.07:088][  0]LogD3D11RHI:       0/0/8131 MB DedicatedVideo/DedicatedSystem/SharedSystem, Outputs:0, VendorId:0x1414
[2020.04.12-00.58.07:088][  0]LogD3D11RHI: Chosen D3D11 Adapter: 0
[2020.04.12-00.58.07:099][  0]LogD3D11RHI: Creating new Direct3DDevice
[2020.04.12-00.58.07:099][  0]LogD3D11RHI:     GPU DeviceId: 0x1b81 (for the marketing name, search the web for "GPU Device Id")
[2020.04.12-00.58.07:099][  0]LogWindows: EnumDisplayDevices:
[2020.04.12-00.58.07:099][  0]LogWindows:    0. 'NVIDIA GeForce GTX 1070' (P:1 D:1)
[2020.04.12-00.58.07:099][  0]LogWindows:    1. 'NVIDIA GeForce GTX 1070' (P:0 D:0)
[2020.04.12-00.58.07:099][  0]LogWindows:    2. 'NVIDIA GeForce GTX 1070' (P:0 D:0)
[2020.04.12-00.58.07:100][  0]LogWindows:    3. 'NVIDIA GeForce GTX 1070' (P:0 D:0)
[2020.04.12-00.58.07:100][  0]LogWindows:    4. 'Intel(R) HD Graphics 530' (P:0 D:1)
[2020.04.12-00.58.07:100][  0]LogWindows:    5. 'Intel(R) HD Graphics 530' (P:0 D:0)
[2020.04.12-00.58.07:100][  0]LogWindows:    6. 'Intel(R) HD Graphics 530' (P:0 D:0)
[2020.04.12-00.58.07:100][  0]LogWindows: DebugString: PrimaryIsNotTheChoosenAdapter PrimaryIsNotTheChoosenAdapter PrimaryIsNotTheChoosenAdapter FoundDriverCount:4 
[2020.04.12-00.58.07:100][  0]LogD3D11RHI:     Adapter Name: NVIDIA GeForce GTX 1070
[2020.04.12-00.58.07:101][  0]LogD3D11RHI:   Driver Version: 425.31 (internal:25.21.14.2531, unified:425.31)
[2020.04.12-00.58.07:101][  0]LogD3D11RHI:      Driver Date: 4-9-2019
[2020.04.12-00.58.07:101][  0]LogRHI: Texture pool is 5661 MB (70% of 8088 MB)
[2020.04.12-00.58.07:141][  0]LogD3D11RHI: Async texture creation enabled
[2020.04.12-00.58.07:181][  0]LogD3D11RHI: GPU Timing Frequency: 1000.000000 (Debug: 2 1)
[2020.04.12-00.58.07:498][  0]LogTemp: Display: Module 'AllDesktopTargetPlatform' loaded TargetPlatform 'AllDesktop'
[2020.04.12-00.58.07:506][  0]LogTemp: Display: Module 'MacClientTargetPlatform' loaded TargetPlatform 'MacClient'
[2020.04.12-00.58.07:515][  0]LogTemp: Display: Module 'MacNoEditorTargetPlatform' loaded TargetPlatform 'MacNoEditor'
[2020.04.12-00.58.07:523][  0]LogTemp: Display: Module 'MacServerTargetPlatform' loaded TargetPlatform 'MacServer'
[2020.04.12-00.58.07:536][  0]LogTemp: Display: Module 'MacTargetPlatform' loaded TargetPlatform 'Mac'
[2020.04.12-00.58.07:546][  0]LogTemp: Display: Module 'WindowsClientTargetPlatform' loaded TargetPlatform 'WindowsClient'
[2020.04.12-00.58.07:555][  0]LogTemp: Display: Module 'WindowsNoEditorTargetPlatform' loaded TargetPlatform 'WindowsNoEditor'
[2020.04.12-00.58.07:564][  0]LogTemp: Display: Module 'WindowsServerTargetPlatform' loaded TargetPlatform 'WindowsServer'
[2020.04.12-00.58.07:570][  0]LogTemp: Display: Module 'WindowsTargetPlatform' loaded TargetPlatform 'Windows'
[2020.04.12-00.58.07:608][  0]LogTemp: Display: Module 'AndroidTargetPlatform' loaded TargetPlatform 'Android'
[2020.04.12-00.58.07:608][  0]LogTemp: Display: Module 'AndroidTargetPlatform' loaded TargetPlatform 'Android_ASTC'
[2020.04.12-00.58.07:608][  0]LogTemp: Display: Module 'AndroidTargetPlatform' loaded TargetPlatform 'Android_ATC'
[2020.04.12-00.58.07:608][  0]LogTemp: Display: Module 'AndroidTargetPlatform' loaded TargetPlatform 'Android_DXT'
[2020.04.12-00.58.07:608][  0]LogTemp: Display: Module 'AndroidTargetPlatform' loaded TargetPlatform 'Android_ETC1'
[2020.04.12-00.58.07:608][  0]LogTemp: Display: Module 'AndroidTargetPlatform' loaded TargetPlatform 'Android_ETC1a'
[2020.04.12-00.58.07:608][  0]LogTemp: Display: Module 'AndroidTargetPlatform' loaded TargetPlatform 'Android_ETC2'
[2020.04.12-00.58.07:608][  0]LogTemp: Display: Module 'AndroidTargetPlatform' loaded TargetPlatform 'Android_PVRTC'
[2020.04.12-00.58.07:608][  0]LogTemp: Display: Module 'AndroidTargetPlatform' loaded TargetPlatform 'AndroidClient'
[2020.04.12-00.58.07:608][  0]LogTemp: Display: Module 'AndroidTargetPlatform' loaded TargetPlatform 'Android_ASTCClient'
[2020.04.12-00.58.07:608][  0]LogTemp: Display: Module 'AndroidTargetPlatform' loaded TargetPlatform 'Android_ATCClient'
[2020.04.12-00.58.07:608][  0]LogTemp: Display: Module 'AndroidTargetPlatform' loaded TargetPlatform 'Android_DXTClient'
[2020.04.12-00.58.07:608][  0]LogTemp: Display: Module 'AndroidTargetPlatform' loaded TargetPlatform 'Android_ETC1Client'
[2020.04.12-00.58.07:608][  0]LogTemp: Display: Module 'AndroidTargetPlatform' loaded TargetPlatform 'Android_ETC1aClient'
[2020.04.12-00.58.07:608][  0]LogTemp: Display: Module 'AndroidTargetPlatform' loaded TargetPlatform 'Android_ETC2Client'
[2020.04.12-00.58.07:608][  0]LogTemp: Display: Module 'AndroidTargetPlatform' loaded TargetPlatform 'Android_PVRTCClient'
[2020.04.12-00.58.07:608][  0]LogTemp: Display: Module 'AndroidTargetPlatform' loaded TargetPlatform 'Android_Multi'
[2020.04.12-00.58.07:608][  0]LogTemp: Display: Module 'AndroidTargetPlatform' loaded TargetPlatform 'Android_MultiClient'
[2020.04.12-00.58.07:611][  0]LogTemp: Display: Module 'HTML5TargetPlatform' loaded TargetPlatform 'HTML5'
[2020.04.12-00.58.07:640][  0]LogTemp: Display: Module 'IOSTargetPlatform' loaded TargetPlatform 'IOSClient'
[2020.04.12-00.58.07:640][  0]LogTemp: Display: Module 'IOSTargetPlatform' loaded TargetPlatform 'IOS'
[2020.04.12-00.58.07:652][  0]LogTemp: Display: Module 'TVOSTargetPlatform' loaded TargetPlatform 'TVOSClient'
[2020.04.12-00.58.07:652][  0]LogTemp: Display: Module 'TVOSTargetPlatform' loaded TargetPlatform 'TVOS'
[2020.04.12-00.58.07:660][  0]LogTemp: Display: Module 'LinuxClientTargetPlatform' loaded TargetPlatform 'LinuxClient'
[2020.04.12-00.58.07:668][  0]LogTemp: Display: Module 'LinuxNoEditorTargetPlatform' loaded TargetPlatform 'LinuxNoEditor'
[2020.04.12-00.58.07:676][  0]LogTemp: Display: Module 'LinuxServerTargetPlatform' loaded TargetPlatform 'LinuxServer'
[2020.04.12-00.58.07:691][  0]LogTemp: Display: Module 'LinuxTargetPlatform' loaded TargetPlatform 'Linux'
[2020.04.12-00.58.07:716][  0]LogTemp: Display: Module 'LuminTargetPlatform' loaded TargetPlatform 'Lumin'
[2020.04.12-00.58.07:716][  0]LogTemp: Display: Module 'LuminTargetPlatform' loaded TargetPlatform 'LuminClient'
[2020.04.12-00.58.07:716][  0]LogTargetPlatformManager: Display: Building Assets For Windows
[2020.04.12-00.58.07:730][  0]LogAudioDebug: Display: Lib vorbis DLL was dynamically loaded.
[2020.04.12-00.58.07:858][  0]LogShaderCompilers: Guid format shader working directory is -34 characters bigger than the processId version (D:/Packt_New_Repository/Learning-Unreal-Engine-4-Game-Development-2nd-Edition-/FirstGame/Intermediate/Shaders/WorkingDirectory/7928/).
[2020.04.12-00.58.07:859][  0]LogShaderCompilers: Cleaned the shader compiler working directory 'C:/Users/Seth Ulibarri/AppData/Local/Temp/UnrealShaderWorkingDir/31929CE343736751D6FE2388F5AC1AEC/'.
[2020.04.12-00.58.07:862][  0]LogXGEController: Cleaning working directory: C:/Users/Seth Ulibarri/AppData/Local/Temp/UnrealXGEWorkingDir/
[2020.04.12-00.58.07:863][  0]LogXGEController: Cannot use XGE Controller as Incredibuild is not installed on this machine.
[2020.04.12-00.58.07:863][  0]LogShaderCompilers: Cannot use XGE Shader Compiler as Incredibuild is not installed on this machine.
[2020.04.12-00.58.07:863][  0]LogShaderCompilers: Display: Using Local Shader Compiler.
[2020.04.12-00.58.10:066][  0]LogDerivedDataCache: Display: Max Cache Size: 512 MB
[2020.04.12-00.58.10:276][  0]LogDerivedDataCache: Loaded boot cache 0.21s 76MB C:/Users/Seth Ulibarri/AppData/Local/UnrealEngine/4.23/DerivedDataCache/Boot.ddc.
[2020.04.12-00.58.10:276][  0]LogDerivedDataCache: Display: Loaded Boot cache: C:/Users/Seth Ulibarri/AppData/Local/UnrealEngine/4.23/DerivedDataCache/Boot.ddc
[2020.04.12-00.58.10:276][  0]LogDerivedDataCache: FDerivedDataBackendGraph:  Pak pak cache file D:/Packt_New_Repository/Learning-Unreal-Engine-4-Game-Development-2nd-Edition-/FirstGame/DerivedDataCache/DDC.ddp not found, will not use a pak cache.
[2020.04.12-00.58.10:276][  0]LogDerivedDataCache: Unable to find inner node Pak for hierarchical cache Hierarchy.
[2020.04.12-00.58.10:276][  0]LogDerivedDataCache: FDerivedDataBackendGraph:  CompressedPak pak cache file D:/Packt_New_Repository/Learning-Unreal-Engine-4-Game-Development-2nd-Edition-/FirstGame/DerivedDataCache/Compressed.ddp not found, will not use a pak cache.
[2020.04.12-00.58.10:276][  0]LogDerivedDataCache: Unable to find inner node CompressedPak for hierarchical cache Hierarchy.
[2020.04.12-00.58.10:296][  0]LogDerivedDataCache: Display: Pak cache opened for reading ../../../Engine/DerivedDataCache/Compressed.ddp.
[2020.04.12-00.58.10:296][  0]LogDerivedDataCache: FDerivedDataBackendGraph:  EnterprisePak pak cache file ../../../Enterprise/DerivedDataCache/Compressed.ddp not found, will not use a pak cache.
[2020.04.12-00.58.10:296][  0]LogDerivedDataCache: Unable to find inner node EnterprisePak for hierarchical cache Hierarchy.
[2020.04.12-00.58.10:297][  0]LogDerivedDataCache: Using Local data cache path C:/Users/Seth Ulibarri/AppData/Local/UnrealEngine/Common/DerivedDataCache: Writable
[2020.04.12-00.58.10:297][  0]LogDerivedDataCache: Shared data cache path not found in *engine.ini, will not use an Shared cache.
[2020.04.12-00.58.10:297][  0]LogDerivedDataCache: Unable to find inner node Shared for hierarchical cache Hierarchy.
[2020.04.12-00.58.10:317][  0]LogMaterial: Verifying Global Shaders for PCD3D_SM5
[2020.04.12-00.58.10:328][  0]LogSlate: Using FreeType 2.6.0
[2020.04.12-00.58.10:346][  0]LogSlate: SlateFontServices - WITH_FREETYPE: 1, WITH_HARFBUZZ: 1
[2020.04.12-00.58.10:617][  0]LogAssetRegistry: FAssetRegistry took 0.0050 seconds to start up
[2020.04.12-00.58.11:140][  0]LogInit: Selected Device Profile: [Windows]
[2020.04.12-00.58.11:470][  0]LogMeshReduction: Using QuadricMeshReduction for automatic static mesh reduction
[2020.04.12-00.58.11:470][  0]LogMeshReduction: Using SimplygonMeshReduction for automatic skeletal mesh reduction
[2020.04.12-00.58.11:470][  0]LogMeshReduction: Using ProxyLODMeshReduction for automatic mesh merging
[2020.04.12-00.58.11:470][  0]LogMeshReduction: No distributed automatic mesh merging module available
[2020.04.12-00.58.11:470][  0]LogMeshMerging: No distributed automatic mesh merging module available
[2020.04.12-00.58.11:534][  0]LogNetVersion: FirstGame 1.0.0, NetCL: 8386587, EngineNetVer: 11, GameNetVer: 0 (Checksum: 2093783489)
[2020.04.12-00.58.12:758][  0]LogPackageLocalizationCache: Processed 12 localized package path(s) for 1 prioritized culture(s) in 0.039693 seconds
[2020.04.12-00.58.12:764][  0]LogUObjectArray: 43444 objects as part of root set at end of initial load.
[2020.04.12-00.58.12:764][  0]LogUObjectAllocator: 7548648 out of 0 bytes used by permanent object pool.
[2020.04.12-00.58.12:764][  0]LogUObjectArray: CloseDisregardForGC: 0/0 objects in disregard for GC pool
[2020.04.12-00.58.16:006][  0]LogTcpMessaging: Initializing TcpMessaging bridge
[2020.04.12-00.58.16:015][  0]LogUdpMessaging: Initializing bridge on interface 0.0.0.0:0 to multicast group 230.0.0.1:6666.
[2020.04.12-00.58.16:163][  0]SourceControl: Source control is disabled
[2020.04.12-00.58.16:893][  0]LogAndroidPermission: UAndroidPermissionCallbackProxy::GetInstance
[2020.04.12-00.58.17:153][  0]LogOcInput: OculusInput pre-init called
[2020.04.12-00.58.17:884][  0]LogEngine: Initializing Engine...
[2020.04.12-00.58.17:916][  0]LogHMD: Failed to initialize OpenVR with code 126
[2020.04.12-00.58.17:923][  0]LogStats: UGameplayTagsManager::InitializeManager -  0.002 s
[2020.04.12-00.58.18:289][  0]LogInit: Initializing FReadOnlyCVARCache
[2020.04.12-00.58.18:364][  0]LogAIModule: Creating AISystem for world Untitled
[2020.04.12-00.58.18:424][  0]LogInit: XAudio2 using 'Headphones (High Definition Audio Device)' : 2 channels at 44.1 kHz using 16 bits per sample (channel mask 0x3)
[2020.04.12-00.58.18:443][  0]LogInit: FAudioDevice initialized.
[2020.04.12-00.58.18:444][  0]LogNetVersion: Set ProjectVersion to 1.0.0.0. Version Checksum will be recalculated on next use.
[2020.04.12-00.58.18:511][  0]LogDerivedDataCache: Saved boot cache 0.07s 76MB C:/Users/Seth Ulibarri/AppData/Local/UnrealEngine/4.23/DerivedDataCache/Boot.ddc.
[2020.04.12-00.58.18:520][  0]LogInit: Texture streaming: Enabled
[2020.04.12-00.58.18:565][  0]LogEngineSessionManager: EngineSessionManager initialized
[2020.04.12-00.58.18:566][  0]LogEngineSessionManager: EngineSessionManager sent abnormal shutdown report. Type=Crashed, SessionId={CA9C3F98-46E5-55C2-2C6F-DCA326CC31DA}
[2020.04.12-00.58.18:566][  0]LogEditorSessionSummary: Verbose: Initializing EditorSessionSummaryWriter for editor session tracking
[2020.04.12-00.58.18:567][  0]LogEditorSessionSummary: EditorSessionSummaryWriter initialized
[2020.04.12-00.58.18:658][  0]LogInit: Transaction tracking system initialized
[2020.04.12-00.58.18:742][  0]BlueprintLog: New page: Editor Load
[2020.04.12-00.58.18:926][  0]LocalizationService: Localization service is disabled
[2020.04.12-00.58.19:212][  0]LogLinker: Warning: Failed to load '/Game/100+crosshairspack/Demo/100+CrosshairsPack_Tutorial': Can't find file.
[2020.04.12-00.58.19:212][  0]LogLinker: Warning: Failed to load '/Game/100+crosshairspack/Demo/100+CrosshairsPack_Tutorial': Can't find file.
[2020.04.12-00.58.19:212][  0]LogUObjectGlobals: Warning: Failed to find object 'Class /Game/100+crosshairspack/Demo/100+CrosshairsPack_Tutorial.100+CrosshairsPack_Tutorial_C'
[2020.04.12-00.58.19:688][  0]LogFileCache: Scanning file cache for directory 'D:/Packt_New_Repository/Learning-Unreal-Engine-4-Game-Development-2nd-Edition-/FirstGame/Content/' took 0.01s
[2020.04.12-00.58.19:688][  0]LogCook: Display: Max memory allowance for cook 16384mb min free memory 0mb
[2020.04.12-00.58.19:688][  0]LogCook: Display: Mobile HDR setting 1
[2020.04.12-00.58.20:209][  0]LightingResults: New page: Lighting Build
[2020.04.12-00.58.20:221][  0]LogWorld: UWorld::CleanupWorld for Untitled, bSessionEnded=true, bCleanupResources=true
[2020.04.12-00.58.20:227][  0]MapCheck: New page: Map Check
[2020.04.12-00.58.20:227][  0]LightingResults: New page: Lighting Build
[2020.04.12-00.58.20:263][  0]LogUObjectHash: Compacting FUObjectHashTables data took   1.56ms
[2020.04.12-00.58.24:673][  0]LogAIModule: Creating AISystem for world ThirdPersonExampleMap
[2020.04.12-00.58.24:749][  0]LogEditorServer: Finished looking for orphan Actors (0.000 secs)
[2020.04.12-00.58.24:789][  0]LogUObjectHash: Compacting FUObjectHashTables data took   1.78ms
[2020.04.12-00.58.24:791][  0]Cmd: MAP CHECKDEP NOCLEARLOG
[2020.04.12-00.58.24:792][  0]MapCheck: Map check complete: 0 Error(s), 0 Warning(s), took 0.448ms to complete.
[2020.04.12-00.58.24:792][  0]LogFileHelpers: Loading map 'ThirdPersonExampleMap' took 4.604
[2020.04.12-00.58.25:067][  0]LogSlate: Updating window title bar state: overlay mode, drag disabled, window buttons hidden, title bar hidden
[2020.04.12-00.58.25:075][  0]LogSlate: Updating window title bar state: overlay mode, drag disabled, window buttons hidden, title bar hidden
[2020.04.12-00.58.25:082][  0]LogSlate: Updating window title bar state: overlay mode, drag disabled, window buttons hidden, title bar hidden
[2020.04.12-00.58.25:089][  0]LogSlate: Updating window title bar state: overlay mode, drag disabled, window buttons hidden, title bar hidden
[2020.04.12-00.58.25:112][  0]LogCollectionManager: Loaded 0 collections in 0.001768 seconds
[2020.04.12-00.58.25:142][  0]LogFileCache: Scanning file cache for directory 'D:/Packt_New_Repository/Learning-Unreal-Engine-4-Game-Development-2nd-Edition-/FirstGame/Saved/Collections/' took 0.00s
[2020.04.12-00.58.25:142][  0]LogFileCache: Scanning file cache for directory 'D:/Packt_New_Repository/Learning-Unreal-Engine-4-Game-Development-2nd-Edition-/FirstGame/Content/Developers/SethUlibarri/Collections/' took 0.00s
[2020.04.12-00.58.25:142][  0]LogFileCache: Scanning file cache for directory 'D:/Packt_New_Repository/Learning-Unreal-Engine-4-Game-Development-2nd-Edition-/FirstGame/Content/Collections/' took 0.00s
[2020.04.12-00.58.25:142][  0]LogCollectionManager: Rebuilt the GUID cache for 0 collections in 0.000005 seconds
[2020.04.12-00.58.25:155][  0]LogContentBrowser: Native class hierarchy populated in 0.0100 seconds. Added 2880 classes and 682 folders.
[2020.04.12-00.58.25:173][  0]LogContentBrowser: Native class hierarchy updated for 'WidgetCarousel' in 0.0003 seconds. Added 0 classes and 0 folders.
[2020.04.12-00.58.25:496][  0]LogContentBrowser: Native class hierarchy updated for 'AddContentDialog' in 0.0002 seconds. Added 0 classes and 0 folders.
[2020.04.12-00.58.25:515][  0]LogContentBrowser: Native class hierarchy updated for 'SceneOutliner' in 0.0003 seconds. Added 1 classes and 2 folders.
[2020.04.12-00.58.25:749][  0]LogSlate: Took 0.007889 seconds to synchronously load lazily loaded font '../../../Engine/Content/Slate/Fonts/Roboto-Regular.ttf' (155K)
[2020.04.12-00.58.25:760][  0]LogSlate: Took 0.006323 seconds to synchronously load lazily loaded font '../../../Engine/Content/Slate/Fonts/Roboto-Bold.ttf' (160K)
[2020.04.12-00.58.25:771][  0]LogSlate: Took 0.006343 seconds to synchronously load lazily loaded font '../../../Engine/Content/Editor/Slate/Fonts/FontAwesome.ttf' (139K)
[2020.04.12-00.58.25:898][  0]LogRenderer: Reallocating scene render targets to support 1036x488 Format 10 NumSamples 1 (Frame:1).
[2020.04.12-00.58.26:099][  0]LogContentBrowser: Native class hierarchy updated for 'HierarchicalLODOutliner' in 0.0003 seconds. Added 0 classes and 0 folders.
[2020.04.12-00.58.26:099][  0]LogLoad: (Engine Initialization) Total time: 25.08 seconds
[2020.04.12-00.58.26:099][  0]LogLoad: (Engine Initialization) Total Blueprint compile time: 0.00 seconds
[2020.04.12-00.58.26:114][  0]Cmd: ACTOR HIDE SELECTED
[2020.04.12-00.58.26:220][  0]LogContentStreaming: Texture pool size now 1000 MB
[2020.04.12-00.58.26:266][  0]LogSlate: Took 0.005349 seconds to synchronously load lazily loaded font '../../../Engine/Content/Slate/Fonts/Roboto-Light.ttf' (167K)
[2020.04.12-00.58.27:157][ 16]LogAssetRegistry: Asset discovery search completed in 16.5400 seconds
[2020.04.12-00.58.27:161][ 16]LogCollectionManager: Rebuilt the object cache for 0 collections in 0.000005 seconds (found 0 objects)
[2020.04.12-00.58.27:161][ 16]LogCollectionManager: Fixed up redirectors for 0 collections in 0.000083 seconds (updated 0 objects)
[2020.04.12-00.58.41:612][ 76]LogSlate: FSceneViewport::OnFocusLost() reason 0
[2020.04.12-00.58.50:016][ 53]LogUObjectHash: Compacting FUObjectHashTables data took   0.52ms
[2020.04.12-00.58.50:099][ 53]LogSlate: Window 'FirstGame - Unreal Editor' being destroyed
[2020.04.12-00.58.50:100][ 53]LogWindowsTextInputMethodSystem: Display: IME system now deactivated.
[2020.04.12-00.58.50:223][ 54]Cmd: QUIT_EDITOR
[2020.04.12-00.58.50:266][ 54]LogExit: Preparing to exit.
[2020.04.12-00.58.51:071][ 54]LogWorld: UWorld::CleanupWorld for World_1, bSessionEnded=true, bCleanupResources=true
[2020.04.12-00.58.51:071][ 54]LogWorld: UWorld::CleanupWorld for World_2, bSessionEnded=true, bCleanupResources=true
[2020.04.12-00.58.51:071][ 54]LogWorld: UWorld::CleanupWorld for World_3, bSessionEnded=true, bCleanupResources=true
[2020.04.12-00.58.51:072][ 54]LogWorld: UWorld::CleanupWorld for World_0, bSessionEnded=true, bCleanupResources=true
[2020.04.12-00.58.51:087][ 54]LogDemo: Cleaned up 0 splitscreen connections with owner deletion
[2020.04.12-00.58.51:105][ 54]LogWorld: UWorld::CleanupWorld for None, bSessionEnded=true, bCleanupResources=true
[2020.04.12-00.58.51:106][ 54]LogExit: Editor shut down
[2020.04.12-00.58.51:106][ 54]LogExit: Transaction tracking system shut down
[2020.04.12-00.58.51:468][ 54]LogExit: Object subsystem successfully closed.
[2020.04.12-00.58.51:492][ 54]LogShaderCompilers: Display: Shaders left to compile 0
[2020.04.12-00.58.51:542][ 54]LogModuleManager: Shutting down and abandoning module HierarchicalLODOutliner (670)
[2020.04.12-00.58.51:542][ 54]LogModuleManager: Shutting down and abandoning module SceneOutliner (668)
[2020.04.12-00.58.51:542][ 54]LogModuleManager: Shutting down and abandoning module AddContentDialog (666)
[2020.04.12-00.58.51:543][ 54]LogModuleManager: Shutting down and abandoning module WidgetCarousel (665)
[2020.04.12-00.58.51:543][ 54]LogModuleManager: Shutting down and abandoning module EditorWidgets (662)
[2020.04.12-00.58.51:543][ 54]LogModuleManager: Shutting down and abandoning module CollectionManager (660)
[2020.04.12-00.58.51:543][ 54]LogModuleManager: Shutting down and abandoning module StatsViewer (658)
[2020.04.12-00.58.51:544][ 54]LogModuleManager: Shutting down and abandoning module VirtualTexturingEditor (656)
[2020.04.12-00.58.51:545][ 54]LogModuleManager: Shutting down and abandoning module FoliageEdit (654)
[2020.04.12-00.58.51:545][ 54]LogModuleManager: Shutting down and abandoning module LandscapeEditor (652)
[2020.04.12-00.58.51:547][ 54]LogModuleManager: Shutting down and abandoning module MeshPaintMode (650)
[2020.04.12-00.58.51:548][ 54]LogModuleManager: Shutting down and abandoning module SceneDepthPickerMode (648)
[2020.04.12-00.58.51:548][ 54]LogModuleManager: Shutting down and abandoning module ActorPickerMode (646)
[2020.04.12-00.58.51:548][ 54]LogModuleManager: Shutting down and abandoning module GeometryMode (644)
[2020.04.12-00.58.51:548][ 54]LogModuleManager: Shutting down and abandoning module TextureAlignMode (642)
[2020.04.12-00.58.51:548][ 54]LogModuleManager: Shutting down and abandoning module BspMode (640)
[2020.04.12-00.58.51:548][ 54]LogModuleManager: Shutting down and abandoning module PIEPreviewDeviceProfileSelector (638)
[2020.04.12-00.58.51:549][ 54]LogModuleManager: Shutting down and abandoning module SequenceRecorderSections (636)
[2020.04.12-00.58.51:549][ 54]LogModuleManager: Shutting down and abandoning module AutomationWorker (634)
[2020.04.12-00.58.51:549][ 54]LogModuleManager: Shutting down and abandoning module OculusMR (632)
[2020.04.12-00.58.51:549][ 54]LogModuleManager: Shutting down and abandoning module AudioCaptureEditor (630)
[2020.04.12-00.58.51:549][ 54]LogModuleManager: Shutting down and abandoning module MatineeToLevelSequence (628)
[2020.04.12-00.58.51:550][ 54]LogModuleManager: Shutting down and abandoning module LevelSequenceEditor (626)
[2020.04.12-00.58.51:552][ 54]LogModuleManager: Shutting down and abandoning module PlacementMode (625)
[2020.04.12-00.58.51:552][ 54]LogModuleManager: Shutting down and abandoning module MaterialEditor (624)
[2020.04.12-00.58.51:554][ 54]LogModuleManager: Shutting down and abandoning module ActorSequenceEditor (620)
[2020.04.12-00.58.51:555][ 54]LogModuleManager: Shutting down and abandoning module WmfMediaFactory (618)
[2020.04.12-00.58.51:555][ 54]LogModuleManager: Shutting down and abandoning module WmfMediaEditor (616)
[2020.04.12-00.58.51:555][ 54]LogModuleManager: Shutting down and abandoning module WebMMediaFactory (614)
[2020.04.12-00.58.51:555][ 54]LogModuleManager: Shutting down and abandoning module WebMMediaEditor (612)
[2020.04.12-00.58.51:555][ 54]LogModuleManager: Shutting down and abandoning module WebMMedia (610)
[2020.04.12-00.58.51:555][ 54]LogModuleManager: Shutting down and abandoning module MediaPlayerEditor (608)
[2020.04.12-00.58.51:556][ 54]LogModuleManager: Shutting down and abandoning module MediaCompositingEditor (606)
[2020.04.12-00.58.51:558][ 54]LogModuleManager: Shutting down and abandoning module SequenceRecorder (605)
[2020.04.12-00.58.51:558][ 54]LogModuleManager: Shutting down and abandoning module OpenExrWrapper (602)
[2020.04.12-00.58.51:558][ 54]LogModuleManager: Shutting down and abandoning module ImgMediaFactory (600)
[2020.04.12-00.58.51:558][ 54]LogModuleManager: Shutting down and abandoning module ImgMediaEditor (598)
[2020.04.12-00.58.51:558][ 54]LogModuleManager: Shutting down and abandoning module AvfMediaFactory (596)
[2020.04.12-00.58.51:558][ 54]LogModuleManager: Shutting down and abandoning module AvfMediaEditor (594)
[2020.04.12-00.58.51:558][ 54]LogModuleManager: Shutting down and abandoning module AndroidMediaFactory (592)
[2020.04.12-00.58.51:558][ 54]LogModuleManager: Shutting down and abandoning module AndroidMediaEditor (590)
[2020.04.12-00.58.51:558][ 54]LogModuleManager: Shutting down and abandoning module MagicLeapCameraPreviewFactory (588)
[2020.04.12-00.58.51:558][ 54]LogModuleManager: Shutting down and abandoning module MagicLeapMediaCodecFactory (586)
[2020.04.12-00.58.51:558][ 54]LogModuleManager: Shutting down and abandoning module MagicLeapMediaFactory (584)
[2020.04.12-00.58.51:558][ 54]LogModuleManager: Shutting down and abandoning module MagicLeapMediaEditor (582)
[2020.04.12-00.58.51:558][ 54]LogModuleManager: Shutting down and abandoning module CharacterAI (580)
[2020.04.12-00.58.51:558][ 54]LogModuleManager: Shutting down and abandoning module SmartSnapping (578)
[2020.04.12-00.58.51:558][ 54]LogModuleManager: Shutting down and abandoning module SessionServices (576)
[2020.04.12-00.58.51:558][ 54]LogModuleManager: Shutting down and abandoning module MeshPaint (574)
[2020.04.12-00.58.51:559][ 54]LogModuleManager: Shutting down and abandoning module ViewportSnapping (572)
[2020.04.12-00.58.51:559][ 54]LogModuleManager: Shutting down and abandoning module ViewportInteraction (570)
[2020.04.12-00.58.51:560][ 54]LogModuleManager: Shutting down and abandoning module ClothPainter (568)
[2020.04.12-00.58.51:561][ 54]LogModuleManager: Shutting down and abandoning module SkeletalMeshEditor (567)
[2020.04.12-00.58.51:562][ 54]LogModuleManager: Shutting down and abandoning module LogVisualizer (564)
[2020.04.12-00.58.51:564][ 54]LogModuleManager: Shutting down and abandoning module IntroTutorials (562)
[2020.04.12-00.58.51:564][ 54]LogModuleManager: Shutting down and abandoning module GameProjectGeneration (561)
[2020.04.12-00.58.51:564][ 54]LogModuleManager: Shutting down and abandoning module LuminPlatformEditor (558)
[2020.04.12-00.58.51:564][ 54]LogModuleManager: Shutting down and abandoning module IOSPlatformEditor (556)
[2020.04.12-00.58.51:564][ 54]LogModuleManager: Shutting down and abandoning module HTML5PlatformEditor (554)
[2020.04.12-00.58.51:564][ 54]LogModuleManager: Shutting down and abandoning module AndroidPlatformEditor (552)
[2020.04.12-00.58.51:564][ 54]LogModuleManager: Shutting down and abandoning module AndroidDeviceDetection (551)
[2020.04.12-00.58.53:014][ 54]LogModuleManager: Shutting down and abandoning module WindowsPlatformEditor (548)
[2020.04.12-00.58.53:014][ 54]LogModuleManager: Shutting down and abandoning module LuminRuntimeSettings (546)
[2020.04.12-00.58.53:014][ 54]LogModuleManager: Shutting down and abandoning module IOSRuntimeSettings (544)
[2020.04.12-00.58.53:014][ 54]LogModuleManager: Shutting down and abandoning module AndroidRuntimeSettings (542)
[2020.04.12-00.58.53:014][ 54]LogModuleManager: Shutting down and abandoning module TimeManagementEditor (540)
[2020.04.12-00.58.53:014][ 54]LogModuleManager: Shutting down and abandoning module InputBindingEditor (538)
[2020.04.12-00.58.53:021][ 54]LogModuleManager: Shutting down and abandoning module MergeActors (536)
[2020.04.12-00.58.53:023][ 54]LogModuleManager: Shutting down and abandoning module LocalizationDashboard (534)
[2020.04.12-00.58.53:024][ 54]LogModuleManager: Shutting down and abandoning module LocalizationService (533)
[2020.04.12-00.58.53:025][ 54]LogModuleManager: Shutting down and abandoning module HardwareTargeting (530)
[2020.04.12-00.58.53:025][ 54]LogModuleManager: Shutting down and abandoning module DeviceProfileEditor (528)
[2020.04.12-00.58.53:025][ 54]LogModuleManager: Shutting down and abandoning module UndoHistory (526)
[2020.04.12-00.58.53:026][ 54]LogModuleManager: Shutting down and abandoning module XmlParser (524)
[2020.04.12-00.58.53:026][ 54]LogModuleManager: Shutting down and abandoning module Blutility (522)
[2020.04.12-00.58.53:026][ 54]LogModuleManager: Shutting down and abandoning module ProjectSettingsViewer (520)
[2020.04.12-00.58.53:026][ 54]LogModuleManager: Shutting down and abandoning module ProjectTargetPlatformEditor (519)
[2020.04.12-00.58.53:026][ 54]LogModuleManager: Shutting down and abandoning module EditorSettingsViewer (516)
[2020.04.12-00.58.53:026][ 54]LogModuleManager: Shutting down and abandoning module SettingsEditor (514)
[2020.04.12-00.58.53:027][ 54]LogModuleManager: Shutting down and abandoning module ProjectLauncher (512)
[2020.04.12-00.58.53:027][ 54]LogModuleManager: Shutting down and abandoning module SessionFrontend (510)
[2020.04.12-00.58.53:028][ 54]LogModuleManager: Shutting down and abandoning module ProfilerClient (508)
[2020.04.12-00.58.53:028][ 54]LogModuleManager: Shutting down and abandoning module DeviceManager (506)
[2020.04.12-00.58.53:029][ 54]LogModuleManager: Shutting down and abandoning module TargetDeviceServices (505)
[2020.04.12-00.58.53:074][ 54]LogModuleManager: Shutting down and abandoning module AutomationController (502)
[2020.04.12-00.58.53:074][ 54]LogModuleManager: Shutting down and abandoning module AutomationWindow (500)
[2020.04.12-00.58.53:075][ 54]LogModuleManager: Shutting down and abandoning module Layers (498)
[2020.04.12-00.58.53:078][ 54]LogModuleManager: Shutting down and abandoning module ComponentVisualizers (496)
[2020.04.12-00.58.53:078][ 54]LogModuleManager: Shutting down and abandoning module DetailCustomizations (494)
[2020.04.12-00.58.53:078][ 54]LogModuleManager: Shutting down and abandoning module PackagesDialog (492)
[2020.04.12-00.58.53:079][ 54]LogModuleManager: Shutting down and abandoning module AnimationBlueprintEditor (490)
[2020.04.12-00.58.53:082][ 54]LogModuleManager: Shutting down and abandoning module Persona (488)
[2020.04.12-00.58.53:083][ 54]LogModuleManager: Shutting down and abandoning module AdvancedPreviewScene (487)
[2020.04.12-00.58.53:083][ 54]LogModuleManager: Shutting down and abandoning module AnimGraph (485)
[2020.04.12-00.58.53:083][ 54]LogModuleManager: Shutting down and abandoning module Kismet (482)
[2020.04.12-00.58.53:087][ 54]LogModuleManager: Shutting down and abandoning module KismetWidgets (481)
[2020.04.12-00.58.53:087][ 54]LogModuleManager: Shutting down and abandoning module GraphEditor (478)
[2020.04.12-00.58.53:089][ 54]LogModuleManager: Shutting down and abandoning module StructViewer (476)
[2020.04.12-00.58.53:089][ 54]LogModuleManager: Shutting down and abandoning module ClassViewer (474)
[2020.04.12-00.58.53:089][ 54]LogModuleManager: Shutting down and abandoning module Toolbox (472)
[2020.04.12-00.58.53:089][ 54]LogModuleManager: Shutting down and abandoning module DesktopPlatform (471)
[2020.04.12-00.58.53:090][ 54]LogModuleManager: Shutting down and abandoning module ModuleUI (468)
[2020.04.12-00.58.53:091][ 54]LogModuleManager: Shutting down and abandoning module MovieSceneTools (466)
[2020.04.12-00.58.53:091][ 54]LogModuleManager: Shutting down and abandoning module OutputLog (464)
[2020.04.12-00.58.53:092][ 54]LogModuleManager: Shutting down and abandoning module GammaUI (462)
[2020.04.12-00.58.53:092][ 54]LogModuleManager: Shutting down and abandoning module Documentation (460)
[2020.04.12-00.58.53:092][ 54]LogModuleManager: Shutting down and abandoning module LiveCoding (458)
[2020.04.12-00.58.53:093][ 54]LogModuleManager: Shutting down and abandoning module LevelSequence (456)
[2020.04.12-00.58.53:093][ 54]LogModuleManager: Shutting down and abandoning module MovieSceneTracks (454)
[2020.04.12-00.58.53:093][ 54]LogModuleManager: Shutting down and abandoning module MovieScene (452)
[2020.04.12-00.58.53:093][ 54]LogModuleManager: Shutting down and abandoning module StreamingPauseRendering (450)
[2020.04.12-00.58.53:093][ 54]LogModuleManager: Shutting down and abandoning module LauncherPlatform (448)
[2020.04.12-00.58.53:094][ 54]LogModuleManager: Shutting down and abandoning module AnalyticsET (446)
[2020.04.12-00.58.53:094][ 54]LogModuleManager: Shutting down and abandoning module PortalServices (444)
[2020.04.12-00.58.53:094][ 54]LogModuleManager: Shutting down and abandoning module PortalRpc (442)
[2020.04.12-00.58.53:094][ 54]LogModuleManager: Shutting down and abandoning module MessagingRpc (440)
[2020.04.12-00.58.53:094][ 54]LogModuleManager: Shutting down and abandoning module AIModule (438)
[2020.04.12-00.58.53:094][ 54]LogModuleManager: Shutting down and abandoning module GameplayDebugger (437)
[2020.04.12-00.58.53:095][ 54]LogModuleManager: Shutting down and abandoning module AITestSuite (435)
[2020.04.12-00.58.53:095][ 54]LogModuleManager: Shutting down and abandoning module NavigationSystem (433)
[2020.04.12-00.58.53:095][ 54]LogModuleManager: Shutting down and abandoning module ImageWriteQueue (430)
[2020.04.12-00.58.53:097][ 54]LogModuleManager: Shutting down and abandoning module ProfilerService (428)
[2020.04.12-00.58.53:208][ 54]LogModuleManager: Shutting down and abandoning module TaskGraph (426)
[2020.04.12-00.58.53:214][ 54]LogModuleManager: Shutting down and abandoning module ScreenshotTools (424)
[2020.04.12-00.58.53:214][ 54]LogModuleManager: Shutting down and abandoning module SteamVRController (422)
[2020.04.12-00.58.53:214][ 54]LogModuleManager: Shutting down and abandoning module ProceduralMeshComponentEditor (420)
[2020.04.12-00.58.53:214][ 54]LogModuleManager: Shutting down and abandoning module ProceduralMeshComponent (418)
[2020.04.12-00.58.53:214][ 54]LogModuleManager: Shutting down and abandoning module OculusEditor (416)
[2020.04.12-00.58.53:214][ 54]LogModuleManager: Shutting down and abandoning module OculusInput (414)
[2020.04.12-00.58.53:214][ 54]LogModuleManager: Shutting down and abandoning module MobilePatchingUtils (412)
[2020.04.12-00.58.53:214][ 54]LogModuleManager: Shutting down and abandoning module EditableMesh (410)
[2020.04.12-00.58.53:214][ 54]LogModuleManager: Shutting down and abandoning module CustomMeshComponent (408)
[2020.04.12-00.58.53:214][ 54]LogModuleManager: Shutting down and abandoning module CableComponent (406)
[2020.04.12-00.58.53:214][ 54]LogModuleManager: Shutting down and abandoning module AudioCapture (404)
[2020.04.12-00.58.53:214][ 54]LogModuleManager: Shutting down and abandoning module ArchVisCharacter (402)
[2020.04.12-00.58.53:214][ 54]LogModuleManager: Shutting down and abandoning module AppleImageUtilsBlueprintSupport (400)
[2020.04.12-00.58.53:214][ 54]LogModuleManager: Shutting down and abandoning module AppleImageUtils (398)
[2020.04.12-00.58.53:214][ 54]LogModuleManager: Shutting down and abandoning module AndroidPermission (396)
[2020.04.12-00.58.53:215][ 54]LogModuleManager: Shutting down and abandoning module NUTUnrealEngine4 (394)
[2020.04.12-00.58.53:215][ 54]LogModuleManager: Shutting down and abandoning module NetcodeUnitTest (392)
[2020.04.12-00.58.53:215][ 54]LogModuleManager: Shutting down and abandoning module MediaCompositing (390)
[2020.04.12-00.58.53:215][ 54]LogModuleManager: Shutting down and abandoning module ImgMedia (388)
[2020.04.12-00.58.53:216][ 54]LogModuleManager: Shutting down and abandoning module MagicLeapHelperVulkan (386)
[2020.04.12-00.58.53:216][ 54]LogModuleManager: Shutting down and abandoning module MagicLeapHelperOpenGL (384)
[2020.04.12-00.58.53:216][ 54]LogModuleManager: Shutting down and abandoning module MagicLeapAudio (382)
[2020.04.12-00.58.53:216][ 54]LogModuleManager: Shutting down and abandoning module HTML5Networking (380)
[2020.04.12-00.58.53:216][ 54]LogModuleManager: Shutting down and abandoning module GeometryCacheTracks (378)
[2020.04.12-00.58.53:216][ 54]LogModuleManager: Shutting down and abandoning module GeometryCacheSequencer (376)
[2020.04.12-00.58.53:216][ 54]LogModuleManager: Shutting down and abandoning module BackChannel (374)
[2020.04.12-00.58.53:216][ 54]LogModuleManager: Shutting down and abandoning module AutomationUtilsEditor (372)
[2020.04.12-00.58.53:216][ 54]LogModuleManager: Shutting down and abandoning module AutomationUtils (370)
[2020.04.12-00.58.53:216][ 54]LogModuleManager: Shutting down and abandoning module AlembicImporter (368)
[2020.04.12-00.58.53:216][ 54]LogModuleManager: Shutting down and abandoning module AlembicLibrary (367)
[2020.04.12-00.58.53:216][ 54]LogModuleManager: Shutting down and abandoning module GeometryCache (366)
[2020.04.12-00.58.53:216][ 54]LogModuleManager: Shutting down and abandoning module GeometryCacheEd (365)
[2020.04.12-00.58.53:216][ 54]LogModuleManager: Shutting down and abandoning module VariantManagerContent (360)
[2020.04.12-00.58.53:216][ 54]LogModuleManager: Shutting down and abandoning module DatasmithContentEditor (358)
[2020.04.12-00.58.53:216][ 54]LogModuleManager: Shutting down and abandoning module SpeedTreeImporter (356)
[2020.04.12-00.58.53:216][ 54]LogModuleManager: Shutting down and abandoning module PluginBrowser (354)
[2020.04.12-00.58.53:222][ 54]LogModuleManager: Shutting down and abandoning module MobileLauncherProfileWizard (352)
[2020.04.12-00.58.53:222][ 54]LogModuleManager: Shutting down and abandoning module MaterialAnalyzer (350)
[2020.04.12-00.58.53:223][ 54]LogModuleManager: Shutting down and abandoning module CurveEditorTools (348)
[2020.04.12-00.58.53:224][ 54]LogModuleManager: Shutting down and abandoning module CurveEditor (347)
[2020.04.12-00.58.53:226][ 54]LogModuleManager: Shutting down and abandoning module CryptoKeysOpenSSL (344)
[2020.04.12-00.58.53:226][ 54]LogModuleManager: Shutting down and abandoning module CryptoKeys (342)
[2020.04.12-00.58.53:226][ 54]LogModuleManager: Shutting down and abandoning module VisualStudioSourceCodeAccess (340)
[2020.04.12-00.58.53:227][ 54]LogModuleManager: Shutting down and abandoning module VisualStudioCodeSourceCodeAccess (338)
[2020.04.12-00.58.53:227][ 54]LogModuleManager: Shutting down and abandoning module UObjectPlugin (336)
[2020.04.12-00.58.53:227][ 54]LogModuleManager: Shutting down and abandoning module SubversionSourceControl (334)
[2020.04.12-00.58.53:228][ 54]LogModuleManager: Shutting down and abandoning module PerforceSourceControl (332)
[2020.04.12-00.58.53:229][ 54]LogModuleManager: Shutting down and abandoning module GitSourceControl (330)
[2020.04.12-00.58.53:229][ 54]LogModuleManager: Shutting down and abandoning module SourceControl (329)
[2020.04.12-00.58.53:229][ 54]LogModuleManager: Shutting down and abandoning module CLionSourceCodeAccess (326)
[2020.04.12-00.58.53:229][ 54]LogModuleManager: Shutting down and abandoning module AnimationSharingEd (324)
[2020.04.12-00.58.53:229][ 54]LogModuleManager: Shutting down and abandoning module ActorLayerUtilitiesEditor (322)
[2020.04.12-00.58.53:229][ 54]LogModuleManager: Shutting down and abandoning module ActorLayerUtilities (320)
[2020.04.12-00.58.53:229][ 54]LogModuleManager: Shutting down and abandoning module LightPropagationVolumeEditor (318)
[2020.04.12-00.58.53:229][ 54]LogModuleManager: Shutting down and abandoning module PaperTiledImporter (316)
[2020.04.12-00.58.53:229][ 54]LogModuleManager: Shutting down and abandoning module PaperSpriteSheetImporter (314)
[2020.04.12-00.58.53:229][ 54]LogModuleManager: Shutting down and abandoning module Paper2DEditor (312)
[2020.04.12-00.58.53:231][ 54]LogModuleManager: Shutting down and abandoning module FirstGame (310)
[2020.04.12-00.58.53:231][ 54]LogModuleManager: Shutting down and abandoning module SignificanceManager (308)
[2020.04.12-00.58.53:231][ 54]LogModuleManager: Shutting down and abandoning module RuntimePhysXCooking (306)
[2020.04.12-00.58.53:231][ 54]LogModuleManager: Shutting down and abandoning module PhysXVehiclesEditor (304)
[2020.04.12-00.58.53:231][ 54]LogModuleManager: Shutting down and abandoning module LocationServicesBPLibrary (300)
[2020.04.12-00.58.53:231][ 54]LogModuleManager: Shutting down and abandoning module ActorSequence (298)
[2020.04.12-00.58.53:231][ 54]LogModuleManager: Shutting down and abandoning module UdpMessaging (296)
[2020.04.12-00.58.53:332][ 54]LogModuleManager: Shutting down and abandoning module TcpMessaging (294)
[2020.04.12-00.58.53:439][ 54]LogModuleManager: Shutting down and abandoning module MagicLeapIdentity (292)
[2020.04.12-00.58.53:439][ 54]LogModuleManager: Shutting down and abandoning module MagicLeapSecureStorage (290)
[2020.04.12-00.58.53:439][ 54]LogModuleManager: Shutting down and abandoning module MagicLeapHandTracking (288)
[2020.04.12-00.58.53:440][ 54]LogModuleManager: Shutting down and abandoning module MagicLeapEyeTracker (286)
[2020.04.12-00.58.53:440][ 54]LogModuleManager: Shutting down and abandoning module MagicLeapController (284)
[2020.04.12-00.58.53:440][ 54]LogSlate: Slate User Destroyed.  User Index 0, Is Virtual User: 0
[2020.04.12-00.58.53:440][ 54]LogModuleManager: Shutting down and abandoning module MagicLeapAR (282)
[2020.04.12-00.58.53:440][ 54]LogModuleManager: Shutting down and abandoning module AugmentedReality (281)
[2020.04.12-00.58.53:440][ 54]LogModuleManager: Shutting down and abandoning module GameplayTagsEditor (278)
[2020.04.12-00.58.53:440][ 54]LogModuleManager: Shutting down and abandoning module FacialAnimationEditor (276)
[2020.04.12-00.58.53:440][ 54]LogModuleManager: Shutting down and abandoning module FacialAnimation (274)
[2020.04.12-00.58.53:440][ 54]LogModuleManager: Shutting down and abandoning module DataValidation (272)
[2020.04.12-00.58.53:441][ 54]LogModuleManager: Shutting down and abandoning module AssetManagerEditor (270)
[2020.04.12-00.58.53:442][ 54]LogModuleManager: Shutting down and abandoning module LevelEditor (269)
[2020.04.12-00.58.53:442][ 54]LogModuleManager: Shutting down and abandoning module PixelInspectorModule (268)
[2020.04.12-00.58.53:443][ 54]LogModuleManager: Shutting down and abandoning module CommonMenuExtensions (266)
[2020.04.12-00.58.53:443][ 54]LogModuleManager: Shutting down and abandoning module MainFrame (264)
[2020.04.12-00.58.53:443][ 54]LogModuleManager: Shutting down and abandoning module HotReload (263)
[2020.04.12-00.58.53:444][ 54]LogModuleManager: Shutting down and abandoning module ContentBrowser (259)
[2020.04.12-00.58.53:444][ 54]LogModuleManager: Shutting down and abandoning module TreeMap (257)
[2020.04.12-00.58.53:445][ 54]LogModuleManager: Shutting down and abandoning module AnimationSharing (254)
[2020.04.12-00.58.53:445][ 54]LogModuleManager: Shutting down and abandoning module LightPropagationVolumeRuntime (252)
[2020.04.12-00.58.53:445][ 54]LogModuleManager: Shutting down and abandoning module Paper2D (250)
[2020.04.12-00.58.53:445][ 54]LogModuleManager: Shutting down and abandoning module WindowsMoviePlayer (248)
[2020.04.12-00.58.53:448][ 54]LogModuleManager: Shutting down and abandoning module WebMMoviePlayer (246)
[2020.04.12-00.58.53:448][ 54]LogModuleManager: Shutting down and abandoning module NetworkReplayStreaming (244)
[2020.04.12-00.58.53:448][ 54]LogModuleManager: Shutting down and abandoning module PacketHandler (242)
[2020.04.12-00.58.53:448][ 54]LogModuleManager: Shutting down and abandoning module ClothingSystemEditor (240)
[2020.04.12-00.58.53:448][ 54]LogModuleManager: Shutting down and abandoning module ClothingSystemRuntime (238)
[2020.04.12-00.58.53:449][ 54]LogModuleManager: Shutting down and abandoning module MediaAssets (236)
[2020.04.12-00.58.53:449][ 54]LogModuleManager: Shutting down and abandoning module Overlay (234)
[2020.04.12-00.58.53:449][ 54]LogModuleManager: Shutting down and abandoning module OverlayEditor (233)
[2020.04.12-00.58.53:449][ 54]LogModuleManager: Shutting down and abandoning module VREditor (230)
[2020.04.12-00.58.53:450][ 54]LogModuleManager: Shutting down and abandoning module StringTableEditor (228)
[2020.04.12-00.58.53:451][ 54]LogModuleManager: Shutting down and abandoning module GameplayTasksEditor (226)
[2020.04.12-00.58.53:451][ 54]LogModuleManager: Shutting down and abandoning module BehaviorTreeEditor (224)
[2020.04.12-00.58.53:453][ 54]LogModuleManager: Shutting down and abandoning module FunctionalTesting (222)
[2020.04.12-00.58.53:453][ 54]LogModuleManager: Shutting down and abandoning module CollisionAnalyzer (220)
[2020.04.12-00.58.53:454][ 54]LogModuleManager: Shutting down and abandoning module WorkspaceMenuStructure (219)
[2020.04.12-00.58.53:455][ 54]LogModuleManager: Shutting down and abandoning module UMG (216)
[2020.04.12-00.58.53:455][ 54]LogModuleManager: Shutting down and abandoning module UMGEditor (215)
[2020.04.12-00.58.53:456][ 54]LogModuleManager: Shutting down and abandoning module Sequencer (214)
[2020.04.12-00.58.53:459][ 54]LogModuleManager: Shutting down and abandoning module MessageLog (211)
[2020.04.12-00.58.53:459][ 54]LogModuleManager: Shutting down and abandoning module SlateReflector (206)
[2020.04.12-00.58.53:461][ 54]LogModuleManager: Shutting down and abandoning module Slate (204)
[2020.04.12-00.58.53:461][ 54]LogModuleManager: Shutting down and abandoning module LandscapeEditorUtilities (202)
[2020.04.12-00.58.53:461][ 54]LogModuleManager: Shutting down and abandoning module EditorStyle (200)
[2020.04.12-00.58.53:462][ 54]LogModuleManager: Shutting down and abandoning module UnrealEd (198)
[2020.04.12-00.58.53:462][ 54]LogModuleManager: Shutting down and abandoning module MRMesh (196)
[2020.04.12-00.58.53:462][ 54]LogModuleManager: Shutting down and abandoning module SourceCodeAccess (194)
[2020.04.12-00.58.53:462][ 54]LogModuleManager: Shutting down and abandoning module HeadMountedDisplay (192)
[2020.04.12-00.58.53:462][ 54]LogModuleManager: Shutting down and abandoning module XAudio2 (190)
[2020.04.12-00.58.53:462][ 54]LogModuleManager: Shutting down and abandoning module Networking (188)
[2020.04.12-00.58.53:462][ 54]LogModuleManager: Shutting down and abandoning module Core (186)
[2020.04.12-00.58.53:462][ 54]LogModuleManager: Shutting down and abandoning module KismetCompiler (184)
[2020.04.12-00.58.53:462][ 54]LogModuleManager: Shutting down and abandoning module MeshUtilities (182)
[2020.04.12-00.58.53:462][ 54]LogModuleManager: Shutting down and abandoning module MeshMergeUtilities (181)
[2020.04.12-00.58.53:462][ 54]LogModuleManager: Shutting down and abandoning module MeshReductionInterface (180)
[2020.04.12-00.58.53:462][ 54]LogModuleManager: Shutting down and abandoning module SkeletalMeshReduction (179)
[2020.04.12-00.58.53:463][ 54]LogModuleManager: Shutting down and abandoning module ProxyLODMeshReduction (177)
[2020.04.12-00.58.53:464][ 54]LogModuleManager: Shutting down and abandoning module QuadricMeshReduction (175)
[2020.04.12-00.58.53:465][ 54]LogModuleManager: Shutting down and abandoning module MaterialBaking (171)
[2020.04.12-00.58.53:465][ 54]LogModuleManager: Shutting down and abandoning module NullInstallBundleManager (166)
[2020.04.12-00.58.53:465][ 54]LogModuleManager: Shutting down and abandoning module DerivedDataCache (164)
[2020.04.12-00.58.53:911][ 54]LogDerivedDataCache: Shutdown
[2020.04.12-00.58.53:911][ 54]LogModuleManager: Shutting down and abandoning module XGEController (162)
[2020.04.12-00.58.53:911][ 54]LogXGEController: Cleaning working directory: C:/Users/Seth Ulibarri/AppData/Local/Temp/UnrealXGEWorkingDir/
[2020.04.12-00.58.53:912][ 54]LogModuleManager: Shutting down and abandoning module TargetPlatform (160)
[2020.04.12-00.58.53:912][ 54]LogModuleManager: Shutting down and abandoning module VulkanShaderFormat (159)
[2020.04.12-00.58.53:913][ 54]LogModuleManager: Shutting down and abandoning module ShaderFormatVectorVM (157)
[2020.04.12-00.58.53:913][ 54]LogModuleManager: Shutting down and abandoning module ShaderFormatOpenGL (155)
[2020.04.12-00.58.53:914][ 54]LogModuleManager: Shutting down and abandoning module ShaderFormatD3D (153)
[2020.04.12-00.58.53:914][ 54]LogModuleManager: Shutting down and abandoning module MetalShaderFormat (151)
[2020.04.12-00.58.53:915][ 54]LogModuleManager: Shutting down and abandoning module TextureFormatUncompressed (149)
[2020.04.12-00.58.53:915][ 54]LogModuleManager: Shutting down and abandoning module TextureFormatPVR (147)
[2020.04.12-00.58.53:915][ 54]LogModuleManager: Shutting down and abandoning module TextureFormatDXT (145)
[2020.04.12-00.58.53:915][ 54]LogModuleManager: Shutting down and abandoning module TextureFormatIntelISPCTexComp (143)
[2020.04.12-00.58.53:916][ 54]LogModuleManager: Shutting down and abandoning module TextureFormatASTC (141)
[2020.04.12-00.58.53:916][ 54]LogModuleManager: Shutting down and abandoning module ImageWrapper (140)
[2020.04.12-00.58.53:916][ 54]LogModuleManager: Shutting down and abandoning module TextureFormatAndroid (137)
[2020.04.12-00.58.53:916][ 54]LogModuleManager: Shutting down and abandoning module AudioFormatOpus (135)
[2020.04.12-00.58.53:917][ 54]LogModuleManager: Shutting down and abandoning module AudioFormatOgg (133)
[2020.04.12-00.58.53:917][ 54]LogModuleManager: Shutting down and abandoning module AudioFormatADPCM (131)
[2020.04.12-00.58.53:917][ 54]LogModuleManager: Shutting down and abandoning module LuminTargetPlatform (129)
[2020.04.12-00.58.53:917][ 54]LogModuleManager: Shutting down and abandoning module LinuxTargetPlatform (127)
[2020.04.12-00.58.53:917][ 54]LogModuleManager: Shutting down and abandoning module LinuxServerTargetPlatform (125)
[2020.04.12-00.58.53:918][ 54]LogModuleManager: Shutting down and abandoning module LinuxNoEditorTargetPlatform (123)
[2020.04.12-00.58.53:918][ 54]LogModuleManager: Shutting down and abandoning module LinuxClientTargetPlatform (121)
[2020.04.12-00.58.53:919][ 54]LogModuleManager: Shutting down and abandoning module TVOSTargetPlatform (119)
[2020.04.12-00.58.53:919][ 54]LogModuleManager: Shutting down and abandoning module Messaging (117)
[2020.04.12-00.58.53:919][ 54]LogModuleManager: Shutting down and abandoning module IOSTargetPlatform (115)
[2020.04.12-00.58.53:919][ 54]LogModuleManager: Shutting down and abandoning module HTML5TargetPlatform (113)
[2020.04.12-00.58.53:919][ 54]LogModuleManager: Shutting down and abandoning module AndroidTargetPlatform (111)
[2020.04.12-00.58.53:923][ 54]LogModuleManager: Shutting down and abandoning module WindowsTargetPlatform (109)
[2020.04.12-00.58.53:923][ 54]LogModuleManager: Shutting down and abandoning module WindowsServerTargetPlatform (107)
[2020.04.12-00.58.53:923][ 54]LogModuleManager: Shutting down and abandoning module WindowsNoEditorTargetPlatform (105)
[2020.04.12-00.58.53:923][ 54]LogModuleManager: Shutting down and abandoning module WindowsClientTargetPlatform (103)
[2020.04.12-00.58.53:923][ 54]LogModuleManager: Shutting down and abandoning module MacTargetPlatform (101)
[2020.04.12-00.58.53:923][ 54]LogModuleManager: Shutting down and abandoning module MacServerTargetPlatform (99)
[2020.04.12-00.58.53:923][ 54]LogModuleManager: Shutting down and abandoning module MacNoEditorTargetPlatform (97)
[2020.04.12-00.58.53:923][ 54]LogModuleManager: Shutting down and abandoning module MacClientTargetPlatform (95)
[2020.04.12-00.58.53:923][ 54]LogModuleManager: Shutting down and abandoning module AllDesktopTargetPlatform (93)
[2020.04.12-00.58.53:923][ 54]LogModuleManager: Shutting down and abandoning module InputCore (90)
[2020.04.12-00.58.53:923][ 54]LogModuleManager: Shutting down and abandoning module Settings (88)
[2020.04.12-00.58.53:923][ 54]LogModuleManager: Shutting down and abandoning module DirectoryWatcher (86)
[2020.04.12-00.58.53:923][ 54]LogModuleManager: Shutting down and abandoning module PhysXCooking (84)
[2020.04.12-00.58.53:923][ 54]LogModuleManager: Shutting down and abandoning module WindowsPlatformFeatures (82)
[2020.04.12-00.58.53:923][ 54]LogModuleManager: Shutting down and abandoning module GameplayMediaEncoder (81)
[2020.04.12-00.58.53:924][ 54]LogModuleManager: Shutting down and abandoning module SteamVR (78)
[2020.04.12-00.58.53:924][ 54]LogHMD: Freeing OpenVRDLLHandle.
[2020.04.12-00.58.53:924][ 54]LogModuleManager: Shutting down and abandoning module OculusHMD (76)
[2020.04.12-00.58.53:924][ 54]LogModuleManager: Shutting down and abandoning module ExampleDeviceProfileSelector (74)
[2020.04.12-00.58.53:924][ 54]LogModuleManager: Shutting down and abandoning module LauncherChunkInstaller (72)
[2020.04.12-00.58.53:924][ 54]LogModuleManager: Shutting down and abandoning module OnlineBlueprintSupport (70)
[2020.04.12-00.58.53:924][ 54]LogModuleManager: Shutting down and abandoning module OnlineSubsystem (66)
[2020.04.12-00.58.53:927][ 54]LogModuleManager: Shutting down and abandoning module XMPP (61)
[2020.04.12-00.58.53:928][ 54]LogModuleManager: Shutting down and abandoning module WebSockets (60)
[2020.04.12-00.58.53:965][ 54]LogModuleManager: Shutting down and abandoning module HTTP (57)
[2020.04.12-00.58.53:965][ 54]LogHttp: Display: Http module shutting down, but needs to wait on 1 outstanding Http requests:
[2020.04.12-00.58.53:965][ 54]LogHttp: Display: 	verb=[POST] url=[https://datarouter.ol.epicgames.com/datarouter/api/v1/public/data?SessionID=%7B46764F60-4E63-2C52-2C7D-BFBE2DBA6556%7D&AppID=UEEditor.Rocket.Release&AppVersion=4.23.1-9631420%2B%2B%2BUE4%2BRelease-4.23&UserID=23752bf9448cfec047453f967ae07a94%7Ceac204a4c10a466596cdfb6d87fa3ace%7C2c2f346f-1dd1-491f-8bd7-97f478b49c1e&AppEnvironment=datacollector-binary&UploadType=eteventstream] status=Processing
[2020.04.12-00.58.53:967][ 54]LogModuleManager: Shutting down and abandoning module SSL (56)
[2020.04.12-00.58.53:968][ 54]LogModuleManager: Shutting down and abandoning module WmfMedia (52)
[2020.04.12-00.58.53:971][ 54]LogModuleManager: Shutting down and abandoning module Media (51)
[2020.04.12-00.58.53:971][ 54]LogModuleManager: Shutting down and abandoning module MagicLeap (48)
[2020.04.12-00.58.53:972][ 54]LogModuleManager: Shutting down and abandoning module DatasmithContent (46)
[2020.04.12-00.58.53:972][ 54]LogModuleManager: Shutting down and abandoning module AISupportModule (44)
[2020.04.12-00.58.53:972][ 54]LogModuleManager: Shutting down and abandoning module PlatformCryptoOpenSSL (42)
[2020.04.12-00.58.53:972][ 54]LogModuleManager: Shutting down and abandoning module PlatformCrypto (40)
[2020.04.12-00.58.53:972][ 54]LogModuleManager: Shutting down and abandoning module AnimationModifiers (38)
[2020.04.12-00.58.53:973][ 54]LogModuleManager: Shutting down and abandoning module PropertyEditor (37)
[2020.04.12-00.58.53:973][ 54]LogModuleManager: Shutting down and abandoning module AudioEditor (34)
[2020.04.12-00.58.53:974][ 54]LogModuleManager: Shutting down and abandoning module TextureCompressor (32)
[2020.04.12-00.58.53:974][ 54]LogModuleManager: Shutting down and abandoning module RenderCore (30)
[2020.04.12-00.58.53:974][ 54]LogModuleManager: Shutting down and abandoning module Landscape (28)
[2020.04.12-00.58.53:974][ 54]LogModuleManager: Shutting down and abandoning module SlateRHIRenderer (26)
[2020.04.12-00.58.53:976][ 54]LogModuleManager: Shutting down and abandoning module OpenGLDrv (24)
[2020.04.12-00.58.53:976][ 54]LogModuleManager: Shutting down and abandoning module D3D11RHI (22)
[2020.04.12-00.58.53:977][ 54]LogModuleManager: Shutting down and abandoning module AnimGraphRuntime (20)
[2020.04.12-00.58.53:977][ 54]LogModuleManager: Shutting down and abandoning module Renderer (18)
[2020.04.12-00.58.53:977][ 54]LogModuleManager: Shutting down and abandoning module Engine (16)
[2020.04.12-00.58.53:977][ 54]LogModuleManager: Shutting down and abandoning module CoreUObject (14)
[2020.04.12-00.58.53:977][ 54]LogModuleManager: Shutting down and abandoning module NetworkFile (12)
[2020.04.12-00.58.53:977][ 54]LogModuleManager: Shutting down and abandoning module CookedIterativeFile (10)
[2020.04.12-00.58.53:977][ 54]LogModuleManager: Shutting down and abandoning module StreamingFile (8)
[2020.04.12-00.58.53:977][ 54]LogModuleManager: Shutting down and abandoning module SandboxFile (6)
[2020.04.12-00.58.53:977][ 54]LogModuleManager: Shutting down and abandoning module PakFile (4)
[2020.04.12-00.58.53:977][ 54]LogModuleManager: Shutting down and abandoning module RSA (3)
[2020.04.12-00.58.53:979][ 54]LogD3D11RHI: Shutdown
[2020.04.12-00.58.53:979][ 54]LogD3D11RHI: CleanupD3DDevice
[2020.04.12-00.58.53:980][ 54]LogRendererCore: FGlobalDynamicReadBuffer::Cleanup()
[2020.04.12-00.58.53:980][ 54]LogRendererCore: FGlobalDynamicReadBuffer::Cleanup()
[2020.04.12-00.58.53:980][ 54]LogRendererCore: FGlobalDynamicReadBuffer::Cleanup()
[2020.04.12-00.58.54:071][ 54]LogD3D11RHI: ~FD3D11DynamicRHI
[2020.04.12-00.58.54:077][ 54]LogExit: Exiting.
[2020.04.12-00.58.54:109][ 54]Log file closed, 04/11/20 17:58:54
