Log file open, 04/05/20 13:37:12
LogWindows: Failed to load 'aqProf.dll' (GetLastError=126)
LogWindows: File 'aqProf.dll' does not exist
LogWindows: Failed to load 'VtuneApi.dll' (GetLastError=126)
LogWindows: File 'VtuneApi.dll' does not exist
LogWindows: Failed to load 'VtuneApi32e.dll' (GetLastError=126)
LogWindows: File 'VtuneApi32e.dll' does not exist
LogConsoleResponse: Display: Failed to find resolution value strings in scalability ini. Falling back to default.
LogInit: Display: Running engine for game: FirstGame
LogPlatformFile: Not using cached read wrapper
LogTaskGraph: Started task graph with 5 named threads and 14 total threads with 3 sets of task threads.
LogStats: Stats thread started at 0.064014
LogD3D11RHI: Loaded GFSDK_Aftermath_Lib.x64.dll
LogICUInternationalization: ICU TimeZone Detection - Raw Offset: -8:00, Platform Override: ''
LogPluginManager: Mounting plugin Paper2D
LogPluginManager: Mounting plugin AISupport
LogPluginManager: Mounting plugin LightPropagationVolume
LogPluginManager: Mounting plugin ActorLayerUtilities
LogPluginManager: Mounting plugin AnimationSharing
LogPluginManager: Mounting plugin CLionSourceCodeAccess
LogPluginManager: Mounting plugin CodeLiteSourceCodeAccess
LogPluginManager: Mounting plugin GitSourceControl
LogPluginManager: Mounting plugin KDevelopSourceCodeAccess
LogPluginManager: Mounting plugin NullSourceCodeAccess
LogPluginManager: Mounting plugin PerforceSourceControl
LogPluginManager: Mounting plugin SubversionSourceControl
LogPluginManager: Mounting plugin UObjectPlugin
LogPluginManager: Mounting plugin VisualStudioCodeSourceCodeAccess
LogPluginManager: Mounting plugin VisualStudioSourceCodeAccess
LogPluginManager: Mounting plugin XCodeSourceCodeAccess
LogPluginManager: Mounting plugin AssetManagerEditor
LogPluginManager: Mounting plugin CryptoKeys
LogPluginManager: Mounting plugin CurveEditorTools
LogPluginManager: Mounting plugin DataValidation
LogPluginManager: Mounting plugin FacialAnimation
LogPluginManager: Mounting plugin GameplayTagsEditor
LogPluginManager: Mounting plugin MacGraphicsSwitching
LogPluginManager: Mounting plugin MaterialAnalyzer
LogPluginManager: Mounting plugin MobileLauncherProfileWizard
LogPluginManager: Mounting plugin PluginBrowser
LogPluginManager: Mounting plugin SpeedTreeImporter
LogPluginManager: Mounting plugin DatasmithContent
LogPluginManager: Mounting plugin VariantManagerContent
LogPluginManager: Mounting plugin AlembicImporter
LogPluginManager: Mounting plugin AutomationUtils
LogPluginManager: Mounting plugin BackChannel
LogPluginManager: Mounting plugin CharacterAI
LogPluginManager: Mounting plugin GeometryCache
LogPluginManager: Mounting plugin HTML5Networking
LogPluginManager: Mounting plugin PlatformCrypto
LogPluginManager: Mounting plugin ProxyLODPlugin
LogPluginManager: Mounting plugin SkeletalReduction
LogPluginManager: Mounting plugin MagicLeap
LogPluginManager: Mounting plugin MagicLeapMedia
LogPluginManager: Mounting plugin AndroidMedia
LogPluginManager: Mounting plugin AvfMedia
LogPluginManager: Mounting plugin ImgMedia
LogPluginManager: Mounting plugin MediaCompositing
LogPluginManager: Mounting plugin MediaPlayerEditor
LogPluginManager: Mounting plugin WebMMedia
LogPluginManager: Mounting plugin WmfMedia
LogPluginManager: Mounting plugin TcpMessaging
LogPluginManager: Mounting plugin UdpMessaging
LogPluginManager: Mounting plugin ActorSequence
LogPluginManager: Mounting plugin LevelSequenceEditor
LogPluginManager: Mounting plugin MatineeToLevelSequence
LogPluginManager: Mounting plugin NetcodeUnitTest
LogPluginManager: Mounting plugin NUTUnrealEngine4
LogPluginManager: Mounting plugin OnlineSubsystemGooglePlay
LogPluginManager: Mounting plugin OnlineSubsystemIOS
LogPluginManager: Mounting plugin OnlineSubsystem
LogPluginManager: Mounting plugin OnlineSubsystemNull
LogPluginManager: Mounting plugin OnlineSubsystemUtils
LogPluginManager: Mounting plugin LauncherChunkInstaller
LogPluginManager: Mounting plugin AndroidDeviceProfileSelector
LogPluginManager: Mounting plugin AndroidMoviePlayer
LogPluginManager: Mounting plugin AndroidPermission
LogPluginManager: Mounting plugin AppleImageUtils
LogPluginManager: Mounting plugin AppleMoviePlayer
LogPluginManager: Mounting plugin ArchVisCharacter
LogPluginManager: Mounting plugin AudioCapture
LogPluginManager: Mounting plugin CableComponent
LogPluginManager: Mounting plugin CustomMeshComponent
LogPluginManager: Mounting plugin EditableMesh
LogPluginManager: Mounting plugin ExampleDeviceProfileSelector
LogPluginManager: Mounting plugin GoogleCloudMessaging
LogPluginManager: Mounting plugin IOSDeviceProfileSelector
LogPluginManager: Mounting plugin LinuxDeviceProfileSelector
LogPluginManager: Mounting plugin LocationServicesBPLibrary
LogPluginManager: Mounting plugin MobilePatchingUtils
LogPluginManager: Mounting plugin OculusVR
LogPluginManager: Mounting plugin PhysXVehicles
LogPluginManager: Mounting plugin ProceduralMeshComponent
LogPluginManager: Mounting plugin RuntimePhysXCooking
LogPluginManager: Mounting plugin SignificanceManager
LogPluginManager: Mounting plugin SteamVR
LogPluginManager: Mounting plugin WebMMoviePlayer
LogPluginManager: Mounting plugin WindowsMoviePlayer
LogPluginManager: Mounting plugin ScreenshotTools
LogInit: Using libcurl 7.55.1-DEV
LogInit:  - built for x86_64-pc-win32
LogInit:  - supports SSL with OpenSSL/1.1.1
LogInit:  - supports HTTP deflate (compression) using libz 1.2.8
LogInit:  - other features:
LogInit:      CURL_VERSION_SSL
LogInit:      CURL_VERSION_LIBZ
LogInit:      CURL_VERSION_IPV6
LogInit:      CURL_VERSION_ASYNCHDNS
LogInit:      CURL_VERSION_LARGEFILE
LogInit:      CURL_VERSION_IDN
LogInit:  CurlRequestOptions (configurable via config and command line):
LogInit:  - bVerifyPeer = true  - Libcurl will verify peer certificate
LogInit:  - bUseHttpProxy = false  - Libcurl will NOT use HTTP proxy
LogInit:  - bDontReuseConnections = false  - Libcurl will reuse connections
LogInit:  - MaxHostConnections = 16  - Libcurl will limit the number of connections to a host
LogInit:  - LocalHostAddr = Default
LogInit:  - BufferSize = 65536
LogOnline: OSS: Creating online subsystem instance for: NULL
LogInit: WinSock: version 1.1 (2.2), MaxSocks=32767, MaxUdp=65467
LogHMD: Failed initializing OVRPlugin 1.37.0
LogInit: Build: ++UE4+Release-4.23-CL-9631420
LogInit: Engine Version: 4.23.1-9631420+++UE4+Release-4.23
LogInit: Compatible Engine Version: 4.23.0-8386587+++UE4+Release-4.23
LogInit: Net CL: 8386587
LogInit: OS: Windows 10 (Release 1903) (), CPU: Intel(R) Core(TM) i5-6600K CPU @ 3.50GHz, GPU: NVIDIA GeForce GTX 1070
LogInit: Compiled (64-bit): Oct 18 2019 02:07:44
LogInit: Compiled with Visual C++: 19.16.27030.01
LogInit: Build Configuration: Development
LogInit: Branch Name: ++UE4+Release-4.23
LogInit: Command Line:  -skipcompile
LogInit: Base Directory: C:/Program Files/Epic Games/UE_4.23/Engine/Binaries/Win64/
LogInit: Installed Engine Build: 1
LogDevObjectVersion: Number of dev versions registered: 23
LogDevObjectVersion:   Dev-Blueprints (B0D832E4-1F89-4F0D-ACCF-7EB736FD4AA2): 10
LogDevObjectVersion:   Dev-Build (E1C64328-A22C-4D53-A36C-8E866417BD8C): 0
LogDevObjectVersion:   Dev-Core (375EC13C-06E4-48FB-B500-84F0262A717E): 3
LogDevObjectVersion:   Dev-Editor (E4B068ED-F494-42E9-A231-DA0B2E46BB41): 34
LogDevObjectVersion:   Dev-Framework (CFFC743F-43B0-4480-9391-14DF171D2073): 35
LogDevObjectVersion:   Dev-Mobile (B02B49B5-BB20-44E9-A304-32B752E40360): 2
LogDevObjectVersion:   Dev-Networking (A4E4105C-59A1-49B5-A7C5-40C4547EDFEE): 0
LogDevObjectVersion:   Dev-Online (39C831C9-5AE6-47DC-9A44-9C173E1C8E7C): 0
LogDevObjectVersion:   Dev-Physics (78F01B33-EBEA-4F98-B9B4-84EACCB95AA2): 0
LogDevObjectVersion:   Dev-Platform (6631380F-2D4D-43E0-8009-CF276956A95A): 0
LogDevObjectVersion:   Dev-Rendering (12F88B9F-8875-4AFC-A67C-D90C383ABD29): 31
LogDevObjectVersion:   Dev-Sequencer (7B5AE74C-D270-4C10-A958-57980B212A5A): 11
LogDevObjectVersion:   Dev-VR (D7296918-1DD6-4BDD-9DE2-64A83CC13884): 2
LogDevObjectVersion:   Dev-LoadTimes (C2A15278-BFE7-4AFE-6C17-90FF531DF755): 1
LogDevObjectVersion:   Private-Geometry (6EACA3D4-40EC-4CC1-B786-8BED09428FC5): 3
LogDevObjectVersion:   Dev-AnimPhys (29E575DD-E0A3-4627-9D10-D276232CDCEA): 17
LogDevObjectVersion:   Dev-Anim (AF43A65D-7FD3-4947-9873-3E8ED9C1BB05): 2
LogDevObjectVersion:   Dev-ReflectionCapture (6B266CEC-1EC7-4B8F-A30B-E4D90942FC07): 1
LogDevObjectVersion:   Dev-Automation (0DF73D61-A23F-47EA-B727-89E90C41499A): 1
LogDevObjectVersion:   FortniteMain (601D1886-AC64-4F84-AA16-D3DE0DEAC7D6): 27
LogDevObjectVersion:   Dev-Enterprise (9DFFBCD6-494F-0158-E221-12823C92A888): 6
LogDevObjectVersion:   Dev-Niagara (F2AED0AC-9AFE-416F-8664-AA7FFA26D6FC): 1
LogDevObjectVersion:   Dev-Destruction (174F1F0B-B4C6-45A5-B13F-2EE8D0FB917D): 9
LogInit: Presizing for max 16777216 objects, including 0 objects not considered by GC, pre-allocating 0 bytes for permanent pool.
LogInit: Object subsystem initialized
LogConfig: Setting CVar [[con.DebugEarlyDefault:1]]
LogConfig: Setting CVar [[r.setres:1280x720]]
[2020.04.05-20.37.13:414][  0]LogConfig: Setting CVar [[r.VSync:0]]
[2020.04.05-20.37.13:414][  0]LogConfig: Setting CVar [[r.RHICmdBypass:0]]
[2020.04.05-20.37.13:414][  0]LogConfig: Applying CVar settings from Section [/Script/Engine.RendererSettings] File [D:/Packt_New_Repository/Learning-Unreal-Engine-4-Game-Development-2nd-Edition-/FirstGame/Saved/Config/Windows/Engine.ini]
[2020.04.05-20.37.13:414][  0]LogConfig: Setting CVar [[r.GPUCrashDebugging:0]]
[2020.04.05-20.37.13:414][  0]LogConfig: Applying CVar settings from Section [/Script/Engine.RendererOverrideSettings] File [D:/Packt_New_Repository/Learning-Unreal-Engine-4-Game-Development-2nd-Edition-/FirstGame/Saved/Config/Windows/Engine.ini]
[2020.04.05-20.37.13:414][  0]LogConfig: Applying CVar settings from Section [/Script/Engine.StreamingSettings] File [D:/Packt_New_Repository/Learning-Unreal-Engine-4-Game-Development-2nd-Edition-/FirstGame/Saved/Config/Windows/Engine.ini]
[2020.04.05-20.37.13:414][  0]LogConfig: Setting CVar [[s.MinBulkDataSizeForAsyncLoading:131072]]
[2020.04.05-20.37.13:414][  0]LogConfig: Setting CVar [[s.AsyncLoadingThreadEnabled:0]]
[2020.04.05-20.37.13:414][  0]LogConfig: Setting CVar [[s.EventDrivenLoaderEnabled:1]]
[2020.04.05-20.37.13:414][  0]LogConfig: Setting CVar [[s.WarnIfTimeLimitExceeded:0]]
[2020.04.05-20.37.13:414][  0]LogConfig: Setting CVar [[s.TimeLimitExceededMultiplier:1.5]]
[2020.04.05-20.37.13:414][  0]LogConfig: Setting CVar [[s.TimeLimitExceededMinTime:0.005]]
[2020.04.05-20.37.13:414][  0]LogConfig: Setting CVar [[s.UseBackgroundLevelStreaming:1]]
[2020.04.05-20.37.13:414][  0]LogConfig: Setting CVar [[s.PriorityAsyncLoadingExtraTime:15.0]]
[2020.04.05-20.37.13:414][  0]LogConfig: Setting CVar [[s.LevelStreamingActorsUpdateTimeLimit:5.0]]
[2020.04.05-20.37.13:414][  0]LogConfig: Setting CVar [[s.PriorityLevelStreamingActorsUpdateExtraTime:5.0]]
[2020.04.05-20.37.13:414][  0]LogConfig: Setting CVar [[s.LevelStreamingComponentsRegistrationGranularity:10]]
[2020.04.05-20.37.13:414][  0]LogConfig: Setting CVar [[s.UnregisterComponentsTimeLimit:1.0]]
[2020.04.05-20.37.13:414][  0]LogConfig: Setting CVar [[s.LevelStreamingComponentsUnregistrationGranularity:5]]
[2020.04.05-20.37.13:414][  0]LogConfig: Applying CVar settings from Section [/Script/Engine.GarbageCollectionSettings] File [D:/Packt_New_Repository/Learning-Unreal-Engine-4-Game-Development-2nd-Edition-/FirstGame/Saved/Config/Windows/Engine.ini]
[2020.04.05-20.37.13:414][  0]LogConfig: Setting CVar [[gc.MaxObjectsNotConsideredByGC:1]]
[2020.04.05-20.37.13:414][  0]LogConfig: Setting CVar [[gc.SizeOfPermanentObjectPool:0]]
[2020.04.05-20.37.13:414][  0]LogConfig: Setting CVar [[gc.FlushStreamingOnGC:0]]
[2020.04.05-20.37.13:414][  0]LogConfig: Setting CVar [[gc.NumRetriesBeforeForcingGC:10]]
[2020.04.05-20.37.13:414][  0]LogConfig: Setting CVar [[gc.AllowParallelGC:1]]
[2020.04.05-20.37.13:414][  0]LogConfig: Setting CVar [[gc.TimeBetweenPurgingPendingKillObjects:61.1]]
[2020.04.05-20.37.13:414][  0]LogConfig: Setting CVar [[gc.MaxObjectsInEditor:16777216]]
[2020.04.05-20.37.13:414][  0]LogConfig: Setting CVar [[gc.IncrementalBeginDestroyEnabled:1]]
[2020.04.05-20.37.13:414][  0]LogConfig: Setting CVar [[gc.CreateGCClusters:1]]
[2020.04.05-20.37.13:414][  0]LogConfig: Setting CVar [[gc.MinGCClusterSize:5]]
[2020.04.05-20.37.13:414][  0]LogConfig: Setting CVar [[gc.ActorClusteringEnabled:0]]
[2020.04.05-20.37.13:414][  0]LogConfig: Setting CVar [[gc.BlueprintClusteringEnabled:0]]
[2020.04.05-20.37.13:414][  0]LogConfig: Setting CVar [[gc.UseDisregardForGCOnDedicatedServers:0]]
[2020.04.05-20.37.13:414][  0]LogConfig: Applying CVar settings from Section [/Script/Engine.NetworkSettings] File [D:/Packt_New_Repository/Learning-Unreal-Engine-4-Game-Development-2nd-Edition-/FirstGame/Saved/Config/Windows/Engine.ini]
[2020.04.05-20.37.13:414][  0]LogConfig: Applying CVar settings from Section [/Script/UnrealEd.CookerSettings] File [D:/Packt_New_Repository/Learning-Unreal-Engine-4-Game-Development-2nd-Edition-/FirstGame/Saved/Config/Windows/Engine.ini]
[2020.04.05-20.37.13:417][  0]LogConfig: Applying CVar settings from Section [ViewDistanceQuality@3] File [D:/Packt_New_Repository/Learning-Unreal-Engine-4-Game-Development-2nd-Edition-/FirstGame/Saved/Config/Windows/Scalability.ini]
[2020.04.05-20.37.13:417][  0]LogConfig: Setting CVar [[r.SkeletalMeshLODBias:0]]
[2020.04.05-20.37.13:417][  0]LogConfig: Setting CVar [[r.ViewDistanceScale:1.0]]
[2020.04.05-20.37.13:417][  0]LogConfig: Applying CVar settings from Section [AntiAliasingQuality@3] File [D:/Packt_New_Repository/Learning-Unreal-Engine-4-Game-Development-2nd-Edition-/FirstGame/Saved/Config/Windows/Scalability.ini]
[2020.04.05-20.37.13:417][  0]LogConfig: Setting CVar [[r.PostProcessAAQuality:4]]
[2020.04.05-20.37.13:417][  0]LogConfig: Applying CVar settings from Section [ShadowQuality@3] File [D:/Packt_New_Repository/Learning-Unreal-Engine-4-Game-Development-2nd-Edition-/FirstGame/Saved/Config/Windows/Scalability.ini]
[2020.04.05-20.37.13:417][  0]LogConfig: Setting CVar [[r.LightFunctionQuality:1]]
[2020.04.05-20.37.13:417][  0]LogConfig: Setting CVar [[r.ShadowQuality:5]]
[2020.04.05-20.37.13:417][  0]LogConfig: Setting CVar [[r.Shadow.CSM.MaxCascades:10]]
[2020.04.05-20.37.13:417][  0]LogConfig: Setting CVar [[r.Shadow.MaxResolution:2048]]
[2020.04.05-20.37.13:417][  0]LogConfig: Setting CVar [[r.Shadow.MaxCSMResolution:2048]]
[2020.04.05-20.37.13:417][  0]LogConfig: Setting CVar [[r.Shadow.RadiusThreshold:0.01]]
[2020.04.05-20.37.13:417][  0]LogConfig: Setting CVar [[r.Shadow.DistanceScale:1.0]]
[2020.04.05-20.37.13:417][  0]LogConfig: Setting CVar [[r.Shadow.CSM.TransitionScale:1.0]]
[2020.04.05-20.37.13:417][  0]LogConfig: Setting CVar [[r.Shadow.PreShadowResolutionFactor:1.0]]
[2020.04.05-20.37.13:417][  0]LogConfig: Setting CVar [[r.DistanceFieldShadowing:1]]
[2020.04.05-20.37.13:417][  0]LogConfig: Setting CVar [[r.DistanceFieldAO:1]]
[2020.04.05-20.37.13:417][  0]LogConfig: Setting CVar [[r.AOQuality:2]]
[2020.04.05-20.37.13:417][  0]LogConfig: Setting CVar [[r.VolumetricFog:1]]
[2020.04.05-20.37.13:417][  0]LogConfig: Setting CVar [[r.VolumetricFog.GridPixelSize:8]]
[2020.04.05-20.37.13:417][  0]LogConfig: Setting CVar [[r.VolumetricFog.GridSizeZ:128]]
[2020.04.05-20.37.13:417][  0]LogConfig: Setting CVar [[r.VolumetricFog.HistoryMissSupersampleCount:4]]
[2020.04.05-20.37.13:417][  0]LogConfig: Setting CVar [[r.LightMaxDrawDistanceScale:1]]
[2020.04.05-20.37.13:417][  0]LogConfig: Setting CVar [[r.CapsuleShadows:1]]
[2020.04.05-20.37.13:417][  0]LogConfig: Applying CVar settings from Section [PostProcessQuality@3] File [D:/Packt_New_Repository/Learning-Unreal-Engine-4-Game-Development-2nd-Edition-/FirstGame/Saved/Config/Windows/Scalability.ini]
[2020.04.05-20.37.13:417][  0]LogConfig: Setting CVar [[r.MotionBlurQuality:4]]
[2020.04.05-20.37.13:417][  0]LogConfig: Setting CVar [[r.AmbientOcclusionMipLevelFactor:0.4]]
[2020.04.05-20.37.13:417][  0]LogConfig: Setting CVar [[r.AmbientOcclusionMaxQuality:100]]
[2020.04.05-20.37.13:417][  0]LogConfig: Setting CVar [[r.AmbientOcclusionLevels:-1]]
[2020.04.05-20.37.13:417][  0]LogConfig: Setting CVar [[r.AmbientOcclusionRadiusScale:1.0]]
[2020.04.05-20.37.13:417][  0]LogConfig: Setting CVar [[r.DepthOfFieldQuality:2]]
[2020.04.05-20.37.13:417][  0]LogConfig: Setting CVar [[r.RenderTargetPoolMin:400]]
[2020.04.05-20.37.13:417][  0]LogConfig: Setting CVar [[r.LensFlareQuality:2]]
[2020.04.05-20.37.13:417][  0]LogConfig: Setting CVar [[r.SceneColorFringeQuality:1]]
[2020.04.05-20.37.13:417][  0]LogConfig: Setting CVar [[r.EyeAdaptationQuality:2]]
[2020.04.05-20.37.13:417][  0]LogConfig: Setting CVar [[r.BloomQuality:5]]
[2020.04.05-20.37.13:417][  0]LogConfig: Setting CVar [[r.FastBlurThreshold:100]]
[2020.04.05-20.37.13:417][  0]LogConfig: Setting CVar [[r.Upscale.Quality:3]]
[2020.04.05-20.37.13:417][  0]LogConfig: Setting CVar [[r.Tonemapper.GrainQuantization:1]]
[2020.04.05-20.37.13:417][  0]LogConfig: Setting CVar [[r.LightShaftQuality:1]]
[2020.04.05-20.37.13:417][  0]LogConfig: Setting CVar [[r.Filter.SizeScale:1]]
[2020.04.05-20.37.13:418][  0]LogConfig: Setting CVar [[r.Tonemapper.Quality:5]]
[2020.04.05-20.37.13:418][  0]LogConfig: Setting CVar [[r.DOF.Gather.AccumulatorQuality:1        ; higher gathering accumulator quality]]
[2020.04.05-20.37.13:418][  0]LogConfig: Setting CVar [[r.DOF.Gather.PostfilterMethod:1          ; Median3x3 postfilering method]]
[2020.04.05-20.37.13:418][  0]LogConfig: Setting CVar [[r.DOF.Gather.EnableBokehSettings:0       ; no bokeh simulation when gathering]]
[2020.04.05-20.37.13:418][  0]LogConfig: Setting CVar [[r.DOF.Gather.RingCount:4                 ; medium number of samples when gathering]]
[2020.04.05-20.37.13:418][  0]LogConfig: Setting CVar [[r.DOF.Scatter.ForegroundCompositing:1    ; additive foreground scattering]]
[2020.04.05-20.37.13:418][  0]LogConfig: Setting CVar [[r.DOF.Scatter.BackgroundCompositing:2    ; additive background scattering]]
[2020.04.05-20.37.13:418][  0]LogConfig: Setting CVar [[r.DOF.Scatter.EnableBokehSettings:1      ; bokeh simulation when scattering]]
[2020.04.05-20.37.13:418][  0]LogConfig: Setting CVar [[r.DOF.Scatter.MaxSpriteRatio:0.1         ; only a maximum of 10% of scattered bokeh]]
[2020.04.05-20.37.13:418][  0]LogConfig: Setting CVar [[r.DOF.Recombine.Quality:1                ; cheap slight out of focus]]
[2020.04.05-20.37.13:418][  0]LogConfig: Setting CVar [[r.DOF.Recombine.EnableBokehSettings:0    ; no bokeh simulation on slight out of focus]]
[2020.04.05-20.37.13:418][  0]LogConfig: Setting CVar [[r.DOF.TemporalAAQuality:1                ; more stable temporal accumulation]]
[2020.04.05-20.37.13:418][  0]LogConfig: Setting CVar [[r.DOF.Kernel.MaxForegroundRadius:0.025]]
[2020.04.05-20.37.13:418][  0]LogConfig: Setting CVar [[r.DOF.Kernel.MaxBackgroundRadius:0.025]]
[2020.04.05-20.37.13:418][  0]LogConfig: Applying CVar settings from Section [TextureQuality@3] File [D:/Packt_New_Repository/Learning-Unreal-Engine-4-Game-Development-2nd-Edition-/FirstGame/Saved/Config/Windows/Scalability.ini]
[2020.04.05-20.37.13:418][  0]LogConfig: Setting CVar [[r.Streaming.MipBias:0]]
[2020.04.05-20.37.13:418][  0]LogConfig: Setting CVar [[r.Streaming.AmortizeCPUToGPUCopy:0]]
[2020.04.05-20.37.13:418][  0]LogConfig: Setting CVar [[r.Streaming.MaxNumTexturesToStreamPerFrame:0]]
[2020.04.05-20.37.13:418][  0]LogConfig: Setting CVar [[r.Streaming.Boost:1]]
[2020.04.05-20.37.13:418][  0]LogConfig: Setting CVar [[r.MaxAnisotropy:8]]
[2020.04.05-20.37.13:418][  0]LogConfig: Setting CVar [[r.Streaming.LimitPoolSizeToVRAM:0]]
[2020.04.05-20.37.13:418][  0]LogConfig: Setting CVar [[r.Streaming.PoolSize:1000]]
[2020.04.05-20.37.13:418][  0]LogConfig: Setting CVar [[r.Streaming.MaxEffectiveScreenSize:0]]
[2020.04.05-20.37.13:418][  0]LogConfig: Applying CVar settings from Section [EffectsQuality@3] File [D:/Packt_New_Repository/Learning-Unreal-Engine-4-Game-Development-2nd-Edition-/FirstGame/Saved/Config/Windows/Scalability.ini]
[2020.04.05-20.37.13:418][  0]LogConfig: Setting CVar [[r.TranslucencyLightingVolumeDim:64]]
[2020.04.05-20.37.13:418][  0]LogConfig: Setting CVar [[r.RefractionQuality:2]]
[2020.04.05-20.37.13:418][  0]LogConfig: Setting CVar [[r.SSR.Quality:3]]
[2020.04.05-20.37.13:418][  0]LogConfig: Setting CVar [[r.SceneColorFormat:4]]
[2020.04.05-20.37.13:418][  0]LogConfig: Setting CVar [[r.DetailMode:2]]
[2020.04.05-20.37.13:418][  0]LogConfig: Setting CVar [[r.TranslucencyVolumeBlur:1]]
[2020.04.05-20.37.13:418][  0]LogConfig: Setting CVar [[r.MaterialQualityLevel:1 ; High quality]]
[2020.04.05-20.37.13:418][  0]LogConfig: Setting CVar [[r.SSS.Scale:1]]
[2020.04.05-20.37.13:418][  0]LogConfig: Setting CVar [[r.SSS.SampleSet:2]]
[2020.04.05-20.37.13:418][  0]LogConfig: Setting CVar [[r.SSS.Quality:1]]
[2020.04.05-20.37.13:418][  0]LogConfig: Setting CVar [[r.SSS.HalfRes:1]]
[2020.04.05-20.37.13:418][  0]LogConfig: Setting CVar [[r.EmitterSpawnRateScale:1.0]]
[2020.04.05-20.37.13:418][  0]LogConfig: Setting CVar [[r.ParticleLightQuality:2]]
[2020.04.05-20.37.13:418][  0]LogConfig: Applying CVar settings from Section [FoliageQuality@3] File [D:/Packt_New_Repository/Learning-Unreal-Engine-4-Game-Development-2nd-Edition-/FirstGame/Saved/Config/Windows/Scalability.ini]
[2020.04.05-20.37.13:418][  0]LogConfig: Setting CVar [[foliage.DensityScale:1.0]]
[2020.04.05-20.37.13:418][  0]LogConfig: Setting CVar [[grass.DensityScale:1.0]]
[2020.04.05-20.37.13:418][  0]LogInit: Selected Device Profile: [Windows]
[2020.04.05-20.37.13:418][  0]LogInit: Applying CVar settings loaded from the selected device profile: [Windows]
[2020.04.05-20.37.13:420][  0]LogHAL: Display: Platform has ~ 16 GB [17052942336 / 17179869184 / 16], which maps to Larger [LargestMinGB=32, LargerMinGB=12, DefaultMinGB=8, SmallerMinGB=6, SmallestMinGB=0)
[2020.04.05-20.37.13:420][  0]LogInit: Going up to parent DeviceProfile []
[2020.04.05-20.37.13:420][  0]LogConfig: Applying CVar settings from Section [ViewDistanceQuality@3] File [D:/Packt_New_Repository/Learning-Unreal-Engine-4-Game-Development-2nd-Edition-/FirstGame/Saved/Config/Windows/Scalability.ini]
[2020.04.05-20.37.13:420][  0]LogConfig: Setting CVar [[r.SkeletalMeshLODBias:0]]
[2020.04.05-20.37.13:420][  0]LogConfig: Setting CVar [[r.ViewDistanceScale:1.0]]
[2020.04.05-20.37.13:420][  0]LogConfig: Applying CVar settings from Section [AntiAliasingQuality@3] File [D:/Packt_New_Repository/Learning-Unreal-Engine-4-Game-Development-2nd-Edition-/FirstGame/Saved/Config/Windows/Scalability.ini]
[2020.04.05-20.37.13:420][  0]LogConfig: Setting CVar [[r.PostProcessAAQuality:4]]
[2020.04.05-20.37.13:420][  0]LogConfig: Applying CVar settings from Section [ShadowQuality@3] File [D:/Packt_New_Repository/Learning-Unreal-Engine-4-Game-Development-2nd-Edition-/FirstGame/Saved/Config/Windows/Scalability.ini]
[2020.04.05-20.37.13:420][  0]LogConfig: Setting CVar [[r.LightFunctionQuality:1]]
[2020.04.05-20.37.13:420][  0]LogConfig: Setting CVar [[r.ShadowQuality:5]]
[2020.04.05-20.37.13:420][  0]LogConfig: Setting CVar [[r.Shadow.CSM.MaxCascades:10]]
[2020.04.05-20.37.13:420][  0]LogConfig: Setting CVar [[r.Shadow.MaxResolution:2048]]
[2020.04.05-20.37.13:420][  0]LogConfig: Setting CVar [[r.Shadow.MaxCSMResolution:2048]]
[2020.04.05-20.37.13:420][  0]LogConfig: Setting CVar [[r.Shadow.RadiusThreshold:0.01]]
[2020.04.05-20.37.13:420][  0]LogConfig: Setting CVar [[r.Shadow.DistanceScale:1.0]]
[2020.04.05-20.37.13:420][  0]LogConfig: Setting CVar [[r.Shadow.CSM.TransitionScale:1.0]]
[2020.04.05-20.37.13:420][  0]LogConfig: Setting CVar [[r.Shadow.PreShadowResolutionFactor:1.0]]
[2020.04.05-20.37.13:420][  0]LogConfig: Setting CVar [[r.DistanceFieldShadowing:1]]
[2020.04.05-20.37.13:420][  0]LogConfig: Setting CVar [[r.DistanceFieldAO:1]]
[2020.04.05-20.37.13:420][  0]LogConfig: Setting CVar [[r.AOQuality:2]]
[2020.04.05-20.37.13:420][  0]LogConfig: Setting CVar [[r.VolumetricFog:1]]
[2020.04.05-20.37.13:421][  0]LogConfig: Setting CVar [[r.VolumetricFog.GridPixelSize:8]]
[2020.04.05-20.37.13:421][  0]LogConfig: Setting CVar [[r.VolumetricFog.GridSizeZ:128]]
[2020.04.05-20.37.13:421][  0]LogConfig: Setting CVar [[r.VolumetricFog.HistoryMissSupersampleCount:4]]
[2020.04.05-20.37.13:421][  0]LogConfig: Setting CVar [[r.LightMaxDrawDistanceScale:1]]
[2020.04.05-20.37.13:421][  0]LogConfig: Setting CVar [[r.CapsuleShadows:1]]
[2020.04.05-20.37.13:421][  0]LogConfig: Applying CVar settings from Section [PostProcessQuality@3] File [D:/Packt_New_Repository/Learning-Unreal-Engine-4-Game-Development-2nd-Edition-/FirstGame/Saved/Config/Windows/Scalability.ini]
[2020.04.05-20.37.13:421][  0]LogConfig: Setting CVar [[r.MotionBlurQuality:4]]
[2020.04.05-20.37.13:421][  0]LogConfig: Setting CVar [[r.AmbientOcclusionMipLevelFactor:0.4]]
[2020.04.05-20.37.13:421][  0]LogConfig: Setting CVar [[r.AmbientOcclusionMaxQuality:100]]
[2020.04.05-20.37.13:421][  0]LogConfig: Setting CVar [[r.AmbientOcclusionLevels:-1]]
[2020.04.05-20.37.13:421][  0]LogConfig: Setting CVar [[r.AmbientOcclusionRadiusScale:1.0]]
[2020.04.05-20.37.13:421][  0]LogConfig: Setting CVar [[r.DepthOfFieldQuality:2]]
[2020.04.05-20.37.13:421][  0]LogConfig: Setting CVar [[r.RenderTargetPoolMin:400]]
[2020.04.05-20.37.13:421][  0]LogConfig: Setting CVar [[r.LensFlareQuality:2]]
[2020.04.05-20.37.13:421][  0]LogConfig: Setting CVar [[r.SceneColorFringeQuality:1]]
[2020.04.05-20.37.13:421][  0]LogConfig: Setting CVar [[r.EyeAdaptationQuality:2]]
[2020.04.05-20.37.13:421][  0]LogConfig: Setting CVar [[r.BloomQuality:5]]
[2020.04.05-20.37.13:421][  0]LogConfig: Setting CVar [[r.FastBlurThreshold:100]]
[2020.04.05-20.37.13:421][  0]LogConfig: Setting CVar [[r.Upscale.Quality:3]]
[2020.04.05-20.37.13:421][  0]LogConfig: Setting CVar [[r.Tonemapper.GrainQuantization:1]]
[2020.04.05-20.37.13:421][  0]LogConfig: Setting CVar [[r.LightShaftQuality:1]]
[2020.04.05-20.37.13:421][  0]LogConfig: Setting CVar [[r.Filter.SizeScale:1]]
[2020.04.05-20.37.13:421][  0]LogConfig: Setting CVar [[r.Tonemapper.Quality:5]]
[2020.04.05-20.37.13:421][  0]LogConfig: Setting CVar [[r.DOF.Gather.AccumulatorQuality:1        ; higher gathering accumulator quality]]
[2020.04.05-20.37.13:421][  0]LogConfig: Setting CVar [[r.DOF.Gather.PostfilterMethod:1          ; Median3x3 postfilering method]]
[2020.04.05-20.37.13:421][  0]LogConfig: Setting CVar [[r.DOF.Gather.EnableBokehSettings:0       ; no bokeh simulation when gathering]]
[2020.04.05-20.37.13:421][  0]LogConfig: Setting CVar [[r.DOF.Gather.RingCount:4                 ; medium number of samples when gathering]]
[2020.04.05-20.37.13:421][  0]LogConfig: Setting CVar [[r.DOF.Scatter.ForegroundCompositing:1    ; additive foreground scattering]]
[2020.04.05-20.37.13:421][  0]LogConfig: Setting CVar [[r.DOF.Scatter.BackgroundCompositing:2    ; additive background scattering]]
[2020.04.05-20.37.13:421][  0]LogConfig: Setting CVar [[r.DOF.Scatter.EnableBokehSettings:1      ; bokeh simulation when scattering]]
[2020.04.05-20.37.13:421][  0]LogConfig: Setting CVar [[r.DOF.Scatter.MaxSpriteRatio:0.1         ; only a maximum of 10% of scattered bokeh]]
[2020.04.05-20.37.13:421][  0]LogConfig: Setting CVar [[r.DOF.Recombine.Quality:1                ; cheap slight out of focus]]
[2020.04.05-20.37.13:421][  0]LogConfig: Setting CVar [[r.DOF.Recombine.EnableBokehSettings:0    ; no bokeh simulation on slight out of focus]]
[2020.04.05-20.37.13:421][  0]LogConfig: Setting CVar [[r.DOF.TemporalAAQuality:1                ; more stable temporal accumulation]]
[2020.04.05-20.37.13:421][  0]LogConfig: Setting CVar [[r.DOF.Kernel.MaxForegroundRadius:0.025]]
[2020.04.05-20.37.13:421][  0]LogConfig: Setting CVar [[r.DOF.Kernel.MaxBackgroundRadius:0.025]]
[2020.04.05-20.37.13:421][  0]LogConfig: Applying CVar settings from Section [TextureQuality@3] File [D:/Packt_New_Repository/Learning-Unreal-Engine-4-Game-Development-2nd-Edition-/FirstGame/Saved/Config/Windows/Scalability.ini]
[2020.04.05-20.37.13:421][  0]LogConfig: Setting CVar [[r.Streaming.MipBias:0]]
[2020.04.05-20.37.13:421][  0]LogConfig: Setting CVar [[r.Streaming.AmortizeCPUToGPUCopy:0]]
[2020.04.05-20.37.13:421][  0]LogConfig: Setting CVar [[r.Streaming.MaxNumTexturesToStreamPerFrame:0]]
[2020.04.05-20.37.13:421][  0]LogConfig: Setting CVar [[r.Streaming.Boost:1]]
[2020.04.05-20.37.13:421][  0]LogConfig: Setting CVar [[r.MaxAnisotropy:8]]
[2020.04.05-20.37.13:421][  0]LogConfig: Setting CVar [[r.Streaming.LimitPoolSizeToVRAM:0]]
[2020.04.05-20.37.13:421][  0]LogConfig: Setting CVar [[r.Streaming.PoolSize:1000]]
[2020.04.05-20.37.13:421][  0]LogConfig: Setting CVar [[r.Streaming.MaxEffectiveScreenSize:0]]
[2020.04.05-20.37.13:421][  0]LogConfig: Applying CVar settings from Section [EffectsQuality@3] File [D:/Packt_New_Repository/Learning-Unreal-Engine-4-Game-Development-2nd-Edition-/FirstGame/Saved/Config/Windows/Scalability.ini]
[2020.04.05-20.37.13:421][  0]LogConfig: Setting CVar [[r.TranslucencyLightingVolumeDim:64]]
[2020.04.05-20.37.13:421][  0]LogConfig: Setting CVar [[r.RefractionQuality:2]]
[2020.04.05-20.37.13:421][  0]LogConfig: Setting CVar [[r.SSR.Quality:3]]
[2020.04.05-20.37.13:421][  0]LogConfig: Setting CVar [[r.SceneColorFormat:4]]
[2020.04.05-20.37.13:421][  0]LogConfig: Setting CVar [[r.DetailMode:2]]
[2020.04.05-20.37.13:421][  0]LogConfig: Setting CVar [[r.TranslucencyVolumeBlur:1]]
[2020.04.05-20.37.13:421][  0]LogConfig: Setting CVar [[r.MaterialQualityLevel:1 ; High quality]]
[2020.04.05-20.37.13:421][  0]LogConfig: Setting CVar [[r.SSS.Scale:1]]
[2020.04.05-20.37.13:421][  0]LogConfig: Setting CVar [[r.SSS.SampleSet:2]]
[2020.04.05-20.37.13:421][  0]LogConfig: Setting CVar [[r.SSS.Quality:1]]
[2020.04.05-20.37.13:421][  0]LogConfig: Setting CVar [[r.SSS.HalfRes:1]]
[2020.04.05-20.37.13:421][  0]LogConfig: Setting CVar [[r.EmitterSpawnRateScale:1.0]]
[2020.04.05-20.37.13:421][  0]LogConfig: Setting CVar [[r.ParticleLightQuality:2]]
[2020.04.05-20.37.13:421][  0]LogConfig: Applying CVar settings from Section [FoliageQuality@3] File [D:/Packt_New_Repository/Learning-Unreal-Engine-4-Game-Development-2nd-Edition-/FirstGame/Saved/Config/Windows/Scalability.ini]
[2020.04.05-20.37.13:421][  0]LogConfig: Setting CVar [[foliage.DensityScale:1.0]]
[2020.04.05-20.37.13:421][  0]LogConfig: Setting CVar [[grass.DensityScale:1.0]]
[2020.04.05-20.37.13:421][  0]LogConfig: Applying CVar settings from Section [Startup] File [../../../Engine/Config/ConsoleVariables.ini]
[2020.04.05-20.37.13:421][  0]LogConfig: Setting CVar [[net.UseAdaptiveNetUpdateFrequency:0]]
[2020.04.05-20.37.13:421][  0]LogConfig: Setting CVar [[p.chaos.AllowCreatePhysxBodies:1]]
[2020.04.05-20.37.13:421][  0]LogConfig: Applying CVar settings from Section [ConsoleVariables] File [D:/Packt_New_Repository/Learning-Unreal-Engine-4-Game-Development-2nd-Edition-/FirstGame/Saved/Config/Windows/Engine.ini]
[2020.04.05-20.37.13:422][  0]LogInit: Computer: DESKTOP-SKCHLRK
[2020.04.05-20.37.13:422][  0]LogInit: User: SethUlibarri
[2020.04.05-20.37.13:422][  0]LogInit: CPU Page size=4096, Cores=4
[2020.04.05-20.37.13:422][  0]LogInit: High frequency timer resolution =10.000000 MHz
[2020.04.05-20.37.13:422][  0]LogMemory: Memory total: Physical=15.9GB (16GB approx)
[2020.04.05-20.37.13:422][  0]LogMemory: Platform Memory Stats for Windows
[2020.04.05-20.37.13:422][  0]LogMemory: Process Physical Memory: 103.75 MB used, 103.75 MB peak
[2020.04.05-20.37.13:422][  0]LogMemory: Process Virtual Memory: 91.87 MB used, 91.87 MB peak
[2020.04.05-20.37.13:422][  0]LogMemory: Physical Memory: 7361.25 MB used,  8901.71 MB free, 16262.95 MB total
[2020.04.05-20.37.13:422][  0]LogMemory: Virtual Memory: 4665.83 MB used,  134213064.00 MB free, 134217728.00 MB total
[2020.04.05-20.37.13:425][  0]LogWindows: WindowsPlatformFeatures enabled
[2020.04.05-20.37.13:446][  0]LogInit: Using OS detected language (en-US).
[2020.04.05-20.37.13:446][  0]LogInit: Using OS detected locale (en-US).
[2020.04.05-20.37.13:446][  0]LogTextLocalizationManager: No specific localization for 'en-US' exists, so the 'en' localization will be used.
[2020.04.05-20.37.13:598][  0]LogInit: Setting process to per monitor DPI aware
[2020.04.05-20.37.13:630][  0]LogSlate: New Slate User Created.  User Index 0, Is Virtual User: 0
[2020.04.05-20.37.13:630][  0]LogSlate: Slate User Registered.  User Index 0, Is Virtual User: 0
[2020.04.05-20.37.13:783][  0]LogHMD: Failed to initialize OpenVR with code 126
[2020.04.05-20.37.13:783][  0]LogD3D11RHI: D3D11 adapters:
[2020.04.05-20.37.13:833][  0]LogD3D11RHI:    0. 'NVIDIA GeForce GTX 1070' (Feature Level 11_0)
[2020.04.05-20.37.13:833][  0]LogD3D11RHI:       8088/0/8131 MB DedicatedVideo/DedicatedSystem/SharedSystem, Outputs:1, VendorId:0x10de
[2020.04.05-20.37.13:849][  0]LogD3D11RHI:    1. 'Intel(R) HD Graphics 530' (Feature Level 11_0)
[2020.04.05-20.37.13:849][  0]LogD3D11RHI:       128/0/8131 MB DedicatedVideo/DedicatedSystem/SharedSystem, Outputs:1, VendorId:0x8086
[2020.04.05-20.37.13:850][  0]LogD3D11RHI:    2. 'Microsoft Basic Render Driver' (Feature Level 11_0)
[2020.04.05-20.37.13:850][  0]LogD3D11RHI:       0/0/8131 MB DedicatedVideo/DedicatedSystem/SharedSystem, Outputs:0, VendorId:0x1414
[2020.04.05-20.37.13:850][  0]LogD3D11RHI: Chosen D3D11 Adapter: 0
[2020.04.05-20.37.13:858][  0]LogD3D11RHI: Creating new Direct3DDevice
[2020.04.05-20.37.13:858][  0]LogD3D11RHI:     GPU DeviceId: 0x1b81 (for the marketing name, search the web for "GPU Device Id")
[2020.04.05-20.37.13:858][  0]LogWindows: EnumDisplayDevices:
[2020.04.05-20.37.13:858][  0]LogWindows:    0. 'NVIDIA GeForce GTX 1070' (P:1 D:1)
[2020.04.05-20.37.13:858][  0]LogWindows:    1. 'NVIDIA GeForce GTX 1070' (P:0 D:0)
[2020.04.05-20.37.13:858][  0]LogWindows:    2. 'NVIDIA GeForce GTX 1070' (P:0 D:0)
[2020.04.05-20.37.13:859][  0]LogWindows:    3. 'NVIDIA GeForce GTX 1070' (P:0 D:0)
[2020.04.05-20.37.13:859][  0]LogWindows:    4. 'Intel(R) HD Graphics 530' (P:0 D:1)
[2020.04.05-20.37.13:859][  0]LogWindows:    5. 'Intel(R) HD Graphics 530' (P:0 D:0)
[2020.04.05-20.37.13:859][  0]LogWindows:    6. 'Intel(R) HD Graphics 530' (P:0 D:0)
[2020.04.05-20.37.13:860][  0]LogWindows: DebugString: PrimaryIsNotTheChoosenAdapter PrimaryIsNotTheChoosenAdapter PrimaryIsNotTheChoosenAdapter FoundDriverCount:4 
[2020.04.05-20.37.13:860][  0]LogD3D11RHI:     Adapter Name: NVIDIA GeForce GTX 1070
[2020.04.05-20.37.13:860][  0]LogD3D11RHI:   Driver Version: 425.31 (internal:25.21.14.2531, unified:425.31)
[2020.04.05-20.37.13:860][  0]LogD3D11RHI:      Driver Date: 4-9-2019
[2020.04.05-20.37.13:860][  0]LogRHI: Texture pool is 5661 MB (70% of 8088 MB)
[2020.04.05-20.37.13:893][  0]LogD3D11RHI: Async texture creation enabled
[2020.04.05-20.37.13:912][  0]LogD3D11RHI: GPU Timing Frequency: 1000.000000 (Debug: 2 1)
[2020.04.05-20.37.14:214][  0]LogTemp: Display: Module 'AllDesktopTargetPlatform' loaded TargetPlatform 'AllDesktop'
[2020.04.05-20.37.14:222][  0]LogTemp: Display: Module 'MacClientTargetPlatform' loaded TargetPlatform 'MacClient'
[2020.04.05-20.37.14:230][  0]LogTemp: Display: Module 'MacNoEditorTargetPlatform' loaded TargetPlatform 'MacNoEditor'
[2020.04.05-20.37.14:237][  0]LogTemp: Display: Module 'MacServerTargetPlatform' loaded TargetPlatform 'MacServer'
[2020.04.05-20.37.14:245][  0]LogTemp: Display: Module 'MacTargetPlatform' loaded TargetPlatform 'Mac'
[2020.04.05-20.37.14:253][  0]LogTemp: Display: Module 'WindowsClientTargetPlatform' loaded TargetPlatform 'WindowsClient'
[2020.04.05-20.37.14:261][  0]LogTemp: Display: Module 'WindowsNoEditorTargetPlatform' loaded TargetPlatform 'WindowsNoEditor'
[2020.04.05-20.37.14:269][  0]LogTemp: Display: Module 'WindowsServerTargetPlatform' loaded TargetPlatform 'WindowsServer'
[2020.04.05-20.37.14:273][  0]LogTemp: Display: Module 'WindowsTargetPlatform' loaded TargetPlatform 'Windows'
[2020.04.05-20.37.14:302][  0]LogTemp: Display: Module 'AndroidTargetPlatform' loaded TargetPlatform 'Android'
[2020.04.05-20.37.14:302][  0]LogTemp: Display: Module 'AndroidTargetPlatform' loaded TargetPlatform 'Android_ASTC'
[2020.04.05-20.37.14:302][  0]LogTemp: Display: Module 'AndroidTargetPlatform' loaded TargetPlatform 'Android_ATC'
[2020.04.05-20.37.14:302][  0]LogTemp: Display: Module 'AndroidTargetPlatform' loaded TargetPlatform 'Android_DXT'
[2020.04.05-20.37.14:302][  0]LogTemp: Display: Module 'AndroidTargetPlatform' loaded TargetPlatform 'Android_ETC1'
[2020.04.05-20.37.14:302][  0]LogTemp: Display: Module 'AndroidTargetPlatform' loaded TargetPlatform 'Android_ETC1a'
[2020.04.05-20.37.14:302][  0]LogTemp: Display: Module 'AndroidTargetPlatform' loaded TargetPlatform 'Android_ETC2'
[2020.04.05-20.37.14:302][  0]LogTemp: Display: Module 'AndroidTargetPlatform' loaded TargetPlatform 'Android_PVRTC'
[2020.04.05-20.37.14:302][  0]LogTemp: Display: Module 'AndroidTargetPlatform' loaded TargetPlatform 'AndroidClient'
[2020.04.05-20.37.14:302][  0]LogTemp: Display: Module 'AndroidTargetPlatform' loaded TargetPlatform 'Android_ASTCClient'
[2020.04.05-20.37.14:302][  0]LogTemp: Display: Module 'AndroidTargetPlatform' loaded TargetPlatform 'Android_ATCClient'
[2020.04.05-20.37.14:303][  0]LogTemp: Display: Module 'AndroidTargetPlatform' loaded TargetPlatform 'Android_DXTClient'
[2020.04.05-20.37.14:303][  0]LogTemp: Display: Module 'AndroidTargetPlatform' loaded TargetPlatform 'Android_ETC1Client'
[2020.04.05-20.37.14:303][  0]LogTemp: Display: Module 'AndroidTargetPlatform' loaded TargetPlatform 'Android_ETC1aClient'
[2020.04.05-20.37.14:303][  0]LogTemp: Display: Module 'AndroidTargetPlatform' loaded TargetPlatform 'Android_ETC2Client'
[2020.04.05-20.37.14:303][  0]LogTemp: Display: Module 'AndroidTargetPlatform' loaded TargetPlatform 'Android_PVRTCClient'
[2020.04.05-20.37.14:303][  0]LogTemp: Display: Module 'AndroidTargetPlatform' loaded TargetPlatform 'Android_Multi'
[2020.04.05-20.37.14:303][  0]LogTemp: Display: Module 'AndroidTargetPlatform' loaded TargetPlatform 'Android_MultiClient'
[2020.04.05-20.37.14:304][  0]LogTemp: Display: Module 'HTML5TargetPlatform' loaded TargetPlatform 'HTML5'
[2020.04.05-20.37.14:319][  0]LogTemp: Display: Module 'IOSTargetPlatform' loaded TargetPlatform 'IOSClient'
[2020.04.05-20.37.14:319][  0]LogTemp: Display: Module 'IOSTargetPlatform' loaded TargetPlatform 'IOS'
[2020.04.05-20.37.14:331][  0]LogTemp: Display: Module 'TVOSTargetPlatform' loaded TargetPlatform 'TVOSClient'
[2020.04.05-20.37.14:331][  0]LogTemp: Display: Module 'TVOSTargetPlatform' loaded TargetPlatform 'TVOS'
[2020.04.05-20.37.14:337][  0]LogTemp: Display: Module 'LinuxClientTargetPlatform' loaded TargetPlatform 'LinuxClient'
[2020.04.05-20.37.14:343][  0]LogTemp: Display: Module 'LinuxNoEditorTargetPlatform' loaded TargetPlatform 'LinuxNoEditor'
[2020.04.05-20.37.14:349][  0]LogTemp: Display: Module 'LinuxServerTargetPlatform' loaded TargetPlatform 'LinuxServer'
[2020.04.05-20.37.14:357][  0]LogTemp: Display: Module 'LinuxTargetPlatform' loaded TargetPlatform 'Linux'
[2020.04.05-20.37.14:378][  0]LogTemp: Display: Module 'LuminTargetPlatform' loaded TargetPlatform 'Lumin'
[2020.04.05-20.37.14:378][  0]LogTemp: Display: Module 'LuminTargetPlatform' loaded TargetPlatform 'LuminClient'
[2020.04.05-20.37.14:378][  0]LogTargetPlatformManager: Display: Building Assets For Windows
[2020.04.05-20.37.14:386][  0]LogAudioDebug: Display: Lib vorbis DLL was dynamically loaded.
[2020.04.05-20.37.14:437][  0]LogShaderCompilers: Guid format shader working directory is -35 characters bigger than the processId version (D:/Packt_New_Repository/Learning-Unreal-Engine-4-Game-Development-2nd-Edition-/FirstGame/Intermediate/Shaders/WorkingDirectory/18232/).
[2020.04.05-20.37.14:437][  0]LogShaderCompilers: Cleaned the shader compiler working directory 'C:/Users/Seth Ulibarri/AppData/Local/Temp/UnrealShaderWorkingDir/66CFC7E341D40607844107AAECC495A1/'.
[2020.04.05-20.37.14:439][  0]LogXGEController: Cleaning working directory: C:/Users/Seth Ulibarri/AppData/Local/Temp/UnrealXGEWorkingDir/
[2020.04.05-20.37.14:440][  0]LogXGEController: Cannot use XGE Controller as Incredibuild is not installed on this machine.
[2020.04.05-20.37.14:440][  0]LogShaderCompilers: Cannot use XGE Shader Compiler as Incredibuild is not installed on this machine.
[2020.04.05-20.37.14:440][  0]LogShaderCompilers: Display: Using Local Shader Compiler.
[2020.04.05-20.37.14:936][  0]LogDerivedDataCache: Display: Max Cache Size: 512 MB
[2020.04.05-20.37.14:978][  0]LogDerivedDataCache: Loaded boot cache 0.04s 76MB C:/Users/Seth Ulibarri/AppData/Local/UnrealEngine/4.23/DerivedDataCache/Boot.ddc.
[2020.04.05-20.37.14:978][  0]LogDerivedDataCache: Display: Loaded Boot cache: C:/Users/Seth Ulibarri/AppData/Local/UnrealEngine/4.23/DerivedDataCache/Boot.ddc
[2020.04.05-20.37.14:978][  0]LogDerivedDataCache: FDerivedDataBackendGraph:  Pak pak cache file D:/Packt_New_Repository/Learning-Unreal-Engine-4-Game-Development-2nd-Edition-/FirstGame/DerivedDataCache/DDC.ddp not found, will not use a pak cache.
[2020.04.05-20.37.14:978][  0]LogDerivedDataCache: Unable to find inner node Pak for hierarchical cache Hierarchy.
[2020.04.05-20.37.14:978][  0]LogDerivedDataCache: FDerivedDataBackendGraph:  CompressedPak pak cache file D:/Packt_New_Repository/Learning-Unreal-Engine-4-Game-Development-2nd-Edition-/FirstGame/DerivedDataCache/Compressed.ddp not found, will not use a pak cache.
[2020.04.05-20.37.14:978][  0]LogDerivedDataCache: Unable to find inner node CompressedPak for hierarchical cache Hierarchy.
[2020.04.05-20.37.14:987][  0]LogDerivedDataCache: Display: Pak cache opened for reading ../../../Engine/DerivedDataCache/Compressed.ddp.
[2020.04.05-20.37.14:987][  0]LogDerivedDataCache: FDerivedDataBackendGraph:  EnterprisePak pak cache file ../../../Enterprise/DerivedDataCache/Compressed.ddp not found, will not use a pak cache.
[2020.04.05-20.37.14:987][  0]LogDerivedDataCache: Unable to find inner node EnterprisePak for hierarchical cache Hierarchy.
[2020.04.05-20.37.14:988][  0]LogDerivedDataCache: Using Local data cache path C:/Users/Seth Ulibarri/AppData/Local/UnrealEngine/Common/DerivedDataCache: Writable
[2020.04.05-20.37.14:988][  0]LogDerivedDataCache: Shared data cache path not found in *engine.ini, will not use an Shared cache.
[2020.04.05-20.37.14:988][  0]LogDerivedDataCache: Unable to find inner node Shared for hierarchical cache Hierarchy.
[2020.04.05-20.37.15:006][  0]LogMaterial: Verifying Global Shaders for PCD3D_SM5
[2020.04.05-20.37.15:008][  0]LogSlate: Using FreeType 2.6.0
[2020.04.05-20.37.15:008][  0]LogSlate: SlateFontServices - WITH_FREETYPE: 1, WITH_HARFBUZZ: 1
[2020.04.05-20.37.15:055][  0]LogAssetRegistry: FAssetRegistry took 0.0023 seconds to start up
[2020.04.05-20.37.15:272][  0]LogInit: Selected Device Profile: [Windows]
[2020.04.05-20.37.15:394][  0]LogMeshReduction: Using QuadricMeshReduction for automatic static mesh reduction
[2020.04.05-20.37.15:394][  0]LogMeshReduction: Using SimplygonMeshReduction for automatic skeletal mesh reduction
[2020.04.05-20.37.15:394][  0]LogMeshReduction: Using ProxyLODMeshReduction for automatic mesh merging
[2020.04.05-20.37.15:394][  0]LogMeshReduction: No distributed automatic mesh merging module available
[2020.04.05-20.37.15:394][  0]LogMeshMerging: No distributed automatic mesh merging module available
[2020.04.05-20.37.15:402][  0]LogNetVersion: FirstGame 1.0.0, NetCL: 8386587, EngineNetVer: 11, GameNetVer: 0 (Checksum: 2093783489)
[2020.04.05-20.37.15:740][  0]LogPackageLocalizationCache: Processed 12 localized package path(s) for 1 prioritized culture(s) in 0.035551 seconds
[2020.04.05-20.37.15:746][  0]LogUObjectArray: 43444 objects as part of root set at end of initial load.
[2020.04.05-20.37.15:746][  0]LogUObjectAllocator: 7548648 out of 0 bytes used by permanent object pool.
[2020.04.05-20.37.15:746][  0]LogUObjectArray: CloseDisregardForGC: 0/0 objects in disregard for GC pool
[2020.04.05-20.37.16:431][  0]LogTcpMessaging: Initializing TcpMessaging bridge
[2020.04.05-20.37.16:435][  0]LogUdpMessaging: Initializing bridge on interface 0.0.0.0:0 to multicast group 230.0.0.1:6666.
[2020.04.05-20.37.16:824][  0]SourceControl: Source control is disabled
[2020.04.05-20.37.17:358][  0]LogAndroidPermission: UAndroidPermissionCallbackProxy::GetInstance
[2020.04.05-20.37.17:580][  0]LogOcInput: OculusInput pre-init called
[2020.04.05-20.37.18:105][  0]LogEngine: Initializing Engine...
[2020.04.05-20.37.18:131][  0]LogHMD: Failed to initialize OpenVR with code 126
[2020.04.05-20.37.18:132][  0]LogStats: UGameplayTagsManager::InitializeManager -  0.000 s
[2020.04.05-20.37.18:311][  0]LogInit: Initializing FReadOnlyCVARCache
[2020.04.05-20.37.18:322][  0]LogAIModule: Creating AISystem for world Untitled
[2020.04.05-20.37.18:428][  0]LogInit: XAudio2 using 'Headphones (High Definition Audio Device)' : 2 channels at 44.1 kHz using 16 bits per sample (channel mask 0x3)
[2020.04.05-20.37.18:461][  0]LogInit: FAudioDevice initialized.
[2020.04.05-20.37.18:461][  0]LogNetVersion: Set ProjectVersion to 1.0.0.0. Version Checksum will be recalculated on next use.
[2020.04.05-20.37.18:533][  0]LogDerivedDataCache: Saved boot cache 0.07s 76MB C:/Users/Seth Ulibarri/AppData/Local/UnrealEngine/4.23/DerivedDataCache/Boot.ddc.
[2020.04.05-20.37.18:540][  0]LogInit: Texture streaming: Enabled
[2020.04.05-20.37.18:557][  0]LogEngineSessionManager: EngineSessionManager initialized
[2020.04.05-20.37.18:557][  0]LogEngineSessionManager: EngineSessionManager sent abnormal shutdown report. Type=Crashed, SessionId={10E459F2-4A68-DC2A-BBD1-118A07E10FE4}
[2020.04.05-20.37.18:557][  0]LogEditorSessionSummary: Verbose: Initializing EditorSessionSummaryWriter for editor session tracking
[2020.04.05-20.37.18:557][  0]LogEditorSessionSummary: EditorSessionSummaryWriter initialized
[2020.04.05-20.37.18:611][  0]LogInit: Transaction tracking system initialized
[2020.04.05-20.37.18:642][  0]BlueprintLog: New page: Editor Load
[2020.04.05-20.37.18:713][  0]LocalizationService: Localization service is disabled
[2020.04.05-20.37.18:787][  0]LogLinker: Warning: Failed to load '/Game/100+crosshairspack/Demo/100+CrosshairsPack_Tutorial': Can't find file.
[2020.04.05-20.37.18:787][  0]LogLinker: Warning: Failed to load '/Game/100+crosshairspack/Demo/100+CrosshairsPack_Tutorial': Can't find file.
[2020.04.05-20.37.18:787][  0]LogUObjectGlobals: Warning: Failed to find object 'Class /Game/100+crosshairspack/Demo/100+CrosshairsPack_Tutorial.100+CrosshairsPack_Tutorial_C'
[2020.04.05-20.37.18:943][  0]LogCook: Display: Max memory allowance for cook 16384mb min free memory 0mb
[2020.04.05-20.37.18:943][  0]LogCook: Display: Mobile HDR setting 1
[2020.04.05-20.37.19:108][  0]LogFileCache: Scanning file cache for directory 'D:/Packt_New_Repository/Learning-Unreal-Engine-4-Game-Development-2nd-Edition-/FirstGame/Content/' took 0.01s
[2020.04.05-20.37.19:108][  0]LightingResults: New page: Lighting Build
[2020.04.05-20.37.19:110][  0]LogWorld: UWorld::CleanupWorld for Untitled, bSessionEnded=true, bCleanupResources=true
[2020.04.05-20.37.19:111][  0]MapCheck: New page: Map Check
[2020.04.05-20.37.19:111][  0]LightingResults: New page: Lighting Build
[2020.04.05-20.37.19:132][  0]LogUObjectHash: Compacting FUObjectHashTables data took   1.61ms
[2020.04.05-20.37.20:081][  0]LogAIModule: Creating AISystem for world ThirdPersonExampleMap
[2020.04.05-20.37.20:088][  0]LogEditorServer: Finished looking for orphan Actors (0.000 secs)
[2020.04.05-20.37.20:110][  0]LogUObjectHash: Compacting FUObjectHashTables data took   1.78ms
[2020.04.05-20.37.20:110][  0]Cmd: MAP CHECKDEP NOCLEARLOG
[2020.04.05-20.37.20:110][  0]MapCheck: Map check complete: 0 Error(s), 0 Warning(s), took 0.084ms to complete.
[2020.04.05-20.37.20:110][  0]LogFileHelpers: Loading map 'ThirdPersonExampleMap' took 1.003
[2020.04.05-20.37.20:204][  0]LogSlate: Updating window title bar state: overlay mode, drag disabled, window buttons hidden, title bar hidden
[2020.04.05-20.37.20:211][  0]LogSlate: Updating window title bar state: overlay mode, drag disabled, window buttons hidden, title bar hidden
[2020.04.05-20.37.20:218][  0]LogSlate: Updating window title bar state: overlay mode, drag disabled, window buttons hidden, title bar hidden
[2020.04.05-20.37.20:225][  0]LogSlate: Updating window title bar state: overlay mode, drag disabled, window buttons hidden, title bar hidden
[2020.04.05-20.37.20:231][  0]LogCollectionManager: Loaded 0 collections in 0.001771 seconds
[2020.04.05-20.37.20:237][  0]LogFileCache: Scanning file cache for directory 'D:/Packt_New_Repository/Learning-Unreal-Engine-4-Game-Development-2nd-Edition-/FirstGame/Saved/Collections/' took 0.00s
[2020.04.05-20.37.20:237][  0]LogFileCache: Scanning file cache for directory 'D:/Packt_New_Repository/Learning-Unreal-Engine-4-Game-Development-2nd-Edition-/FirstGame/Content/Developers/SethUlibarri/Collections/' took 0.00s
[2020.04.05-20.37.20:237][  0]LogFileCache: Scanning file cache for directory 'D:/Packt_New_Repository/Learning-Unreal-Engine-4-Game-Development-2nd-Edition-/FirstGame/Content/Collections/' took 0.00s
[2020.04.05-20.37.20:237][  0]LogCollectionManager: Rebuilt the GUID cache for 0 collections in 0.000002 seconds
[2020.04.05-20.37.20:245][  0]LogContentBrowser: Native class hierarchy populated in 0.0075 seconds. Added 2880 classes and 682 folders.
[2020.04.05-20.37.20:252][  0]LogContentBrowser: Native class hierarchy updated for 'WidgetCarousel' in 0.0002 seconds. Added 0 classes and 0 folders.
[2020.04.05-20.37.20:283][  0]LogContentBrowser: Native class hierarchy updated for 'AddContentDialog' in 0.0002 seconds. Added 0 classes and 0 folders.
[2020.04.05-20.37.20:290][  0]LogContentBrowser: Native class hierarchy updated for 'SceneOutliner' in 0.0003 seconds. Added 1 classes and 2 folders.
[2020.04.05-20.37.20:376][  0]LogSlate: Took 0.000412 seconds to synchronously load lazily loaded font '../../../Engine/Content/Slate/Fonts/Roboto-Regular.ttf' (155K)
[2020.04.05-20.37.20:379][  0]LogSlate: Took 0.000141 seconds to synchronously load lazily loaded font '../../../Engine/Content/Slate/Fonts/Roboto-Bold.ttf' (160K)
[2020.04.05-20.37.20:381][  0]LogSlate: Took 0.000108 seconds to synchronously load lazily loaded font '../../../Engine/Content/Editor/Slate/Fonts/FontAwesome.ttf' (139K)
[2020.04.05-20.37.20:432][  0]LogRenderer: Reallocating scene render targets to support 1036x488 Format 10 NumSamples 1 (Frame:1).
[2020.04.05-20.37.20:563][  0]LogContentBrowser: Native class hierarchy updated for 'HierarchicalLODOutliner' in 0.0003 seconds. Added 0 classes and 0 folders.
[2020.04.05-20.37.20:563][  0]LogLoad: (Engine Initialization) Total time: 8.60 seconds
[2020.04.05-20.37.20:563][  0]LogLoad: (Engine Initialization) Total Blueprint compile time: 0.00 seconds
[2020.04.05-20.37.20:673][  0]LogContentStreaming: Texture pool size now 1000 MB
[2020.04.05-20.37.20:700][  0]LogSlate: Took 0.000171 seconds to synchronously load lazily loaded font '../../../Engine/Content/Slate/Fonts/Roboto-Light.ttf' (167K)
[2020.04.05-20.37.20:741][  1]LogAssetRegistry: Asset discovery search completed in 5.6871 seconds
[2020.04.05-20.37.20:745][  1]LogCollectionManager: Rebuilt the object cache for 0 collections in 0.000005 seconds (found 0 objects)
[2020.04.05-20.37.20:745][  1]LogCollectionManager: Fixed up redirectors for 0 collections in 0.000079 seconds (updated 0 objects)
[2020.04.05-20.37.22:054][  5]LogSlate: Took 0.000141 seconds to synchronously load lazily loaded font '../../../Engine/Content/Slate/Fonts/Roboto-Light.ttf' (167K)
[2020.04.05-20.38.00:548][684]LogSlate: FSceneViewport::OnFocusLost() reason 0
[2020.04.05-20.38.00:735][703]LogAssetEditorManager: Opening Asset editor for Blueprint /Game/Chapter12/Enemy_BP.Enemy_BP
[2020.04.05-20.38.00:972][703]LogContentBrowser: Native class hierarchy updated for 'BlueprintGraph' in 0.0004 seconds. Added 121 classes and 0 folders.
[2020.04.05-20.38.02:890][818]LogWorld: UWorld::CleanupWorld for World_1, bSessionEnded=true, bCleanupResources=true
[2020.04.05-20.38.02:949][818]LogAssetEditorManager: Opening Asset editor for Blueprint /Game/Chapter12/Enemy_BP.Enemy_BP
[2020.04.05-20.38.03:216][818]LogSlate: Took 0.004372 seconds to synchronously load lazily loaded font '../../../Engine/Content/Slate/Fonts/Roboto-BoldCondensed.ttf' (158K)
[2020.04.05-20.38.03:944][895]LogSlate: Took 0.000142 seconds to synchronously load lazily loaded font '../../../Engine/Content/Slate/Fonts/Roboto-Italic.ttf' (157K)
[2020.04.05-20.38.04:423][951]LogRenderer: Reallocating scene render targets to support 1096x692 Format 10 NumSamples 1 (Frame:1).
[2020.04.05-20.38.12:668][925]LogSlate: FSceneViewport::OnFocusLost() reason 0
[2020.04.05-20.38.44:508][259]LogHotReload: New module detected: UE4Editor-FirstGame-0001.dll
[2020.04.05-20.38.45:532][263]LogHotReload: Starting Hot-Reload from IDE
[2020.04.05-20.38.45:577][263]LogUObjectHash: Compacting FUObjectHashTables data took   2.73ms
[2020.04.05-20.38.45:596][263]LogClass: Could not find existing class Enemy in package /Script/FirstGame for HotReload, assuming new class
[2020.04.05-20.38.45:596][263]LogClass: Function AgroSphereBeginOverlap is new.
[2020.04.05-20.38.45:596][263]LogClass: Function AgroSphereEndOverlap is new.
[2020.04.05-20.38.45:596][263]LogClass: Function AttackSphereBeginOverlap is new.
[2020.04.05-20.38.45:596][263]LogClass: Function AttackSphereEndOverlap is new.
[2020.04.05-20.38.45:596][263]LogClass: Function SetIsAccelerating is new.
[2020.04.05-20.38.45:628][263]LogHotReload: Re-instancing Enemy after hot-reload.
[2020.04.05-20.38.46:669][263]LogWindows: Error: === Critical error: ===
[2020.04.05-20.38.46:669][263]LogWindows: Error: 
[2020.04.05-20.38.46:669][263]LogWindows: Error: Fatal error!
[2020.04.05-20.38.46:669][263]LogWindows: Error: 
[2020.04.05-20.38.46:669][263]LogWindows: Error: Unhandled Exception: EXCEPTION_ACCESS_VIOLATION reading address 0x00000768
[2020.04.05-20.38.46:669][263]LogWindows: Error: 
[2020.04.05-20.38.46:669][263]LogWindows: Error: [Callstack] 0x00007ffb32fddb77 UE4Editor-FirstGame.dll!UnknownFunction []
[2020.04.05-20.38.46:669][263]LogWindows: Error: [Callstack] 0x00007ffb32fddcf2 UE4Editor-FirstGame.dll!UnknownFunction []
[2020.04.05-20.38.46:669][263]LogWindows: Error: [Callstack] 0x00007ffb6c7c84b8 UE4Editor-CoreUObject.dll!UnknownFunction []
[2020.04.05-20.38.46:669][263]LogWindows: Error: [Callstack] 0x00007ffb6c9dd50e UE4Editor-CoreUObject.dll!UnknownFunction []
[2020.04.05-20.38.46:669][263]LogWindows: Error: [Callstack] 0x00007ffb6ca01e62 UE4Editor-CoreUObject.dll!UnknownFunction []
[2020.04.05-20.38.46:669][263]LogWindows: Error: [Callstack] 0x00007ffb6c9d163b UE4Editor-CoreUObject.dll!UnknownFunction []
[2020.04.05-20.38.46:669][263]LogWindows: Error: [Callstack] 0x00007ffb6ca01b73 UE4Editor-CoreUObject.dll!UnknownFunction []
[2020.04.05-20.38.46:669][263]LogWindows: Error: [Callstack] 0x00007ffb6ca01e62 UE4Editor-CoreUObject.dll!UnknownFunction []
[2020.04.05-20.38.46:669][263]LogWindows: Error: [Callstack] 0x00007ffb6ca017b4 UE4Editor-CoreUObject.dll!UnknownFunction []
[2020.04.05-20.38.46:669][263]LogWindows: Error: [Callstack] 0x00007ffb6c7c84b8 UE4Editor-CoreUObject.dll!UnknownFunction []
[2020.04.05-20.38.46:669][263]LogWindows: Error: [Callstack] 0x00007ffb6ca012b7 UE4Editor-CoreUObject.dll!UnknownFunction []
[2020.04.05-20.38.46:669][263]LogWindows: Error: [Callstack] 0x00007ffb62e7ec4a UE4Editor-Engine.dll!UnknownFunction []
[2020.04.05-20.38.46:669][263]LogWindows: Error: [Callstack] 0x00007ffb61d32a49 UE4Editor-Engine.dll!UnknownFunction []
[2020.04.05-20.38.46:669][263]LogWindows: Error: [Callstack] 0x00007ffb620a2409 UE4Editor-Engine.dll!UnknownFunction []
[2020.04.05-20.38.46:669][263]LogWindows: Error: [Callstack] 0x00007ffb62088fde UE4Editor-Engine.dll!UnknownFunction []
[2020.04.05-20.38.46:669][263]LogWindows: Error: [Callstack] 0x00007ffb6208feaa UE4Editor-Engine.dll!UnknownFunction []
[2020.04.05-20.38.46:669][263]LogWindows: Error: [Callstack] 0x00007ffb61fb3f60 UE4Editor-Engine.dll!UnknownFunction []
[2020.04.05-20.38.46:669][263]LogWindows: Error: [Callstack] 0x00007ffb61fe10d7 UE4Editor-Engine.dll!UnknownFunction []
[2020.04.05-20.38.46:669][263]LogWindows: Error: [Callstack] 0x00007ffb61c1dd05 UE4Editor-Engine.dll!UnknownFunction []
[2020.04.05-20.38.46:670][263]LogWindows: Error: [Callstack] 0x00007ffb61c2bc2c UE4Editor-Engine.dll!UnknownFunction []
[2020.04.05-20.38.46:670][263]LogWindows: Error: [Callstack] 0x00007ffb61c29c98 UE4Editor-Engine.dll!UnknownFunction []
[2020.04.05-20.38.46:670][263]LogWindows: Error: [Callstack] 0x00007ffb624d46b1 UE4Editor-Engine.dll!UnknownFunction []
[2020.04.05-20.38.46:670][263]LogWindows: Error: [Callstack] 0x00007ffb624d4ba7 UE4Editor-Engine.dll!UnknownFunction []
[2020.04.05-20.38.46:670][263]LogWindows: Error: [Callstack] 0x00007ffb605ad831 UE4Editor-UnrealEd.dll!UnknownFunction []
[2020.04.05-20.38.46:670][263]LogWindows: Error: [Callstack] 0x00007ffb605af440 UE4Editor-UnrealEd.dll!UnknownFunction []
[2020.04.05-20.38.46:670][263]LogWindows: Error: [Callstack] 0x00007ffb6056e23f UE4Editor-UnrealEd.dll!UnknownFunction []
[2020.04.05-20.38.46:670][263]LogWindows: Error: [Callstack] 0x00007ffb5e982ee6 UE4Editor-Kismet.dll!UnknownFunction []
[2020.04.05-20.38.46:670][263]LogWindows: Error: [Callstack] 0x00007ffb5e93397f UE4Editor-Kismet.dll!UnknownFunction []
[2020.04.05-20.38.46:670][263]LogWindows: Error: [Callstack] 0x00007ffb605760e8 UE4Editor-UnrealEd.dll!UnknownFunction []
[2020.04.05-20.38.46:670][263]LogWindows: Error: [Callstack] 0x00007ffb6057855a UE4Editor-UnrealEd.dll!UnknownFunction []
[2020.04.05-20.38.46:670][263]LogWindows: Error: [Callstack] 0x00007ffb605aa2ae UE4Editor-UnrealEd.dll!UnknownFunction []
[2020.04.05-20.38.46:670][263]LogWindows: Error: [Callstack] 0x00007ffb339369e1 UE4Editor-HotReload.dll!UnknownFunction []
[2020.04.05-20.38.46:670][263]LogWindows: Error: [Callstack] 0x00007ffb33936b64 UE4Editor-HotReload.dll!UnknownFunction []
[2020.04.05-20.38.46:670][263]LogWindows: Error: [Callstack] 0x00007ffb3392f3d6 UE4Editor-HotReload.dll!UnknownFunction []
[2020.04.05-20.38.46:670][263]LogWindows: Error: [Callstack] 0x00007ffb6c71ac0b UE4Editor-CoreUObject.dll!UnknownFunction []
[2020.04.05-20.38.46:670][263]LogWindows: Error: [Callstack] 0x00007ffb6ca21be7 UE4Editor-CoreUObject.dll!UnknownFunction []
[2020.04.05-20.38.46:670][263]LogWindows: Error: [Callstack] 0x00007ffb6ca02361 UE4Editor-CoreUObject.dll!UnknownFunction []
[2020.04.05-20.38.46:670][263]LogWindows: Error: [Callstack] 0x00007ffb6c934fd5 UE4Editor-CoreUObject.dll!UnknownFunction []
[2020.04.05-20.38.46:670][263]LogWindows: Error: [Callstack] 0x00007ffb64ab83d7 UE4Editor-Core.dll!UnknownFunction []
[2020.04.05-20.38.46:670][263]LogWindows: Error: [Callstack] 0x00007ffb64ad0ccb UE4Editor-Core.dll!UnknownFunction []
[2020.04.05-20.38.46:670][263]LogWindows: Error: [Callstack] 0x00007ffb64acfe63 UE4Editor-Core.dll!UnknownFunction []
[2020.04.05-20.38.46:670][263]LogWindows: Error: [Callstack] 0x00007ffb3392d5c3 UE4Editor-HotReload.dll!UnknownFunction []
[2020.04.05-20.38.46:670][263]LogWindows: Error: [Callstack] 0x00007ffb3392d28e UE4Editor-HotReload.dll!UnknownFunction []
[2020.04.05-20.38.46:670][263]LogWindows: Error: [Callstack] 0x00007ffb3393c7e1 UE4Editor-HotReload.dll!UnknownFunction []
[2020.04.05-20.38.46:670][263]LogWindows: Error: [Callstack] 0x00007ffb6486382d UE4Editor-Core.dll!UnknownFunction []
[2020.04.05-20.38.46:670][263]LogWindows: Error: [Callstack] 0x00007ff6799ea93e UE4Editor.exe!UnknownFunction []
[2020.04.05-20.38.46:670][263]LogWindows: Error: [Callstack] 0x00007ff6799fa91c UE4Editor.exe!UnknownFunction []
[2020.04.05-20.38.46:670][263]LogWindows: Error: [Callstack] 0x00007ff6799fa9fa UE4Editor.exe!UnknownFunction []
[2020.04.05-20.38.46:670][263]LogWindows: Error: [Callstack] 0x00007ff679a0b92c UE4Editor.exe!UnknownFunction []
[2020.04.05-20.38.46:670][263]LogWindows: Error: [Callstack] 0x00007ff679a0e60e UE4Editor.exe!UnknownFunction []
[2020.04.05-20.38.46:670][263]LogWindows: Error: [Callstack] 0x00007ffbc2a77bd4 KERNEL32.DLL!UnknownFunction []
[2020.04.05-20.38.46:670][263]LogWindows: Error: [Callstack] 0x00007ffbc3c4ced1 ntdll.dll!UnknownFunction []
[2020.04.05-20.38.46:670][263]LogWindows: Error: 
[2020.04.05-20.38.46:689][263]LogExit: Executing StaticShutdownAfterError
[2020.04.05-20.38.46:694][263]LogWindows: FPlatformMisc::RequestExit(1)
[2020.04.05-20.38.46:730][263]Log file closed, 04/05/20 13:38:46
