Log file open, 03/04/20 11:23:46
LogWindows: Failed to load 'aqProf.dll' (GetLastError=126)
LogWindows: File 'aqProf.dll' does not exist
LogWindows: Failed to load 'VtuneApi.dll' (GetLastError=126)
LogWindows: File 'VtuneApi.dll' does not exist
LogWindows: Failed to load 'VtuneApi32e.dll' (GetLastError=126)
LogWindows: File 'VtuneApi32e.dll' does not exist
LogConsoleResponse: Display: Failed to find resolution value strings in scalability ini. Falling back to default.
LogInit: Display: Running engine for game: FirstGame
LogPlatformFile: Not using cached read wrapper
LogTaskGraph: Started task graph with 5 named threads and 14 total threads with 3 sets of task threads.
LogStats: Stats thread started at 0.732741
LogD3D11RHI: Loaded GFSDK_Aftermath_Lib.x64.dll
LogICUInternationalization: ICU TimeZone Detection - Raw Offset: -8:00, Platform Override: ''
LogPluginManager: Mounting plugin Paper2D
LogPluginManager: Mounting plugin AISupport
LogPluginManager: Mounting plugin LightPropagationVolume
LogPluginManager: Mounting plugin ActorLayerUtilities
LogPluginManager: Mounting plugin AnimationSharing
LogPluginManager: Mounting plugin CLionSourceCodeAccess
LogPluginManager: Mounting plugin CodeLiteSourceCodeAccess
LogPluginManager: Mounting plugin GitSourceControl
LogPluginManager: Mounting plugin KDevelopSourceCodeAccess
LogPluginManager: Mounting plugin NullSourceCodeAccess
LogPluginManager: Mounting plugin PerforceSourceControl
LogPluginManager: Mounting plugin SubversionSourceControl
LogPluginManager: Mounting plugin UObjectPlugin
LogPluginManager: Mounting plugin VisualStudioCodeSourceCodeAccess
LogPluginManager: Mounting plugin VisualStudioSourceCodeAccess
LogPluginManager: Mounting plugin XCodeSourceCodeAccess
LogPluginManager: Mounting plugin AssetManagerEditor
LogPluginManager: Mounting plugin CryptoKeys
LogPluginManager: Mounting plugin CurveEditorTools
LogPluginManager: Mounting plugin DataValidation
LogPluginManager: Mounting plugin FacialAnimation
LogPluginManager: Mounting plugin GameplayTagsEditor
LogPluginManager: Mounting plugin MacGraphicsSwitching
LogPluginManager: Mounting plugin MaterialAnalyzer
LogPluginManager: Mounting plugin MobileLauncherProfileWizard
LogPluginManager: Mounting plugin PluginBrowser
LogPluginManager: Mounting plugin SpeedTreeImporter
LogPluginManager: Mounting plugin DatasmithContent
LogPluginManager: Mounting plugin VariantManagerContent
LogPluginManager: Mounting plugin AlembicImporter
LogPluginManager: Mounting plugin AutomationUtils
LogPluginManager: Mounting plugin BackChannel
LogPluginManager: Mounting plugin CharacterAI
LogPluginManager: Mounting plugin GeometryCache
LogPluginManager: Mounting plugin HTML5Networking
LogPluginManager: Mounting plugin PlatformCrypto
LogPluginManager: Mounting plugin ProxyLODPlugin
LogPluginManager: Mounting plugin SkeletalReduction
LogPluginManager: Mounting plugin MagicLeap
LogPluginManager: Mounting plugin MagicLeapMedia
LogPluginManager: Mounting plugin AndroidMedia
LogPluginManager: Mounting plugin AvfMedia
LogPluginManager: Mounting plugin ImgMedia
LogPluginManager: Mounting plugin MediaCompositing
LogPluginManager: Mounting plugin MediaPlayerEditor
LogPluginManager: Mounting plugin WebMMedia
LogPluginManager: Mounting plugin WmfMedia
LogPluginManager: Mounting plugin TcpMessaging
LogPluginManager: Mounting plugin UdpMessaging
LogPluginManager: Mounting plugin ActorSequence
LogPluginManager: Mounting plugin LevelSequenceEditor
LogPluginManager: Mounting plugin MatineeToLevelSequence
LogPluginManager: Mounting plugin NetcodeUnitTest
LogPluginManager: Mounting plugin NUTUnrealEngine4
LogPluginManager: Mounting plugin OnlineSubsystemGooglePlay
LogPluginManager: Mounting plugin OnlineSubsystemIOS
LogPluginManager: Mounting plugin OnlineSubsystem
LogPluginManager: Mounting plugin OnlineSubsystemNull
LogPluginManager: Mounting plugin OnlineSubsystemUtils
LogPluginManager: Mounting plugin LauncherChunkInstaller
LogPluginManager: Mounting plugin AndroidDeviceProfileSelector
LogPluginManager: Mounting plugin AndroidMoviePlayer
LogPluginManager: Mounting plugin AndroidPermission
LogPluginManager: Mounting plugin AppleImageUtils
LogPluginManager: Mounting plugin AppleMoviePlayer
LogPluginManager: Mounting plugin ArchVisCharacter
LogPluginManager: Mounting plugin AudioCapture
LogPluginManager: Mounting plugin CableComponent
LogPluginManager: Mounting plugin CustomMeshComponent
LogPluginManager: Mounting plugin EditableMesh
LogPluginManager: Mounting plugin ExampleDeviceProfileSelector
LogPluginManager: Mounting plugin GoogleCloudMessaging
LogPluginManager: Mounting plugin IOSDeviceProfileSelector
LogPluginManager: Mounting plugin LinuxDeviceProfileSelector
LogPluginManager: Mounting plugin LocationServicesBPLibrary
LogPluginManager: Mounting plugin MobilePatchingUtils
LogPluginManager: Mounting plugin OculusVR
LogPluginManager: Mounting plugin PhysXVehicles
LogPluginManager: Mounting plugin ProceduralMeshComponent
LogPluginManager: Mounting plugin RuntimePhysXCooking
LogPluginManager: Mounting plugin SignificanceManager
LogPluginManager: Mounting plugin SteamVR
LogPluginManager: Mounting plugin WebMMoviePlayer
LogPluginManager: Mounting plugin WindowsMoviePlayer
LogPluginManager: Mounting plugin ScreenshotTools
LogInit: Using libcurl 7.55.1-DEV
LogInit:  - built for x86_64-pc-win32
LogInit:  - supports SSL with OpenSSL/1.1.1
LogInit:  - supports HTTP deflate (compression) using libz 1.2.8
LogInit:  - other features:
LogInit:      CURL_VERSION_SSL
LogInit:      CURL_VERSION_LIBZ
LogInit:      CURL_VERSION_IPV6
LogInit:      CURL_VERSION_ASYNCHDNS
LogInit:      CURL_VERSION_LARGEFILE
LogInit:      CURL_VERSION_IDN
LogInit:  CurlRequestOptions (configurable via config and command line):
LogInit:  - bVerifyPeer = true  - Libcurl will verify peer certificate
LogInit:  - bUseHttpProxy = false  - Libcurl will NOT use HTTP proxy
LogInit:  - bDontReuseConnections = false  - Libcurl will reuse connections
LogInit:  - MaxHostConnections = 16  - Libcurl will limit the number of connections to a host
LogInit:  - LocalHostAddr = Default
LogInit:  - BufferSize = 65536
LogOnline: OSS: Creating online subsystem instance for: NULL
LogInit: WinSock: version 1.1 (2.2), MaxSocks=32767, MaxUdp=65467
LogHMD: Failed initializing OVRPlugin 1.37.0
LogInit: Build: ++UE4+Release-4.23-CL-9631420
LogInit: Engine Version: 4.23.1-9631420+++UE4+Release-4.23
LogInit: Compatible Engine Version: 4.23.0-8386587+++UE4+Release-4.23
LogInit: Net CL: 8386587
LogInit: OS: Windows 10 (Release 1903) (), CPU: Intel(R) Core(TM) i5-6600K CPU @ 3.50GHz, GPU: NVIDIA GeForce GTX 1070
LogInit: Compiled (64-bit): Oct 18 2019 02:07:44
LogInit: Compiled with Visual C++: 19.16.27030.01
LogInit: Build Configuration: Development
LogInit: Branch Name: ++UE4+Release-4.23
LogInit: Command Line: 
LogInit: Base Directory: C:/Program Files/Epic Games/UE_4.23/Engine/Binaries/Win64/
LogInit: Installed Engine Build: 1
LogDevObjectVersion: Number of dev versions registered: 23
LogDevObjectVersion:   Dev-Blueprints (B0D832E4-1F89-4F0D-ACCF-7EB736FD4AA2): 10
LogDevObjectVersion:   Dev-Build (E1C64328-A22C-4D53-A36C-8E866417BD8C): 0
LogDevObjectVersion:   Dev-Core (375EC13C-06E4-48FB-B500-84F0262A717E): 3
LogDevObjectVersion:   Dev-Editor (E4B068ED-F494-42E9-A231-DA0B2E46BB41): 34
LogDevObjectVersion:   Dev-Framework (CFFC743F-43B0-4480-9391-14DF171D2073): 35
LogDevObjectVersion:   Dev-Mobile (B02B49B5-BB20-44E9-A304-32B752E40360): 2
LogDevObjectVersion:   Dev-Networking (A4E4105C-59A1-49B5-A7C5-40C4547EDFEE): 0
LogDevObjectVersion:   Dev-Online (39C831C9-5AE6-47DC-9A44-9C173E1C8E7C): 0
LogDevObjectVersion:   Dev-Physics (78F01B33-EBEA-4F98-B9B4-84EACCB95AA2): 0
LogDevObjectVersion:   Dev-Platform (6631380F-2D4D-43E0-8009-CF276956A95A): 0
LogDevObjectVersion:   Dev-Rendering (12F88B9F-8875-4AFC-A67C-D90C383ABD29): 31
LogDevObjectVersion:   Dev-Sequencer (7B5AE74C-D270-4C10-A958-57980B212A5A): 11
LogDevObjectVersion:   Dev-VR (D7296918-1DD6-4BDD-9DE2-64A83CC13884): 2
LogDevObjectVersion:   Dev-LoadTimes (C2A15278-BFE7-4AFE-6C17-90FF531DF755): 1
LogDevObjectVersion:   Private-Geometry (6EACA3D4-40EC-4CC1-B786-8BED09428FC5): 3
LogDevObjectVersion:   Dev-AnimPhys (29E575DD-E0A3-4627-9D10-D276232CDCEA): 17
LogDevObjectVersion:   Dev-Anim (AF43A65D-7FD3-4947-9873-3E8ED9C1BB05): 2
LogDevObjectVersion:   Dev-ReflectionCapture (6B266CEC-1EC7-4B8F-A30B-E4D90942FC07): 1
LogDevObjectVersion:   Dev-Automation (0DF73D61-A23F-47EA-B727-89E90C41499A): 1
LogDevObjectVersion:   FortniteMain (601D1886-AC64-4F84-AA16-D3DE0DEAC7D6): 27
LogDevObjectVersion:   Dev-Enterprise (9DFFBCD6-494F-0158-E221-12823C92A888): 6
LogDevObjectVersion:   Dev-Niagara (F2AED0AC-9AFE-416F-8664-AA7FFA26D6FC): 1
LogDevObjectVersion:   Dev-Destruction (174F1F0B-B4C6-45A5-B13F-2EE8D0FB917D): 9
LogInit: Presizing for max 16777216 objects, including 0 objects not considered by GC, pre-allocating 0 bytes for permanent pool.
LogInit: Object subsystem initialized
LogConfig: Setting CVar [[con.DebugEarlyDefault:1]]
LogConfig: Setting CVar [[r.setres:1280x720]]
[2020.03.04-19.23.47:671][  0]LogConfig: Setting CVar [[r.VSync:0]]
[2020.03.04-19.23.47:671][  0]LogConfig: Setting CVar [[r.RHICmdBypass:0]]
[2020.03.04-19.23.47:672][  0]LogConfig: Applying CVar settings from Section [/Script/Engine.RendererSettings] File [D:/Packt_New_Repository/Learning-Unreal-Engine-4-Game-Development-2nd-Edition-/FirstGame/Saved/Config/Windows/Engine.ini]
[2020.03.04-19.23.47:672][  0]LogConfig: Setting CVar [[r.GPUCrashDebugging:0]]
[2020.03.04-19.23.47:672][  0]LogConfig: Applying CVar settings from Section [/Script/Engine.RendererOverrideSettings] File [D:/Packt_New_Repository/Learning-Unreal-Engine-4-Game-Development-2nd-Edition-/FirstGame/Saved/Config/Windows/Engine.ini]
[2020.03.04-19.23.47:672][  0]LogConfig: Applying CVar settings from Section [/Script/Engine.StreamingSettings] File [D:/Packt_New_Repository/Learning-Unreal-Engine-4-Game-Development-2nd-Edition-/FirstGame/Saved/Config/Windows/Engine.ini]
[2020.03.04-19.23.47:672][  0]LogConfig: Setting CVar [[s.MinBulkDataSizeForAsyncLoading:131072]]
[2020.03.04-19.23.47:672][  0]LogConfig: Setting CVar [[s.AsyncLoadingThreadEnabled:0]]
[2020.03.04-19.23.47:672][  0]LogConfig: Setting CVar [[s.EventDrivenLoaderEnabled:1]]
[2020.03.04-19.23.47:672][  0]LogConfig: Setting CVar [[s.WarnIfTimeLimitExceeded:0]]
[2020.03.04-19.23.47:672][  0]LogConfig: Setting CVar [[s.TimeLimitExceededMultiplier:1.5]]
[2020.03.04-19.23.47:672][  0]LogConfig: Setting CVar [[s.TimeLimitExceededMinTime:0.005]]
[2020.03.04-19.23.47:672][  0]LogConfig: Setting CVar [[s.UseBackgroundLevelStreaming:1]]
[2020.03.04-19.23.47:672][  0]LogConfig: Setting CVar [[s.PriorityAsyncLoadingExtraTime:15.0]]
[2020.03.04-19.23.47:672][  0]LogConfig: Setting CVar [[s.LevelStreamingActorsUpdateTimeLimit:5.0]]
[2020.03.04-19.23.47:672][  0]LogConfig: Setting CVar [[s.PriorityLevelStreamingActorsUpdateExtraTime:5.0]]
[2020.03.04-19.23.47:672][  0]LogConfig: Setting CVar [[s.LevelStreamingComponentsRegistrationGranularity:10]]
[2020.03.04-19.23.47:672][  0]LogConfig: Setting CVar [[s.UnregisterComponentsTimeLimit:1.0]]
[2020.03.04-19.23.47:672][  0]LogConfig: Setting CVar [[s.LevelStreamingComponentsUnregistrationGranularity:5]]
[2020.03.04-19.23.47:672][  0]LogConfig: Applying CVar settings from Section [/Script/Engine.GarbageCollectionSettings] File [D:/Packt_New_Repository/Learning-Unreal-Engine-4-Game-Development-2nd-Edition-/FirstGame/Saved/Config/Windows/Engine.ini]
[2020.03.04-19.23.47:672][  0]LogConfig: Setting CVar [[gc.MaxObjectsNotConsideredByGC:1]]
[2020.03.04-19.23.47:672][  0]LogConfig: Setting CVar [[gc.SizeOfPermanentObjectPool:0]]
[2020.03.04-19.23.47:672][  0]LogConfig: Setting CVar [[gc.FlushStreamingOnGC:0]]
[2020.03.04-19.23.47:672][  0]LogConfig: Setting CVar [[gc.NumRetriesBeforeForcingGC:10]]
[2020.03.04-19.23.47:672][  0]LogConfig: Setting CVar [[gc.AllowParallelGC:1]]
[2020.03.04-19.23.47:672][  0]LogConfig: Setting CVar [[gc.TimeBetweenPurgingPendingKillObjects:61.1]]
[2020.03.04-19.23.47:672][  0]LogConfig: Setting CVar [[gc.MaxObjectsInEditor:16777216]]
[2020.03.04-19.23.47:672][  0]LogConfig: Setting CVar [[gc.IncrementalBeginDestroyEnabled:1]]
[2020.03.04-19.23.47:672][  0]LogConfig: Setting CVar [[gc.CreateGCClusters:1]]
[2020.03.04-19.23.47:672][  0]LogConfig: Setting CVar [[gc.MinGCClusterSize:5]]
[2020.03.04-19.23.47:672][  0]LogConfig: Setting CVar [[gc.ActorClusteringEnabled:0]]
[2020.03.04-19.23.47:672][  0]LogConfig: Setting CVar [[gc.BlueprintClusteringEnabled:0]]
[2020.03.04-19.23.47:672][  0]LogConfig: Setting CVar [[gc.UseDisregardForGCOnDedicatedServers:0]]
[2020.03.04-19.23.47:672][  0]LogConfig: Applying CVar settings from Section [/Script/Engine.NetworkSettings] File [D:/Packt_New_Repository/Learning-Unreal-Engine-4-Game-Development-2nd-Edition-/FirstGame/Saved/Config/Windows/Engine.ini]
[2020.03.04-19.23.47:672][  0]LogConfig: Applying CVar settings from Section [/Script/UnrealEd.CookerSettings] File [D:/Packt_New_Repository/Learning-Unreal-Engine-4-Game-Development-2nd-Edition-/FirstGame/Saved/Config/Windows/Engine.ini]
[2020.03.04-19.23.47:679][  0]LogConfig: Applying CVar settings from Section [ViewDistanceQuality@3] File [D:/Packt_New_Repository/Learning-Unreal-Engine-4-Game-Development-2nd-Edition-/FirstGame/Saved/Config/Windows/Scalability.ini]
[2020.03.04-19.23.47:679][  0]LogConfig: Setting CVar [[r.SkeletalMeshLODBias:0]]
[2020.03.04-19.23.47:679][  0]LogConfig: Setting CVar [[r.ViewDistanceScale:1.0]]
[2020.03.04-19.23.47:679][  0]LogConfig: Applying CVar settings from Section [AntiAliasingQuality@3] File [D:/Packt_New_Repository/Learning-Unreal-Engine-4-Game-Development-2nd-Edition-/FirstGame/Saved/Config/Windows/Scalability.ini]
[2020.03.04-19.23.47:679][  0]LogConfig: Setting CVar [[r.PostProcessAAQuality:4]]
[2020.03.04-19.23.47:680][  0]LogConfig: Applying CVar settings from Section [ShadowQuality@3] File [D:/Packt_New_Repository/Learning-Unreal-Engine-4-Game-Development-2nd-Edition-/FirstGame/Saved/Config/Windows/Scalability.ini]
[2020.03.04-19.23.47:680][  0]LogConfig: Setting CVar [[r.LightFunctionQuality:1]]
[2020.03.04-19.23.47:680][  0]LogConfig: Setting CVar [[r.ShadowQuality:5]]
[2020.03.04-19.23.47:680][  0]LogConfig: Setting CVar [[r.Shadow.CSM.MaxCascades:10]]
[2020.03.04-19.23.47:680][  0]LogConfig: Setting CVar [[r.Shadow.MaxResolution:2048]]
[2020.03.04-19.23.47:680][  0]LogConfig: Setting CVar [[r.Shadow.MaxCSMResolution:2048]]
[2020.03.04-19.23.47:680][  0]LogConfig: Setting CVar [[r.Shadow.RadiusThreshold:0.01]]
[2020.03.04-19.23.47:680][  0]LogConfig: Setting CVar [[r.Shadow.DistanceScale:1.0]]
[2020.03.04-19.23.47:680][  0]LogConfig: Setting CVar [[r.Shadow.CSM.TransitionScale:1.0]]
[2020.03.04-19.23.47:680][  0]LogConfig: Setting CVar [[r.Shadow.PreShadowResolutionFactor:1.0]]
[2020.03.04-19.23.47:680][  0]LogConfig: Setting CVar [[r.DistanceFieldShadowing:1]]
[2020.03.04-19.23.47:680][  0]LogConfig: Setting CVar [[r.DistanceFieldAO:1]]
[2020.03.04-19.23.47:680][  0]LogConfig: Setting CVar [[r.AOQuality:2]]
[2020.03.04-19.23.47:680][  0]LogConfig: Setting CVar [[r.VolumetricFog:1]]
[2020.03.04-19.23.47:680][  0]LogConfig: Setting CVar [[r.VolumetricFog.GridPixelSize:8]]
[2020.03.04-19.23.47:680][  0]LogConfig: Setting CVar [[r.VolumetricFog.GridSizeZ:128]]
[2020.03.04-19.23.47:680][  0]LogConfig: Setting CVar [[r.VolumetricFog.HistoryMissSupersampleCount:4]]
[2020.03.04-19.23.47:680][  0]LogConfig: Setting CVar [[r.LightMaxDrawDistanceScale:1]]
[2020.03.04-19.23.47:680][  0]LogConfig: Setting CVar [[r.CapsuleShadows:1]]
[2020.03.04-19.23.47:680][  0]LogConfig: Applying CVar settings from Section [PostProcessQuality@3] File [D:/Packt_New_Repository/Learning-Unreal-Engine-4-Game-Development-2nd-Edition-/FirstGame/Saved/Config/Windows/Scalability.ini]
[2020.03.04-19.23.47:680][  0]LogConfig: Setting CVar [[r.MotionBlurQuality:4]]
[2020.03.04-19.23.47:680][  0]LogConfig: Setting CVar [[r.AmbientOcclusionMipLevelFactor:0.4]]
[2020.03.04-19.23.47:680][  0]LogConfig: Setting CVar [[r.AmbientOcclusionMaxQuality:100]]
[2020.03.04-19.23.47:680][  0]LogConfig: Setting CVar [[r.AmbientOcclusionLevels:-1]]
[2020.03.04-19.23.47:680][  0]LogConfig: Setting CVar [[r.AmbientOcclusionRadiusScale:1.0]]
[2020.03.04-19.23.47:680][  0]LogConfig: Setting CVar [[r.DepthOfFieldQuality:2]]
[2020.03.04-19.23.47:680][  0]LogConfig: Setting CVar [[r.RenderTargetPoolMin:400]]
[2020.03.04-19.23.47:680][  0]LogConfig: Setting CVar [[r.LensFlareQuality:2]]
[2020.03.04-19.23.47:680][  0]LogConfig: Setting CVar [[r.SceneColorFringeQuality:1]]
[2020.03.04-19.23.47:680][  0]LogConfig: Setting CVar [[r.EyeAdaptationQuality:2]]
[2020.03.04-19.23.47:680][  0]LogConfig: Setting CVar [[r.BloomQuality:5]]
[2020.03.04-19.23.47:680][  0]LogConfig: Setting CVar [[r.FastBlurThreshold:100]]
[2020.03.04-19.23.47:680][  0]LogConfig: Setting CVar [[r.Upscale.Quality:3]]
[2020.03.04-19.23.47:680][  0]LogConfig: Setting CVar [[r.Tonemapper.GrainQuantization:1]]
[2020.03.04-19.23.47:680][  0]LogConfig: Setting CVar [[r.LightShaftQuality:1]]
[2020.03.04-19.23.47:680][  0]LogConfig: Setting CVar [[r.Filter.SizeScale:1]]
[2020.03.04-19.23.47:680][  0]LogConfig: Setting CVar [[r.Tonemapper.Quality:5]]
[2020.03.04-19.23.47:680][  0]LogConfig: Setting CVar [[r.DOF.Gather.AccumulatorQuality:1        ; higher gathering accumulator quality]]
[2020.03.04-19.23.47:680][  0]LogConfig: Setting CVar [[r.DOF.Gather.PostfilterMethod:1          ; Median3x3 postfilering method]]
[2020.03.04-19.23.47:680][  0]LogConfig: Setting CVar [[r.DOF.Gather.EnableBokehSettings:0       ; no bokeh simulation when gathering]]
[2020.03.04-19.23.47:680][  0]LogConfig: Setting CVar [[r.DOF.Gather.RingCount:4                 ; medium number of samples when gathering]]
[2020.03.04-19.23.47:680][  0]LogConfig: Setting CVar [[r.DOF.Scatter.ForegroundCompositing:1    ; additive foreground scattering]]
[2020.03.04-19.23.47:680][  0]LogConfig: Setting CVar [[r.DOF.Scatter.BackgroundCompositing:2    ; additive background scattering]]
[2020.03.04-19.23.47:680][  0]LogConfig: Setting CVar [[r.DOF.Scatter.EnableBokehSettings:1      ; bokeh simulation when scattering]]
[2020.03.04-19.23.47:680][  0]LogConfig: Setting CVar [[r.DOF.Scatter.MaxSpriteRatio:0.1         ; only a maximum of 10% of scattered bokeh]]
[2020.03.04-19.23.47:680][  0]LogConfig: Setting CVar [[r.DOF.Recombine.Quality:1                ; cheap slight out of focus]]
[2020.03.04-19.23.47:680][  0]LogConfig: Setting CVar [[r.DOF.Recombine.EnableBokehSettings:0    ; no bokeh simulation on slight out of focus]]
[2020.03.04-19.23.47:680][  0]LogConfig: Setting CVar [[r.DOF.TemporalAAQuality:1                ; more stable temporal accumulation]]
[2020.03.04-19.23.47:680][  0]LogConfig: Setting CVar [[r.DOF.Kernel.MaxForegroundRadius:0.025]]
[2020.03.04-19.23.47:680][  0]LogConfig: Setting CVar [[r.DOF.Kernel.MaxBackgroundRadius:0.025]]
[2020.03.04-19.23.47:680][  0]LogConfig: Applying CVar settings from Section [TextureQuality@3] File [D:/Packt_New_Repository/Learning-Unreal-Engine-4-Game-Development-2nd-Edition-/FirstGame/Saved/Config/Windows/Scalability.ini]
[2020.03.04-19.23.47:680][  0]LogConfig: Setting CVar [[r.Streaming.MipBias:0]]
[2020.03.04-19.23.47:680][  0]LogConfig: Setting CVar [[r.Streaming.AmortizeCPUToGPUCopy:0]]
[2020.03.04-19.23.47:680][  0]LogConfig: Setting CVar [[r.Streaming.MaxNumTexturesToStreamPerFrame:0]]
[2020.03.04-19.23.47:680][  0]LogConfig: Setting CVar [[r.Streaming.Boost:1]]
[2020.03.04-19.23.47:680][  0]LogConfig: Setting CVar [[r.MaxAnisotropy:8]]
[2020.03.04-19.23.47:680][  0]LogConfig: Setting CVar [[r.Streaming.LimitPoolSizeToVRAM:0]]
[2020.03.04-19.23.47:680][  0]LogConfig: Setting CVar [[r.Streaming.PoolSize:1000]]
[2020.03.04-19.23.47:680][  0]LogConfig: Setting CVar [[r.Streaming.MaxEffectiveScreenSize:0]]
[2020.03.04-19.23.47:680][  0]LogConfig: Applying CVar settings from Section [EffectsQuality@3] File [D:/Packt_New_Repository/Learning-Unreal-Engine-4-Game-Development-2nd-Edition-/FirstGame/Saved/Config/Windows/Scalability.ini]
[2020.03.04-19.23.47:680][  0]LogConfig: Setting CVar [[r.TranslucencyLightingVolumeDim:64]]
[2020.03.04-19.23.47:680][  0]LogConfig: Setting CVar [[r.RefractionQuality:2]]
[2020.03.04-19.23.47:680][  0]LogConfig: Setting CVar [[r.SSR.Quality:3]]
[2020.03.04-19.23.47:680][  0]LogConfig: Setting CVar [[r.SceneColorFormat:4]]
[2020.03.04-19.23.47:680][  0]LogConfig: Setting CVar [[r.DetailMode:2]]
[2020.03.04-19.23.47:680][  0]LogConfig: Setting CVar [[r.TranslucencyVolumeBlur:1]]
[2020.03.04-19.23.47:680][  0]LogConfig: Setting CVar [[r.MaterialQualityLevel:1 ; High quality]]
[2020.03.04-19.23.47:680][  0]LogConfig: Setting CVar [[r.SSS.Scale:1]]
[2020.03.04-19.23.47:680][  0]LogConfig: Setting CVar [[r.SSS.SampleSet:2]]
[2020.03.04-19.23.47:680][  0]LogConfig: Setting CVar [[r.SSS.Quality:1]]
[2020.03.04-19.23.47:680][  0]LogConfig: Setting CVar [[r.SSS.HalfRes:1]]
[2020.03.04-19.23.47:680][  0]LogConfig: Setting CVar [[r.EmitterSpawnRateScale:1.0]]
[2020.03.04-19.23.47:680][  0]LogConfig: Setting CVar [[r.ParticleLightQuality:2]]
[2020.03.04-19.23.47:680][  0]LogConfig: Applying CVar settings from Section [FoliageQuality@3] File [D:/Packt_New_Repository/Learning-Unreal-Engine-4-Game-Development-2nd-Edition-/FirstGame/Saved/Config/Windows/Scalability.ini]
[2020.03.04-19.23.47:680][  0]LogConfig: Setting CVar [[foliage.DensityScale:1.0]]
[2020.03.04-19.23.47:680][  0]LogConfig: Setting CVar [[grass.DensityScale:1.0]]
[2020.03.04-19.23.47:681][  0]LogInit: Selected Device Profile: [Windows]
[2020.03.04-19.23.47:682][  0]LogInit: Applying CVar settings loaded from the selected device profile: [Windows]
[2020.03.04-19.23.47:690][  0]LogHAL: Display: Platform has ~ 16 GB [17052942336 / 17179869184 / 16], which maps to Larger [LargestMinGB=32, LargerMinGB=12, DefaultMinGB=8, SmallerMinGB=6, SmallestMinGB=0)
[2020.03.04-19.23.47:690][  0]LogInit: Going up to parent DeviceProfile []
[2020.03.04-19.23.47:691][  0]LogConfig: Applying CVar settings from Section [ViewDistanceQuality@3] File [D:/Packt_New_Repository/Learning-Unreal-Engine-4-Game-Development-2nd-Edition-/FirstGame/Saved/Config/Windows/Scalability.ini]
[2020.03.04-19.23.47:691][  0]LogConfig: Setting CVar [[r.SkeletalMeshLODBias:0]]
[2020.03.04-19.23.47:691][  0]LogConfig: Setting CVar [[r.ViewDistanceScale:1.0]]
[2020.03.04-19.23.47:691][  0]LogConfig: Applying CVar settings from Section [AntiAliasingQuality@3] File [D:/Packt_New_Repository/Learning-Unreal-Engine-4-Game-Development-2nd-Edition-/FirstGame/Saved/Config/Windows/Scalability.ini]
[2020.03.04-19.23.47:691][  0]LogConfig: Setting CVar [[r.PostProcessAAQuality:4]]
[2020.03.04-19.23.47:691][  0]LogConfig: Applying CVar settings from Section [ShadowQuality@3] File [D:/Packt_New_Repository/Learning-Unreal-Engine-4-Game-Development-2nd-Edition-/FirstGame/Saved/Config/Windows/Scalability.ini]
[2020.03.04-19.23.47:691][  0]LogConfig: Setting CVar [[r.LightFunctionQuality:1]]
[2020.03.04-19.23.47:691][  0]LogConfig: Setting CVar [[r.ShadowQuality:5]]
[2020.03.04-19.23.47:691][  0]LogConfig: Setting CVar [[r.Shadow.CSM.MaxCascades:10]]
[2020.03.04-19.23.47:691][  0]LogConfig: Setting CVar [[r.Shadow.MaxResolution:2048]]
[2020.03.04-19.23.47:691][  0]LogConfig: Setting CVar [[r.Shadow.MaxCSMResolution:2048]]
[2020.03.04-19.23.47:691][  0]LogConfig: Setting CVar [[r.Shadow.RadiusThreshold:0.01]]
[2020.03.04-19.23.47:691][  0]LogConfig: Setting CVar [[r.Shadow.DistanceScale:1.0]]
[2020.03.04-19.23.47:691][  0]LogConfig: Setting CVar [[r.Shadow.CSM.TransitionScale:1.0]]
[2020.03.04-19.23.47:691][  0]LogConfig: Setting CVar [[r.Shadow.PreShadowResolutionFactor:1.0]]
[2020.03.04-19.23.47:691][  0]LogConfig: Setting CVar [[r.DistanceFieldShadowing:1]]
[2020.03.04-19.23.47:691][  0]LogConfig: Setting CVar [[r.DistanceFieldAO:1]]
[2020.03.04-19.23.47:691][  0]LogConfig: Setting CVar [[r.AOQuality:2]]
[2020.03.04-19.23.47:691][  0]LogConfig: Setting CVar [[r.VolumetricFog:1]]
[2020.03.04-19.23.47:691][  0]LogConfig: Setting CVar [[r.VolumetricFog.GridPixelSize:8]]
[2020.03.04-19.23.47:691][  0]LogConfig: Setting CVar [[r.VolumetricFog.GridSizeZ:128]]
[2020.03.04-19.23.47:691][  0]LogConfig: Setting CVar [[r.VolumetricFog.HistoryMissSupersampleCount:4]]
[2020.03.04-19.23.47:691][  0]LogConfig: Setting CVar [[r.LightMaxDrawDistanceScale:1]]
[2020.03.04-19.23.47:691][  0]LogConfig: Setting CVar [[r.CapsuleShadows:1]]
[2020.03.04-19.23.47:691][  0]LogConfig: Applying CVar settings from Section [PostProcessQuality@3] File [D:/Packt_New_Repository/Learning-Unreal-Engine-4-Game-Development-2nd-Edition-/FirstGame/Saved/Config/Windows/Scalability.ini]
[2020.03.04-19.23.47:691][  0]LogConfig: Setting CVar [[r.MotionBlurQuality:4]]
[2020.03.04-19.23.47:691][  0]LogConfig: Setting CVar [[r.AmbientOcclusionMipLevelFactor:0.4]]
[2020.03.04-19.23.47:691][  0]LogConfig: Setting CVar [[r.AmbientOcclusionMaxQuality:100]]
[2020.03.04-19.23.47:691][  0]LogConfig: Setting CVar [[r.AmbientOcclusionLevels:-1]]
[2020.03.04-19.23.47:691][  0]LogConfig: Setting CVar [[r.AmbientOcclusionRadiusScale:1.0]]
[2020.03.04-19.23.47:691][  0]LogConfig: Setting CVar [[r.DepthOfFieldQuality:2]]
[2020.03.04-19.23.47:691][  0]LogConfig: Setting CVar [[r.RenderTargetPoolMin:400]]
[2020.03.04-19.23.47:691][  0]LogConfig: Setting CVar [[r.LensFlareQuality:2]]
[2020.03.04-19.23.47:691][  0]LogConfig: Setting CVar [[r.SceneColorFringeQuality:1]]
[2020.03.04-19.23.47:691][  0]LogConfig: Setting CVar [[r.EyeAdaptationQuality:2]]
[2020.03.04-19.23.47:691][  0]LogConfig: Setting CVar [[r.BloomQuality:5]]
[2020.03.04-19.23.47:691][  0]LogConfig: Setting CVar [[r.FastBlurThreshold:100]]
[2020.03.04-19.23.47:691][  0]LogConfig: Setting CVar [[r.Upscale.Quality:3]]
[2020.03.04-19.23.47:691][  0]LogConfig: Setting CVar [[r.Tonemapper.GrainQuantization:1]]
[2020.03.04-19.23.47:691][  0]LogConfig: Setting CVar [[r.LightShaftQuality:1]]
[2020.03.04-19.23.47:691][  0]LogConfig: Setting CVar [[r.Filter.SizeScale:1]]
[2020.03.04-19.23.47:691][  0]LogConfig: Setting CVar [[r.Tonemapper.Quality:5]]
[2020.03.04-19.23.47:691][  0]LogConfig: Setting CVar [[r.DOF.Gather.AccumulatorQuality:1        ; higher gathering accumulator quality]]
[2020.03.04-19.23.47:691][  0]LogConfig: Setting CVar [[r.DOF.Gather.PostfilterMethod:1          ; Median3x3 postfilering method]]
[2020.03.04-19.23.47:691][  0]LogConfig: Setting CVar [[r.DOF.Gather.EnableBokehSettings:0       ; no bokeh simulation when gathering]]
[2020.03.04-19.23.47:691][  0]LogConfig: Setting CVar [[r.DOF.Gather.RingCount:4                 ; medium number of samples when gathering]]
[2020.03.04-19.23.47:691][  0]LogConfig: Setting CVar [[r.DOF.Scatter.ForegroundCompositing:1    ; additive foreground scattering]]
[2020.03.04-19.23.47:691][  0]LogConfig: Setting CVar [[r.DOF.Scatter.BackgroundCompositing:2    ; additive background scattering]]
[2020.03.04-19.23.47:691][  0]LogConfig: Setting CVar [[r.DOF.Scatter.EnableBokehSettings:1      ; bokeh simulation when scattering]]
[2020.03.04-19.23.47:691][  0]LogConfig: Setting CVar [[r.DOF.Scatter.MaxSpriteRatio:0.1         ; only a maximum of 10% of scattered bokeh]]
[2020.03.04-19.23.47:691][  0]LogConfig: Setting CVar [[r.DOF.Recombine.Quality:1                ; cheap slight out of focus]]
[2020.03.04-19.23.47:691][  0]LogConfig: Setting CVar [[r.DOF.Recombine.EnableBokehSettings:0    ; no bokeh simulation on slight out of focus]]
[2020.03.04-19.23.47:691][  0]LogConfig: Setting CVar [[r.DOF.TemporalAAQuality:1                ; more stable temporal accumulation]]
[2020.03.04-19.23.47:691][  0]LogConfig: Setting CVar [[r.DOF.Kernel.MaxForegroundRadius:0.025]]
[2020.03.04-19.23.47:691][  0]LogConfig: Setting CVar [[r.DOF.Kernel.MaxBackgroundRadius:0.025]]
[2020.03.04-19.23.47:691][  0]LogConfig: Applying CVar settings from Section [TextureQuality@3] File [D:/Packt_New_Repository/Learning-Unreal-Engine-4-Game-Development-2nd-Edition-/FirstGame/Saved/Config/Windows/Scalability.ini]
[2020.03.04-19.23.47:691][  0]LogConfig: Setting CVar [[r.Streaming.MipBias:0]]
[2020.03.04-19.23.47:691][  0]LogConfig: Setting CVar [[r.Streaming.AmortizeCPUToGPUCopy:0]]
[2020.03.04-19.23.47:692][  0]LogConfig: Setting CVar [[r.Streaming.MaxNumTexturesToStreamPerFrame:0]]
[2020.03.04-19.23.47:692][  0]LogConfig: Setting CVar [[r.Streaming.Boost:1]]
[2020.03.04-19.23.47:692][  0]LogConfig: Setting CVar [[r.MaxAnisotropy:8]]
[2020.03.04-19.23.47:692][  0]LogConfig: Setting CVar [[r.Streaming.LimitPoolSizeToVRAM:0]]
[2020.03.04-19.23.47:692][  0]LogConfig: Setting CVar [[r.Streaming.PoolSize:1000]]
[2020.03.04-19.23.47:692][  0]LogConfig: Setting CVar [[r.Streaming.MaxEffectiveScreenSize:0]]
[2020.03.04-19.23.47:692][  0]LogConfig: Applying CVar settings from Section [EffectsQuality@3] File [D:/Packt_New_Repository/Learning-Unreal-Engine-4-Game-Development-2nd-Edition-/FirstGame/Saved/Config/Windows/Scalability.ini]
[2020.03.04-19.23.47:692][  0]LogConfig: Setting CVar [[r.TranslucencyLightingVolumeDim:64]]
[2020.03.04-19.23.47:692][  0]LogConfig: Setting CVar [[r.RefractionQuality:2]]
[2020.03.04-19.23.47:692][  0]LogConfig: Setting CVar [[r.SSR.Quality:3]]
[2020.03.04-19.23.47:692][  0]LogConfig: Setting CVar [[r.SceneColorFormat:4]]
[2020.03.04-19.23.47:692][  0]LogConfig: Setting CVar [[r.DetailMode:2]]
[2020.03.04-19.23.47:692][  0]LogConfig: Setting CVar [[r.TranslucencyVolumeBlur:1]]
[2020.03.04-19.23.47:692][  0]LogConfig: Setting CVar [[r.MaterialQualityLevel:1 ; High quality]]
[2020.03.04-19.23.47:692][  0]LogConfig: Setting CVar [[r.SSS.Scale:1]]
[2020.03.04-19.23.47:692][  0]LogConfig: Setting CVar [[r.SSS.SampleSet:2]]
[2020.03.04-19.23.47:692][  0]LogConfig: Setting CVar [[r.SSS.Quality:1]]
[2020.03.04-19.23.47:692][  0]LogConfig: Setting CVar [[r.SSS.HalfRes:1]]
[2020.03.04-19.23.47:692][  0]LogConfig: Setting CVar [[r.EmitterSpawnRateScale:1.0]]
[2020.03.04-19.23.47:692][  0]LogConfig: Setting CVar [[r.ParticleLightQuality:2]]
[2020.03.04-19.23.47:692][  0]LogConfig: Applying CVar settings from Section [FoliageQuality@3] File [D:/Packt_New_Repository/Learning-Unreal-Engine-4-Game-Development-2nd-Edition-/FirstGame/Saved/Config/Windows/Scalability.ini]
[2020.03.04-19.23.47:692][  0]LogConfig: Setting CVar [[foliage.DensityScale:1.0]]
[2020.03.04-19.23.47:692][  0]LogConfig: Setting CVar [[grass.DensityScale:1.0]]
[2020.03.04-19.23.47:692][  0]LogConfig: Applying CVar settings from Section [Startup] File [../../../Engine/Config/ConsoleVariables.ini]
[2020.03.04-19.23.47:697][  0]LogConfig: Setting CVar [[net.UseAdaptiveNetUpdateFrequency:0]]
[2020.03.04-19.23.47:697][  0]LogConfig: Setting CVar [[p.chaos.AllowCreatePhysxBodies:1]]
[2020.03.04-19.23.47:697][  0]LogConfig: Applying CVar settings from Section [ConsoleVariables] File [D:/Packt_New_Repository/Learning-Unreal-Engine-4-Game-Development-2nd-Edition-/FirstGame/Saved/Config/Windows/Engine.ini]
[2020.03.04-19.23.47:698][  0]LogInit: Computer: DESKTOP-SKCHLRK
[2020.03.04-19.23.47:698][  0]LogInit: User: SethUlibarri
[2020.03.04-19.23.47:698][  0]LogInit: CPU Page size=4096, Cores=4
[2020.03.04-19.23.47:698][  0]LogInit: High frequency timer resolution =10.000000 MHz
[2020.03.04-19.23.47:698][  0]LogMemory: Memory total: Physical=15.9GB (16GB approx)
[2020.03.04-19.23.47:698][  0]LogMemory: Platform Memory Stats for Windows
[2020.03.04-19.23.47:698][  0]LogMemory: Process Physical Memory: 107.45 MB used, 107.46 MB peak
[2020.03.04-19.23.47:698][  0]LogMemory: Process Virtual Memory: 92.34 MB used, 92.34 MB peak
[2020.03.04-19.23.47:698][  0]LogMemory: Physical Memory: 7862.02 MB used,  8400.93 MB free, 16262.95 MB total
[2020.03.04-19.23.47:698][  0]LogMemory: Virtual Memory: 4665.37 MB used,  134213064.00 MB free, 134217728.00 MB total
[2020.03.04-19.23.47:703][  0]LogWindows: WindowsPlatformFeatures enabled
[2020.03.04-19.23.48:015][  0]LogInit: Using OS detected language (en-US).
[2020.03.04-19.23.48:015][  0]LogInit: Using OS detected locale (en-US).
[2020.03.04-19.23.48:016][  0]LogTextLocalizationManager: No specific localization for 'en-US' exists, so the 'en' localization will be used.
[2020.03.04-19.23.48:313][  0]LogInit: Setting process to per monitor DPI aware
[2020.03.04-19.23.48:405][  0]LogSlate: New Slate User Created.  User Index 0, Is Virtual User: 0
[2020.03.04-19.23.48:405][  0]LogSlate: Slate User Registered.  User Index 0, Is Virtual User: 0
[2020.03.04-19.23.50:695][  0]LogHMD: Failed to initialize OpenVR with code 126
[2020.03.04-19.23.50:695][  0]LogD3D11RHI: D3D11 adapters:
[2020.03.04-19.23.50:760][  0]LogD3D11RHI:    0. 'NVIDIA GeForce GTX 1070' (Feature Level 11_0)
[2020.03.04-19.23.50:760][  0]LogD3D11RHI:       8088/0/8131 MB DedicatedVideo/DedicatedSystem/SharedSystem, Outputs:1, VendorId:0x10de
[2020.03.04-19.23.50:805][  0]LogD3D11RHI:    1. 'Intel(R) HD Graphics 530' (Feature Level 11_0)
[2020.03.04-19.23.50:805][  0]LogD3D11RHI:       128/0/8131 MB DedicatedVideo/DedicatedSystem/SharedSystem, Outputs:1, VendorId:0x8086
[2020.03.04-19.23.50:811][  0]LogD3D11RHI:    2. 'Microsoft Basic Render Driver' (Feature Level 11_0)
[2020.03.04-19.23.50:811][  0]LogD3D11RHI:       0/0/8131 MB DedicatedVideo/DedicatedSystem/SharedSystem, Outputs:0, VendorId:0x1414
[2020.03.04-19.23.50:811][  0]LogD3D11RHI: Chosen D3D11 Adapter: 0
[2020.03.04-19.23.50:820][  0]LogD3D11RHI: Creating new Direct3DDevice
[2020.03.04-19.23.50:820][  0]LogD3D11RHI:     GPU DeviceId: 0x1b81 (for the marketing name, search the web for "GPU Device Id")
[2020.03.04-19.23.50:820][  0]LogWindows: EnumDisplayDevices:
[2020.03.04-19.23.50:821][  0]LogWindows:    0. 'NVIDIA GeForce GTX 1070' (P:1 D:1)
[2020.03.04-19.23.50:821][  0]LogWindows:    1. 'NVIDIA GeForce GTX 1070' (P:0 D:0)
[2020.03.04-19.23.50:821][  0]LogWindows:    2. 'NVIDIA GeForce GTX 1070' (P:0 D:0)
[2020.03.04-19.23.50:821][  0]LogWindows:    3. 'NVIDIA GeForce GTX 1070' (P:0 D:0)
[2020.03.04-19.23.50:821][  0]LogWindows:    4. 'Intel(R) HD Graphics 530' (P:0 D:1)
[2020.03.04-19.23.50:822][  0]LogWindows:    5. 'Intel(R) HD Graphics 530' (P:0 D:0)
[2020.03.04-19.23.50:822][  0]LogWindows:    6. 'Intel(R) HD Graphics 530' (P:0 D:0)
[2020.03.04-19.23.50:822][  0]LogWindows: DebugString: PrimaryIsNotTheChoosenAdapter PrimaryIsNotTheChoosenAdapter PrimaryIsNotTheChoosenAdapter FoundDriverCount:4 
[2020.03.04-19.23.50:822][  0]LogD3D11RHI:     Adapter Name: NVIDIA GeForce GTX 1070
[2020.03.04-19.23.50:822][  0]LogD3D11RHI:   Driver Version: 425.31 (internal:25.21.14.2531, unified:425.31)
[2020.03.04-19.23.50:822][  0]LogD3D11RHI:      Driver Date: 4-9-2019
[2020.03.04-19.23.50:822][  0]LogRHI: Texture pool is 5661 MB (70% of 8088 MB)
[2020.03.04-19.23.50:862][  0]LogD3D11RHI: Async texture creation enabled
[2020.03.04-19.23.50:905][  0]LogD3D11RHI: GPU Timing Frequency: 1000.000000 (Debug: 2 1)
[2020.03.04-19.23.51:323][  0]LogTemp: Display: Module 'AllDesktopTargetPlatform' loaded TargetPlatform 'AllDesktop'
[2020.03.04-19.23.51:332][  0]LogTemp: Display: Module 'MacClientTargetPlatform' loaded TargetPlatform 'MacClient'
[2020.03.04-19.23.51:341][  0]LogTemp: Display: Module 'MacNoEditorTargetPlatform' loaded TargetPlatform 'MacNoEditor'
[2020.03.04-19.23.51:350][  0]LogTemp: Display: Module 'MacServerTargetPlatform' loaded TargetPlatform 'MacServer'
[2020.03.04-19.23.51:364][  0]LogTemp: Display: Module 'MacTargetPlatform' loaded TargetPlatform 'Mac'
[2020.03.04-19.23.51:374][  0]LogTemp: Display: Module 'WindowsClientTargetPlatform' loaded TargetPlatform 'WindowsClient'
[2020.03.04-19.23.51:383][  0]LogTemp: Display: Module 'WindowsNoEditorTargetPlatform' loaded TargetPlatform 'WindowsNoEditor'
[2020.03.04-19.23.51:392][  0]LogTemp: Display: Module 'WindowsServerTargetPlatform' loaded TargetPlatform 'WindowsServer'
[2020.03.04-19.23.51:398][  0]LogTemp: Display: Module 'WindowsTargetPlatform' loaded TargetPlatform 'Windows'
[2020.03.04-19.23.51:438][  0]LogTemp: Display: Module 'AndroidTargetPlatform' loaded TargetPlatform 'Android'
[2020.03.04-19.23.51:438][  0]LogTemp: Display: Module 'AndroidTargetPlatform' loaded TargetPlatform 'Android_ASTC'
[2020.03.04-19.23.51:438][  0]LogTemp: Display: Module 'AndroidTargetPlatform' loaded TargetPlatform 'Android_ATC'
[2020.03.04-19.23.51:438][  0]LogTemp: Display: Module 'AndroidTargetPlatform' loaded TargetPlatform 'Android_DXT'
[2020.03.04-19.23.51:438][  0]LogTemp: Display: Module 'AndroidTargetPlatform' loaded TargetPlatform 'Android_ETC1'
[2020.03.04-19.23.51:438][  0]LogTemp: Display: Module 'AndroidTargetPlatform' loaded TargetPlatform 'Android_ETC1a'
[2020.03.04-19.23.51:438][  0]LogTemp: Display: Module 'AndroidTargetPlatform' loaded TargetPlatform 'Android_ETC2'
[2020.03.04-19.23.51:438][  0]LogTemp: Display: Module 'AndroidTargetPlatform' loaded TargetPlatform 'Android_PVRTC'
[2020.03.04-19.23.51:438][  0]LogTemp: Display: Module 'AndroidTargetPlatform' loaded TargetPlatform 'AndroidClient'
[2020.03.04-19.23.51:438][  0]LogTemp: Display: Module 'AndroidTargetPlatform' loaded TargetPlatform 'Android_ASTCClient'
[2020.03.04-19.23.51:438][  0]LogTemp: Display: Module 'AndroidTargetPlatform' loaded TargetPlatform 'Android_ATCClient'
[2020.03.04-19.23.51:438][  0]LogTemp: Display: Module 'AndroidTargetPlatform' loaded TargetPlatform 'Android_DXTClient'
[2020.03.04-19.23.51:438][  0]LogTemp: Display: Module 'AndroidTargetPlatform' loaded TargetPlatform 'Android_ETC1Client'
[2020.03.04-19.23.51:438][  0]LogTemp: Display: Module 'AndroidTargetPlatform' loaded TargetPlatform 'Android_ETC1aClient'
[2020.03.04-19.23.51:438][  0]LogTemp: Display: Module 'AndroidTargetPlatform' loaded TargetPlatform 'Android_ETC2Client'
[2020.03.04-19.23.51:438][  0]LogTemp: Display: Module 'AndroidTargetPlatform' loaded TargetPlatform 'Android_PVRTCClient'
[2020.03.04-19.23.51:438][  0]LogTemp: Display: Module 'AndroidTargetPlatform' loaded TargetPlatform 'Android_Multi'
[2020.03.04-19.23.51:438][  0]LogTemp: Display: Module 'AndroidTargetPlatform' loaded TargetPlatform 'Android_MultiClient'
[2020.03.04-19.23.51:442][  0]LogTemp: Display: Module 'HTML5TargetPlatform' loaded TargetPlatform 'HTML5'
[2020.03.04-19.23.51:470][  0]LogTemp: Display: Module 'IOSTargetPlatform' loaded TargetPlatform 'IOSClient'
[2020.03.04-19.23.51:470][  0]LogTemp: Display: Module 'IOSTargetPlatform' loaded TargetPlatform 'IOS'
[2020.03.04-19.23.51:482][  0]LogTemp: Display: Module 'TVOSTargetPlatform' loaded TargetPlatform 'TVOSClient'
[2020.03.04-19.23.51:482][  0]LogTemp: Display: Module 'TVOSTargetPlatform' loaded TargetPlatform 'TVOS'
[2020.03.04-19.23.51:490][  0]LogTemp: Display: Module 'LinuxClientTargetPlatform' loaded TargetPlatform 'LinuxClient'
[2020.03.04-19.23.51:498][  0]LogTemp: Display: Module 'LinuxNoEditorTargetPlatform' loaded TargetPlatform 'LinuxNoEditor'
[2020.03.04-19.23.51:505][  0]LogTemp: Display: Module 'LinuxServerTargetPlatform' loaded TargetPlatform 'LinuxServer'
[2020.03.04-19.23.51:521][  0]LogTemp: Display: Module 'LinuxTargetPlatform' loaded TargetPlatform 'Linux'
[2020.03.04-19.23.51:546][  0]LogTemp: Display: Module 'LuminTargetPlatform' loaded TargetPlatform 'Lumin'
[2020.03.04-19.23.51:547][  0]LogTemp: Display: Module 'LuminTargetPlatform' loaded TargetPlatform 'LuminClient'
[2020.03.04-19.23.51:547][  0]LogTargetPlatformManager: Display: Building Assets For Windows
[2020.03.04-19.23.51:607][  0]LogAudioDebug: Display: Lib vorbis DLL was dynamically loaded.
[2020.03.04-19.23.51:739][  0]LogShaderCompilers: Guid format shader working directory is -35 characters bigger than the processId version (D:/Packt_New_Repository/Learning-Unreal-Engine-4-Game-Development-2nd-Edition-/FirstGame/Intermediate/Shaders/WorkingDirectory/15032/).
[2020.03.04-19.23.51:739][  0]LogShaderCompilers: Cleaned the shader compiler working directory 'C:/Users/Seth Ulibarri/AppData/Local/Temp/UnrealShaderWorkingDir/21B2527E4B9DF98A6B1A8DB318953569/'.
[2020.03.04-19.23.51:743][  0]LogXGEController: Cleaning working directory: C:/Users/Seth Ulibarri/AppData/Local/Temp/UnrealXGEWorkingDir/
[2020.03.04-19.23.51:743][  0]LogXGEController: Cannot use XGE Controller as Incredibuild is not installed on this machine.
[2020.03.04-19.23.51:744][  0]LogShaderCompilers: Cannot use XGE Shader Compiler as Incredibuild is not installed on this machine.
[2020.03.04-19.23.51:744][  0]LogShaderCompilers: Display: Using Local Shader Compiler.
[2020.03.04-19.23.54:075][  0]LogDerivedDataCache: Display: Max Cache Size: 512 MB
[2020.03.04-19.23.54:287][  0]LogDerivedDataCache: Loaded boot cache 0.21s 76MB C:/Users/Seth Ulibarri/AppData/Local/UnrealEngine/4.23/DerivedDataCache/Boot.ddc.
[2020.03.04-19.23.54:287][  0]LogDerivedDataCache: Display: Loaded Boot cache: C:/Users/Seth Ulibarri/AppData/Local/UnrealEngine/4.23/DerivedDataCache/Boot.ddc
[2020.03.04-19.23.54:287][  0]LogDerivedDataCache: FDerivedDataBackendGraph:  Pak pak cache file D:/Packt_New_Repository/Learning-Unreal-Engine-4-Game-Development-2nd-Edition-/FirstGame/DerivedDataCache/DDC.ddp not found, will not use a pak cache.
[2020.03.04-19.23.54:287][  0]LogDerivedDataCache: Unable to find inner node Pak for hierarchical cache Hierarchy.
[2020.03.04-19.23.54:288][  0]LogDerivedDataCache: FDerivedDataBackendGraph:  CompressedPak pak cache file D:/Packt_New_Repository/Learning-Unreal-Engine-4-Game-Development-2nd-Edition-/FirstGame/DerivedDataCache/Compressed.ddp not found, will not use a pak cache.
[2020.03.04-19.23.54:288][  0]LogDerivedDataCache: Unable to find inner node CompressedPak for hierarchical cache Hierarchy.
[2020.03.04-19.23.54:310][  0]LogDerivedDataCache: Display: Pak cache opened for reading ../../../Engine/DerivedDataCache/Compressed.ddp.
[2020.03.04-19.23.54:311][  0]LogDerivedDataCache: FDerivedDataBackendGraph:  EnterprisePak pak cache file ../../../Enterprise/DerivedDataCache/Compressed.ddp not found, will not use a pak cache.
[2020.03.04-19.23.54:311][  0]LogDerivedDataCache: Unable to find inner node EnterprisePak for hierarchical cache Hierarchy.
[2020.03.04-19.23.54:312][  0]LogDerivedDataCache: Using Local data cache path C:/Users/Seth Ulibarri/AppData/Local/UnrealEngine/Common/DerivedDataCache: Writable
[2020.03.04-19.23.54:312][  0]LogDerivedDataCache: Shared data cache path not found in *engine.ini, will not use an Shared cache.
[2020.03.04-19.23.54:312][  0]LogDerivedDataCache: Unable to find inner node Shared for hierarchical cache Hierarchy.
[2020.03.04-19.23.54:331][  0]LogMaterial: Verifying Global Shaders for PCD3D_SM5
[2020.03.04-19.23.54:340][  0]LogSlate: Using FreeType 2.6.0
[2020.03.04-19.23.54:362][  0]LogSlate: SlateFontServices - WITH_FREETYPE: 1, WITH_HARFBUZZ: 1
[2020.03.04-19.23.54:599][  0]LogAssetRegistry: FAssetRegistry took 0.0053 seconds to start up
[2020.03.04-19.23.55:094][  0]LogInit: Selected Device Profile: [Windows]
[2020.03.04-19.23.55:431][  0]LogMeshReduction: Using QuadricMeshReduction for automatic static mesh reduction
[2020.03.04-19.23.55:431][  0]LogMeshReduction: Using SimplygonMeshReduction for automatic skeletal mesh reduction
[2020.03.04-19.23.55:431][  0]LogMeshReduction: Using ProxyLODMeshReduction for automatic mesh merging
[2020.03.04-19.23.55:431][  0]LogMeshReduction: No distributed automatic mesh merging module available
[2020.03.04-19.23.55:431][  0]LogMeshMerging: No distributed automatic mesh merging module available
[2020.03.04-19.23.55:495][  0]LogNetVersion: FirstGame 1.0.0, NetCL: 8386587, EngineNetVer: 11, GameNetVer: 0 (Checksum: 2093783489)
[2020.03.04-19.23.56:743][  0]LogPackageLocalizationCache: Processed 12 localized package path(s) for 1 prioritized culture(s) in 0.064761 seconds
[2020.03.04-19.23.56:750][  0]LogUObjectArray: 43444 objects as part of root set at end of initial load.
[2020.03.04-19.23.56:750][  0]LogUObjectAllocator: 7548648 out of 0 bytes used by permanent object pool.
[2020.03.04-19.23.56:750][  0]LogUObjectArray: CloseDisregardForGC: 0/0 objects in disregard for GC pool
[2020.03.04-19.24.00:203][  0]LogTcpMessaging: Initializing TcpMessaging bridge
[2020.03.04-19.24.00:210][  0]LogUdpMessaging: Initializing bridge on interface 0.0.0.0:0 to multicast group 230.0.0.1:6666.
[2020.03.04-19.24.00:512][  0]SourceControl: Source control is disabled
[2020.03.04-19.24.01:751][  0]LogAndroidPermission: UAndroidPermissionCallbackProxy::GetInstance
[2020.03.04-19.24.02:018][  0]LogOcInput: OculusInput pre-init called
[2020.03.04-19.24.02:772][  0]LogEngine: Initializing Engine...
[2020.03.04-19.24.02:806][  0]LogHMD: Failed to initialize OpenVR with code 126
[2020.03.04-19.24.02:815][  0]LogStats: UGameplayTagsManager::InitializeManager -  0.003 s
[2020.03.04-19.24.03:195][  0]LogInit: Initializing FReadOnlyCVARCache
[2020.03.04-19.24.03:283][  0]LogAIModule: Creating AISystem for world Untitled
[2020.03.04-19.24.03:351][  0]LogInit: XAudio2 using 'Headphones (High Definition Audio Device)' : 2 channels at 44.1 kHz using 16 bits per sample (channel mask 0x3)
[2020.03.04-19.24.03:424][  0]LogInit: FAudioDevice initialized.
[2020.03.04-19.24.03:425][  0]LogNetVersion: Set ProjectVersion to 1.0.0.0. Version Checksum will be recalculated on next use.
[2020.03.04-19.24.03:494][  0]LogDerivedDataCache: Saved boot cache 0.07s 76MB C:/Users/Seth Ulibarri/AppData/Local/UnrealEngine/4.23/DerivedDataCache/Boot.ddc.
[2020.03.04-19.24.03:510][  0]LogInit: Texture streaming: Enabled
[2020.03.04-19.24.03:550][  0]LogEngineSessionManager: EngineSessionManager initialized
[2020.03.04-19.24.03:550][  0]LogEditorSessionSummary: Verbose: Initializing EditorSessionSummaryWriter for editor session tracking
[2020.03.04-19.24.03:552][  0]LogEditorSessionSummary: EditorSessionSummaryWriter initialized
[2020.03.04-19.24.03:647][  0]LogInit: Transaction tracking system initialized
[2020.03.04-19.24.03:737][  0]BlueprintLog: New page: Editor Load
[2020.03.04-19.24.03:942][  0]LocalizationService: Localization service is disabled
[2020.03.04-19.24.04:216][  0]LogLinker: Warning: Failed to load '/Game/100+crosshairspack/Demo/100+CrosshairsPack_Tutorial': Can't find file.
[2020.03.04-19.24.04:216][  0]LogLinker: Warning: Failed to load '/Game/100+crosshairspack/Demo/100+CrosshairsPack_Tutorial': Can't find file.
[2020.03.04-19.24.04:216][  0]LogUObjectGlobals: Warning: Failed to find object 'Class /Game/100+crosshairspack/Demo/100+CrosshairsPack_Tutorial.100+CrosshairsPack_Tutorial_C'
[2020.03.04-19.24.04:701][  0]LogFileCache: Scanning file cache for directory 'D:/Packt_New_Repository/Learning-Unreal-Engine-4-Game-Development-2nd-Edition-/FirstGame/Content/' took 0.02s
[2020.03.04-19.24.04:701][  0]LogCook: Display: Max memory allowance for cook 16384mb min free memory 0mb
[2020.03.04-19.24.04:702][  0]LogCook: Display: Mobile HDR setting 1
[2020.03.04-19.24.05:251][  0]LightingResults: New page: Lighting Build
[2020.03.04-19.24.05:266][  0]LogWorld: UWorld::CleanupWorld for Untitled, bSessionEnded=true, bCleanupResources=true
[2020.03.04-19.24.05:275][  0]MapCheck: New page: Map Check
[2020.03.04-19.24.05:275][  0]LightingResults: New page: Lighting Build
[2020.03.04-19.24.05:323][  0]LogUObjectHash: Compacting FUObjectHashTables data took   1.56ms
[2020.03.04-19.24.06:236][  0]LogAIModule: Creating AISystem for world ThirdPersonExampleMap
[2020.03.04-19.24.06:284][  0]LogEditorServer: Finished looking for orphan Actors (0.000 secs)
[2020.03.04-19.24.06:313][  0]LogUObjectHash: Compacting FUObjectHashTables data took   1.53ms
[2020.03.04-19.24.06:313][  0]Cmd: MAP CHECKDEP NOCLEARLOG
[2020.03.04-19.24.06:314][  0]MapCheck: Map check complete: 0 Error(s), 0 Warning(s), took 1.012ms to complete.
[2020.03.04-19.24.06:314][  0]LogFileHelpers: Loading map 'ThirdPersonExampleMap' took 1.065
[2020.03.04-19.24.06:547][  0]LogSlate: Updating window title bar state: overlay mode, drag disabled, window buttons hidden, title bar hidden
[2020.03.04-19.24.06:556][  0]LogSlate: Updating window title bar state: overlay mode, drag disabled, window buttons hidden, title bar hidden
[2020.03.04-19.24.06:563][  0]LogSlate: Updating window title bar state: overlay mode, drag disabled, window buttons hidden, title bar hidden
[2020.03.04-19.24.06:570][  0]LogSlate: Updating window title bar state: overlay mode, drag disabled, window buttons hidden, title bar hidden
[2020.03.04-19.24.06:597][  0]LogCollectionManager: Loaded 0 collections in 0.001881 seconds
[2020.03.04-19.24.06:629][  0]LogFileCache: Scanning file cache for directory 'D:/Packt_New_Repository/Learning-Unreal-Engine-4-Game-Development-2nd-Edition-/FirstGame/Saved/Collections/' took 0.00s
[2020.03.04-19.24.06:629][  0]LogFileCache: Scanning file cache for directory 'D:/Packt_New_Repository/Learning-Unreal-Engine-4-Game-Development-2nd-Edition-/FirstGame/Content/Developers/SethUlibarri/Collections/' took 0.00s
[2020.03.04-19.24.06:629][  0]LogFileCache: Scanning file cache for directory 'D:/Packt_New_Repository/Learning-Unreal-Engine-4-Game-Development-2nd-Edition-/FirstGame/Content/Collections/' took 0.00s
[2020.03.04-19.24.06:629][  0]LogCollectionManager: Rebuilt the GUID cache for 0 collections in 0.000002 seconds
[2020.03.04-19.24.06:641][  0]LogContentBrowser: Native class hierarchy populated in 0.0095 seconds. Added 2873 classes and 682 folders.
[2020.03.04-19.24.06:658][  0]LogContentBrowser: Native class hierarchy updated for 'WidgetCarousel' in 0.0003 seconds. Added 0 classes and 0 folders.
[2020.03.04-19.24.06:978][  0]LogContentBrowser: Native class hierarchy updated for 'AddContentDialog' in 0.0002 seconds. Added 0 classes and 0 folders.
[2020.03.04-19.24.07:000][  0]LogContentBrowser: Native class hierarchy updated for 'SceneOutliner' in 0.0003 seconds. Added 1 classes and 2 folders.
[2020.03.04-19.24.08:605][  0]LogSlate: Only BGRA pngs, bmps or icos are supported in by External Image Picker
[2020.03.04-19.24.08:654][  0]LogSlate: Took 0.006532 seconds to synchronously load lazily loaded font '../../../Engine/Content/Slate/Fonts/Roboto-Regular.ttf' (155K)
[2020.03.04-19.24.08:668][  0]LogSlate: Took 0.005402 seconds to synchronously load lazily loaded font '../../../Engine/Content/Slate/Fonts/Roboto-Bold.ttf' (160K)
[2020.03.04-19.24.08:681][  0]LogSlate: Took 0.006477 seconds to synchronously load lazily loaded font '../../../Engine/Content/Editor/Slate/Fonts/FontAwesome.ttf' (139K)
[2020.03.04-19.24.08:824][  0]LogRenderer: Reallocating scene render targets to support 1036x488 Format 10 NumSamples 1 (Frame:1).
[2020.03.04-19.24.09:042][  0]LogContentBrowser: Native class hierarchy updated for 'HierarchicalLODOutliner' in 0.0002 seconds. Added 0 classes and 0 folders.
[2020.03.04-19.24.09:042][  0]LogLoad: (Engine Initialization) Total time: 26.41 seconds
[2020.03.04-19.24.09:042][  0]LogLoad: (Engine Initialization) Total Blueprint compile time: 0.00 seconds
[2020.03.04-19.24.09:164][  0]LogContentStreaming: Texture pool size now 1000 MB
[2020.03.04-19.24.09:227][  0]LogSlate: Took 0.006126 seconds to synchronously load lazily loaded font '../../../Engine/Content/Slate/Fonts/Roboto-Light.ttf' (167K)
[2020.03.04-19.24.10:200][ 15]LogSlate: Took 0.000134 seconds to synchronously load lazily loaded font '../../../Engine/Content/Slate/Fonts/Roboto-Light.ttf' (167K)
[2020.03.04-19.24.10:491][ 20]LogAssetRegistry: Asset discovery search completed in 15.8923 seconds
[2020.03.04-19.24.10:495][ 20]LogCollectionManager: Rebuilt the object cache for 0 collections in 0.000374 seconds (found 0 objects)
[2020.03.04-19.24.10:495][ 20]LogCollectionManager: Fixed up redirectors for 0 collections in 0.000438 seconds (updated 0 objects)
[2020.03.04-19.25.09:235][195]LogEditorSessionSummary: EditorSessionSummary sent report. Type=Shutdown, SessionId={C49F9C17-4382-07E4-6B95-5F8DEB1CCCD0}
[2020.03.04-19.30.01:025][250]LogSlate: FSceneViewport::OnFocusLost() reason 0
[2020.03.04-19.30.02:792][426]LogTemp: Repeating last play command: Selected Viewport
[2020.03.04-19.30.02:809][426]LogBlueprintUserMessages: Early PlayInEditor Detection: Level '/Game/ThirdPersonCPP/Maps/ThirdPersonExampleMap.ThirdPersonExampleMap:PersistentLevel' has LevelScriptBlueprint '/Game/ThirdPersonCPP/Maps/ThirdPersonExampleMap.ThirdPersonExampleMap:PersistentLevel.ThirdPersonExampleMap' with GeneratedClass '/Game/ThirdPersonCPP/Maps/ThirdPersonExampleMap.ThirdPersonExampleMap_C' with ClassGeneratedBy '/Game/ThirdPersonCPP/Maps/ThirdPersonExampleMap.ThirdPersonExampleMap:PersistentLevel.ThirdPersonExampleMap'
[2020.03.04-19.30.02:812][426]LogPlayLevel: PlayLevel: No blueprints needed recompiling
[2020.03.04-19.30.02:820][426]PIE: New page: PIE session: ThirdPersonExampleMap (Mar 4, 2020, 3:30:02 AM)
[2020.03.04-19.30.02:826][426]LogOnline: OSS: Creating online subsystem instance for: NULL
[2020.03.04-19.30.02:829][426]LogPlayLevel: Creating play world package: /Game/ThirdPersonCPP/Maps/UEDPIE_0_ThirdPersonExampleMap
[2020.03.04-19.30.02:843][426]LogPlayLevel: PIE: StaticDuplicateObject took: (0.013890s)
[2020.03.04-19.30.02:845][426]LogAIModule: Creating AISystem for world ThirdPersonExampleMap
[2020.03.04-19.30.02:845][426]LogPlayLevel: PIE: World Init took: (0.002235s)
[2020.03.04-19.30.02:846][426]LogPlayLevel: PIE: Created PIE world by copying editor world from /Game/ThirdPersonCPP/Maps/ThirdPersonExampleMap.ThirdPersonExampleMap to /Game/ThirdPersonCPP/Maps/UEDPIE_0_ThirdPersonExampleMap.ThirdPersonExampleMap (0.016699s)
[2020.03.04-19.30.02:868][426]LogUObjectHash: Compacting FUObjectHashTables data took   1.31ms
[2020.03.04-19.30.02:896][426]LogInit: XAudio2 using 'Headphones (High Definition Audio Device)' : 2 channels at 44.1 kHz using 16 bits per sample (channel mask 0x3)
[2020.03.04-19.30.02:907][426]LogInit: FAudioDevice initialized.
[2020.03.04-19.30.05:447][426]LogClass: Warning: Type mismatch in Main of HUDOverlayWidget_C - Previous (BoolProperty) Current(ObjectProperty) for package:  FObjectReader
[2020.03.04-19.30.06:378][426]LogLoad: Game class is 'FirstGM_BP_C'
[2020.03.04-19.30.06:390][426]LogWorld: Bringing World /Game/ThirdPersonCPP/Maps/UEDPIE_0_ThirdPersonExampleMap.ThirdPersonExampleMap up for play (max tick rate 0) at 2020.03.04-11.30.06
[2020.03.04-19.30.06:393][426]LogWorld: Bringing up level for play took: 0.004896
[2020.03.04-19.30.06:394][426]LogOnline: OSS: Creating online subsystem instance for: :Context_5
[2020.03.04-19.30.06:424][426]LogContentBrowser: Native class hierarchy updated for 'MovieSceneCapture' in 0.0003 seconds. Added 20 classes and 0 folders.
[2020.03.04-19.30.06:491][426]PIE: Play in editor start time for /Game/ThirdPersonCPP/Maps/UEDPIE_0_ThirdPersonExampleMap 3.502
[2020.03.04-19.30.06:491][426]LogBlueprintUserMessages: Late PlayInEditor Detection: Level '/Game/ThirdPersonCPP/Maps/ThirdPersonExampleMap.ThirdPersonExampleMap:PersistentLevel' has LevelScriptBlueprint '/Game/ThirdPersonCPP/Maps/ThirdPersonExampleMap.ThirdPersonExampleMap:PersistentLevel.ThirdPersonExampleMap' with GeneratedClass '/Game/ThirdPersonCPP/Maps/ThirdPersonExampleMap.ThirdPersonExampleMap_C' with ClassGeneratedBy '/Game/ThirdPersonCPP/Maps/ThirdPersonExampleMap.ThirdPersonExampleMap:PersistentLevel.ThirdPersonExampleMap'
[2020.03.04-19.30.06:925][443]LogTemp: Warning: BeginOverlap
[2020.03.04-19.30.08:932][673]LogTemp: Warning: AHealthPickup::OnOverlapBegin
[2020.03.04-19.30.08:932][673]LogTemp: Warning: OnOverlapBegin
[2020.03.04-19.30.10:281][825]LogTemp: Warning: AHealthPickup::OnOverlapBegin
[2020.03.04-19.30.10:281][825]LogTemp: Warning: OnOverlapBegin
[2020.03.04-19.30.11:006][912]LogTemp: Warning: AHealthPickup::OnOverlapBegin
[2020.03.04-19.30.11:007][912]LogTemp: Warning: OnOverlapBegin
[2020.03.04-19.30.13:306][178]LogTemp: Warning: OnOverlapBegin
[2020.03.04-19.30.18:536][802]LogBlueprintUserMessages: Early EndPlayMap Detection: Level '/Game/ThirdPersonCPP/Maps/ThirdPersonExampleMap.ThirdPersonExampleMap:PersistentLevel' has LevelScriptBlueprint '/Game/ThirdPersonCPP/Maps/ThirdPersonExampleMap.ThirdPersonExampleMap:PersistentLevel.ThirdPersonExampleMap' with GeneratedClass '/Game/ThirdPersonCPP/Maps/ThirdPersonExampleMap.ThirdPersonExampleMap_C' with ClassGeneratedBy '/Game/ThirdPersonCPP/Maps/ThirdPersonExampleMap.ThirdPersonExampleMap:PersistentLevel.ThirdPersonExampleMap'
[2020.03.04-19.30.18:537][802]LogSlate: Updating window title bar state: overlay mode, drag disabled, window buttons hidden, title bar hidden
[2020.03.04-19.30.18:537][802]LogWorld: BeginTearingDown for /Game/ThirdPersonCPP/Maps/UEDPIE_0_ThirdPersonExampleMap
[2020.03.04-19.30.18:537][802]LogWorld: UWorld::CleanupWorld for ThirdPersonExampleMap, bSessionEnded=true, bCleanupResources=true
[2020.03.04-19.30.18:546][802]LogPlayLevel: Display: Shutting down PIE online subsystems
[2020.03.04-19.30.18:546][802]LogBlueprintUserMessages: Late EndPlayMap Detection: Level '/Game/ThirdPersonCPP/Maps/ThirdPersonExampleMap.ThirdPersonExampleMap:PersistentLevel' has LevelScriptBlueprint '/Game/ThirdPersonCPP/Maps/ThirdPersonExampleMap.ThirdPersonExampleMap:PersistentLevel.ThirdPersonExampleMap' with GeneratedClass '/Game/ThirdPersonCPP/Maps/ThirdPersonExampleMap.ThirdPersonExampleMap_C' with ClassGeneratedBy '/Game/ThirdPersonCPP/Maps/ThirdPersonExampleMap.ThirdPersonExampleMap:PersistentLevel.ThirdPersonExampleMap'
[2020.03.04-19.30.18:570][802]LogSlate: Updating window title bar state: overlay mode, drag disabled, window buttons hidden, title bar hidden
[2020.03.04-19.30.18:579][802]LogUObjectHash: Compacting FUObjectHashTables data took   1.75ms
[2020.03.04-19.30.18:627][806]LogPlayLevel: Display: Destroying online subsystem :Context_5
[2020.03.04-19.30.20:796][ 59]LogSlate: FSceneViewport::OnFocusLost() reason 0
[2020.03.04-19.30.25:247][582]LogAssetEditorManager: Opening Asset editor for Class /Script/FirstGame.HealthPickup
[2020.03.04-19.39.35:109][532]LogSlate: Took 0.008308 seconds to synchronously load lazily loaded font '../../../Engine/Content/Slate/Fonts/Roboto-BoldCondensed.ttf' (158K)
[2020.03.04-19.39.49:170][626]Candidate modules for hot reload:
[2020.03.04-19.39.49:170][626]  FirstGame
[2020.03.04-19.39.49:170][626]Launching UnrealBuildTool... [C:/Program Files/Epic Games/UE_4.23/Engine/Binaries/DotNET/UnrealBuildTool.exe  -ModuleWithSuffix=FirstGame,1355 Win64 Development -TargetType=Editor -Project="D:/Packt_New_Repository/Learning-Unreal-Engine-4-Game-Development-2nd-Edition-/FirstGame/FirstGame.uproject" "D:/Packt_New_Repository/Learning-Unreal-Engine-4-Game-Development-2nd-Edition-/FirstGame/FirstGame.uproject"  -IgnoreJunk]
[2020.03.04-19.41.52:020][626]CompilerResultsLog: New page: Compilation - Mar 4, 2020, 3:41:52 AM
[2020.03.04-19.41.52:020][626]CompilerResultsLog: Using 'git status' to determine working set for adaptive non-unity build (D:\Packt_New_Repository\Learning-Unreal-Engine-4-Game-Development-2nd-Edition-).
[2020.03.04-19.41.52:020][626]CompilerResultsLog: Invalidating makefile for FirstGameEditor (source file added)
[2020.03.04-19.41.52:020][626]CompilerResultsLog: Parsing headers for FirstGameEditor
[2020.03.04-19.41.52:020][626]CompilerResultsLog:   Running UnrealHeaderTool "D:\Packt_New_Repository\Learning-Unreal-Engine-4-Game-Development-2nd-Edition-\FirstGame\FirstGame.uproject" "D:\Packt_New_Repository\Learning-Unreal-Engine-4-Game-Development-2nd-Edition-\FirstGame\Intermediate\Build\Win64\FirstGameEditor\Development\FirstGameEditor.uhtmanifest" -LogCmds="loginit warning, logexit warning, logdatabase error" -Unattended -WarningsAsErrors -installed
[2020.03.04-19.41.52:020][626]CompilerResultsLog: Reflection code generated for FirstGameEditor in 18.6827021 seconds
[2020.03.04-19.41.52:020][626]CompilerResultsLog: Using Visual Studio 2017 14.16.27023 toolchain (C:\Program Files (x86)\Microsoft Visual Studio\2017\Community\VC\Tools\MSVC\14.16.27023) and Windows 10.0.16299.0 SDK (C:\Program Files (x86)\Windows Kits\10).
[2020.03.04-19.41.52:020][626]CompilerResultsLog: Building 6 actions with 4 processes...
[2020.03.04-19.41.52:020][626]CompilerResultsLog:   [1/6] FirstGame.init.gen.cpp
[2020.03.04-19.41.52:020][626]CompilerResultsLog:   [2/6] FloorSwitch.cpp
[2020.03.04-19.41.52:020][626]CompilerResultsLog:   [3/6] FloorSwitch.gen.cpp
[2020.03.04-19.41.52:020][626]CompilerResultsLog:   [4/6] UE4Editor-FirstGame-1355.lib
[2020.03.04-19.41.52:020][626]CompilerResultsLog:      Creating library D:\Packt_New_Repository\Learning-Unreal-Engine-4-Game-Development-2nd-Edition-\FirstGame\Intermediate\Build\Win64\UE4Editor\Development\FirstGame\UE4Editor-FirstGame-1355.lib and object D:\Packt_New_Repository\Learning-Unreal-Engine-4-Game-Development-2nd-Edition-\FirstGame\Intermediate\Build\Win64\UE4Editor\Development\FirstGame\UE4Editor-FirstGame-1355.exp
[2020.03.04-19.41.52:020][626]CompilerResultsLog:   [5/6] UE4Editor-FirstGame-1355.dll
[2020.03.04-19.41.52:020][626]CompilerResultsLog:      Creating library D:\Packt_New_Repository\Learning-Unreal-Engine-4-Game-Development-2nd-Edition-\FirstGame\Intermediate\Build\Win64\UE4Editor\Development\FirstGame\UE4Editor-FirstGame-1355.suppressed.lib and object D:\Packt_New_Repository\Learning-Unreal-Engine-4-Game-Development-2nd-Edition-\FirstGame\Intermediate\Build\Win64\UE4Editor\Development\FirstGame\UE4Editor-FirstGame-1355.suppressed.exp
[2020.03.04-19.41.52:020][626]CompilerResultsLog:   [6/6] FirstGameEditor.target
[2020.03.04-19.41.52:020][626]CompilerResultsLog: Total time in Parallel executor: 100.46 seconds
[2020.03.04-19.41.52:020][626]CompilerResultsLog: Total execution time: 122.67 seconds
[2020.03.04-19.41.52:020][626]LogMainFrame: MainFrame: Module compiling took 122.863 seconds
[2020.03.04-19.41.52:047][626]LogUObjectHash: Compacting FUObjectHashTables data took   0.84ms
[2020.03.04-19.41.52:074][626]LogClass: Could not find existing class FloorSwitch in package /Script/FirstGame for HotReload, assuming new class
[2020.03.04-19.41.52:090][626]LogContentBrowser: Native class hierarchy updated for 'FirstGame' in 0.0003 seconds. Added 11 classes and 2 folders.
[2020.03.04-19.41.52:093][626]Display: HotReload successful (6 functions remapped  0 scriptstructs remapped)
[2020.03.04-19.41.52:168][626]LogUObjectHash: Compacting FUObjectHashTables data took   1.04ms
[2020.03.04-19.41.52:179][626]LogContentBrowser: Native class hierarchy populated in 0.0065 seconds. Added 2875 classes and 684 folders.
[2020.03.04-19.41.52:184][626]Display: HotReload took 123.6s.
[2020.03.04-19.41.52:185][626]Warning: HotReload operation took 123.6s.
[2020.03.04-19.41.52:324][626]LogSlate: Window 'Add C++ Class' being destroyed
[2020.03.04-19.41.52:339][626]LogHotReload: New module detected: UE4Editor-FirstGame-1355.dll
[2020.03.04-19.41.52:393][627]LogHotReload: Starting Hot-Reload from IDE
[2020.03.04-19.41.52:450][627]LogUObjectHash: Compacting FUObjectHashTables data took   0.64ms
[2020.03.04-19.41.52:459][627]LogContentBrowser: Native class hierarchy updated for 'FirstGame' in 0.0003 seconds. Added 11 classes and 2 folders.
[2020.03.04-19.41.52:461][627]Display: HotReload successful (0 functions remapped  0 scriptstructs remapped)
[2020.03.04-19.41.52:478][627]LogUObjectHash: Compacting FUObjectHashTables data took   0.54ms
[2020.03.04-19.41.52:489][627]LogContentBrowser: Native class hierarchy populated in 0.0068 seconds. Added 2875 classes and 684 folders.
[2020.03.04-19.41.52:492][627]Display: HotReload took  0.1s.
[2020.03.04-20.30.17:327][458]LogEditorViewport: Clicking on Actor (LMB): HealthPickupBP_C (HealthPickupBP)
[2020.03.04-20.30.19:322][677]LogSlate: FSceneViewport::OnFocusLost() reason 0
[2020.03.04-20.30.19:581][699]LogSlate: Took 0.005236 seconds to synchronously load lazily loaded font '../../../Engine/Content/Slate/Fonts/Roboto-Italic.ttf' (157K)
[2020.03.04-20.30.34:732][476]LogSlate: FSceneViewport::OnFocusLost() reason 0
[2020.03.04-20.30.36:055][621]LogAssetEditorManager: Opening Asset editor for Blueprint /Game/Chapter8/OverlapActorBP.OverlapActorBP
[2020.03.04-20.30.36:443][621]LogContentBrowser: Native class hierarchy updated for 'BlueprintGraph' in 0.0008 seconds. Added 121 classes and 0 folders.
[2020.03.04-20.30.38:700][746]LogSlate: Window 'OverlapActorBP' being destroyed
[2020.03.04-20.30.38:720][746]LogWorld: UWorld::CleanupWorld for World_7, bSessionEnded=true, bCleanupResources=true
[2020.03.04-20.30.38:774][746]LogAssetEditorManager: Opening Asset editor for Blueprint /Game/Chapter8/OverlapActorBP.OverlapActorBP
[2020.03.04-20.30.40:377][848]LogRenderer: Reallocating scene render targets to support 1096x692 Format 10 NumSamples 1 (Frame:1).
[2020.03.04-20.44.16:764][385]LogSlate: Window 'OverlapActorBP' being destroyed
[2020.03.04-20.46.19:183][649]LogHotReload: New module detected: UE4Editor-FirstGame-0065.dll
[2020.03.04-20.46.20:538][654]LogHotReload: Starting Hot-Reload from IDE
[2020.03.04-20.46.20:616][654]LogUObjectHash: Compacting FUObjectHashTables data took   4.84ms
[2020.03.04-20.46.20:666][654]LogClass: Could not find existing class FloorSwitch in package /Script/FirstGame for HotReload, assuming new class
[2020.03.04-20.46.20:695][654]LogHotReload: Re-instancing FloorSwitch after hot-reload.
[2020.03.04-20.46.20:867][654]LogContentBrowser: Native class hierarchy updated for 'FirstGame' in 0.0008 seconds. Added 11 classes and 2 folders.
[2020.03.04-20.46.20:871][654]Display: HotReload successful (6 functions remapped  0 scriptstructs remapped)
[2020.03.04-20.46.20:955][654]LogUObjectHash: Compacting FUObjectHashTables data took   1.42ms
[2020.03.04-20.46.20:972][654]LogContentBrowser: Native class hierarchy populated in 0.0084 seconds. Added 2875 classes and 684 folders.
[2020.03.04-20.46.20:975][654]Display: HotReload took  0.4s.
[2020.03.04-20.46.54:850][755]LogHotReload: New module detected: UE4Editor-FirstGame-0066.dll
[2020.03.04-20.46.55:877][759]LogHotReload: Starting Hot-Reload from IDE
[2020.03.04-20.46.55:979][759]LogUObjectHash: Compacting FUObjectHashTables data took   3.00ms
[2020.03.04-20.46.56:045][759]LogHotReload: Re-instancing FloorSwitch after hot-reload.
[2020.03.04-20.46.56:203][759]LogContentBrowser: Native class hierarchy updated for 'FirstGame' in 0.0003 seconds. Added 11 classes and 2 folders.
[2020.03.04-20.46.56:207][759]Display: HotReload successful (6 functions remapped  0 scriptstructs remapped)
[2020.03.04-20.46.56:300][759]LogUObjectHash: Compacting FUObjectHashTables data took   2.24ms
[2020.03.04-20.46.56:313][759]LogContentBrowser: Native class hierarchy populated in 0.0068 seconds. Added 2875 classes and 684 folders.
[2020.03.04-20.46.56:316][759]Display: HotReload took  0.4s.
[2020.03.04-20.47.30:833][826]LogAssetEditorManager: Opening Asset editor for Blueprint /Game/Chapter9/FloorSwitch_BP.FloorSwitch_BP
[2020.03.04-20.47.31:136][826]LogSlate: Window 'Add Blueprint Class' being destroyed
[2020.03.04-20.48.33:695][938]LogUObjectHash: Compacting FUObjectHashTables data took   3.49ms
[2020.03.04-20.48.33:696][938]LogFileHelpers: Editor autosave (incl. sublevels) for '/Game/ThirdPersonCPP/Maps/ThirdPersonExampleMap' took 0.079
[2020.03.04-20.48.33:698][938]OBJ SavePackage: Generating thumbnails for [0] asset(s) in package [/Game/Chapter9/FloorSwitch_BP] ([1] browsable assets)...
[2020.03.04-20.48.33:698][938]OBJ SavePackage: Finished generating thumbnails for package [/Game/Chapter9/FloorSwitch_BP]
[2020.03.04-20.48.33:722][938]LogSavePackage: Moving 'D:/Packt_New_Repository/Learning-Unreal-Engine-4-Game-Development-2nd-Edition-/FirstGame/Saved/FloorSwitch_BP_Auto1595FFC0D4865D57EE3E56CBDA2F97C5F.tmp' to 'D:/Packt_New_Repository/Learning-Unreal-Engine-4-Game-Development-2nd-Edition-/FirstGame/Saved/Autosaves/Game/Chapter9/FloorSwitch_BP_Auto1.uasset'
[2020.03.04-20.48.33:723][938]LogFileHelpers: Auto-saving content packages took 0.026
[2020.03.04-21.50.09:369][ 16]LogD3D11RHI: Warning: Temp texture streaming buffer not large enough, needed 16777216 bytes
[2020.03.04-21.50.16:776][845]LogSlate: FSceneViewport::OnFocusLost() reason 0
[2020.03.04-21.50.19:099][ 92]LogWorld: UWorld::CleanupWorld for World_8, bSessionEnded=true, bCleanupResources=true
[2020.03.04-21.50.21:510][326]LogUObjectHash: Compacting FUObjectHashTables data took   7.90ms
[2020.03.04-21.50.22:203][326]LogSlate: Window 'Save Content' being destroyed
[2020.03.04-21.50.22:321][326]LogSavePackage: Moving 'D:/Packt_New_Repository/Learning-Unreal-Engine-4-Game-Development-2nd-Edition-/FirstGame/Saved/FloorSwitch_BP5151B7C14606FB1E247456BE3DDC9BCF.tmp' to 'D:/Packt_New_Repository/Learning-Unreal-Engine-4-Game-Development-2nd-Edition-/FirstGame/Content/Chapter9/FloorSwitch_BP.uasset'
[2020.03.04-22.02.42:526][ 69]SourceControl: fatal: C:/Program Files/Epic Games/UE_4.23/Engine/Content/Functions/Engine_MaterialFunctions02/SupportFiles/1x1x1_Box_Pivot_-XYZ.uasset: 'C:/Program Files/Epic Games/UE_4.23/Engine/Content/Functions/Engine_MaterialFunctions02/SupportFiles/1x1x1_Box_Pivot_-XYZ.uasset' is outside repository
[2020.03.04-22.02.42:526][ 69]SourceControl: fatal: C:/Program Files/Epic Games/UE_4.23/Engine/Content/EditorMeshes: 'C:/Program Files/Epic Games/UE_4.23/Engine/Content/EditorMeshes' is outside repository
[2020.03.04-22.02.42:526][ 69]SourceControl: fatal: C:/Program Files/Epic Games/UE_4.23/Engine/Content/EditorMeshes/Cascade/BackgroundCube.uasset: 'C:/Program Files/Epic Games/UE_4.23/Engine/Content/EditorMeshes/Cascade/BackgroundCube.uasset' is outside repository
[2020.03.04-22.02.42:526][ 69]SourceControl: fatal: C:/Program Files/Epic Games/UE_4.23/Engine/Content/EngineMeshes/BackgroundCube.uasset: 'C:/Program Files/Epic Games/UE_4.23/Engine/Content/EngineMeshes/BackgroundCube.uasset' is outside repository
[2020.03.04-22.02.43:981][201]SourceControl: fatal: C:/Program Files/Epic Games/UE_4.23/Engine/Content/EditorMeshes/Cascade/BackgroundCube.uasset: 'C:/Program Files/Epic Games/UE_4.23/Engine/Content/EditorMeshes/Cascade/BackgroundCube.uasset' is outside repository
[2020.03.04-22.02.43:981][201]SourceControl: fatal: C:/Program Files/Epic Games/UE_4.23/Engine/Content/EngineMeshes: 'C:/Program Files/Epic Games/UE_4.23/Engine/Content/EngineMeshes' is outside repository
[2020.03.04-22.02.43:981][201]SourceControl: fatal: C:/Program Files/Epic Games/UE_4.23/Engine/Content/BasicShapes: 'C:/Program Files/Epic Games/UE_4.23/Engine/Content/BasicShapes' is outside repository
[2020.03.04-22.02.44:046][208]SourceControl: fatal: C:/Program Files/Epic Games/UE_4.23/Engine/Content/EditorMeshes/EditorCube.uasset: 'C:/Program Files/Epic Games/UE_4.23/Engine/Content/EditorMeshes/EditorCube.uasset' is outside repository
[2020.03.04-22.02.45:214][329]SourceControl: fatal: C:/Program Files/Epic Games/UE_4.23/Engine/Content/EngineMeshes/ParticleCube.uasset: 'C:/Program Files/Epic Games/UE_4.23/Engine/Content/EngineMeshes/ParticleCube.uasset' is outside repository
[2020.03.04-22.02.45:403][349]SourceControl: fatal: C:/Program Files/Epic Games/UE_4.23/Engine/Content/VREditor/BasicMeshes/SM_Cube_01.uasset: 'C:/Program Files/Epic Games/UE_4.23/Engine/Content/VREditor/BasicMeshes/SM_Cube_01.uasset' is outside repository
[2020.03.04-22.02.45:609][367]SourceControl: fatal: C:/Program Files/Epic Games/UE_4.23/Engine/Content/VREditor/BasicMeshes/SM_Cube_02.uasset: 'C:/Program Files/Epic Games/UE_4.23/Engine/Content/VREditor/BasicMeshes/SM_Cube_02.uasset' is outside repository
[2020.03.04-22.02.45:703][376]SourceControl: fatal: C:/Program Files/Epic Games/UE_4.23/Engine/Content/VREditor/BasicMeshes/SM_Cube_03.uasset: 'C:/Program Files/Epic Games/UE_4.23/Engine/Content/VREditor/BasicMeshes/SM_Cube_03.uasset' is outside repository
[2020.03.04-22.02.45:729][378]SourceControl: fatal: C:/Program Files/Epic Games/UE_4.23/Engine/Content/EngineVolumetrics/FogEnvironment/Mesh/S_EV_FogVolume_Cube_01.uasset: 'C:/Program Files/Epic Games/UE_4.23/Engine/Content/EngineVolumetrics/FogEnvironment/Mesh/S_EV_FogVolume_Cube_01.uasset' is outside repository
[2020.03.04-22.02.48:774][690]SourceControl: fatal: C:/Program Files/Epic Games/UE_4.23/Engine/Content/BasicShapes/Cube.uasset: 'C:/Program Files/Epic Games/UE_4.23/Engine/Content/BasicShapes/Cube.uasset' is outside repository
[2020.03.04-22.02.48:879][699]SourceControl: fatal: C:/Program Files/Epic Games/UE_4.23/Engine/Content/EngineMeshes/Cube.uasset: 'C:/Program Files/Epic Games/UE_4.23/Engine/Content/EngineMeshes/Cube.uasset' is outside repository
[2020.03.04-22.02.48:891][700]SourceControl: fatal: C:/Program Files/Epic Games/UE_4.23/Engine/Content/EngineMeshes/BackgroundCube.uasset: 'C:/Program Files/Epic Games/UE_4.23/Engine/Content/EngineMeshes/BackgroundCube.uasset' is outside repository
[2020.03.04-22.02.50:262][830]SourceControl: fatal: C:/Program Files/Epic Games/UE_4.23/Engine/Content/EditorMeshes/Cascade/BackgroundCube.uasset: 'C:/Program Files/Epic Games/UE_4.23/Engine/Content/EditorMeshes/Cascade/BackgroundCube.uasset' is outside repository
[2020.03.04-22.02.50:761][869]SourceControl: fatal: C:/Program Files/Epic Games/UE_4.23/Engine/Content/EngineMeshes/ParticleCube.uasset: 'C:/Program Files/Epic Games/UE_4.23/Engine/Content/EngineMeshes/ParticleCube.uasset' is outside repository
[2020.03.04-22.02.50:802][873]SourceControl: fatal: C:/Program Files/Epic Games/UE_4.23/Engine/Content/VREditor/BasicMeshes/SM_Cube_01.uasset: 'C:/Program Files/Epic Games/UE_4.23/Engine/Content/VREditor/BasicMeshes/SM_Cube_01.uasset' is outside repository
[2020.03.04-22.03.02:336][128]LogSlate: FSceneViewport::OnFocusLost() reason 0
[2020.03.04-22.03.57:071][952]LogUObjectHash: Compacting FUObjectHashTables data took   4.55ms
[2020.03.04-22.03.57:071][952]LogFileHelpers: Editor autosave (incl. sublevels) for '/Game/ThirdPersonCPP/Maps/ThirdPersonExampleMap' took 0.218
[2020.03.04-22.03.57:073][952]OBJ SavePackage: Generating thumbnails for [1] asset(s) in package [/Game/Chapter9/FloorSwitch_BP] ([1] browsable assets)...
[2020.03.04-22.03.57:090][952]OBJ SavePackage:     Rendered thumbnail for [Blueprint /Game/Chapter9/FloorSwitch_BP.FloorSwitch_BP]
[2020.03.04-22.03.57:090][952]OBJ SavePackage: Finished generating thumbnails for package [/Game/Chapter9/FloorSwitch_BP]
[2020.03.04-22.03.57:183][952]LogSavePackage: Moving 'D:/Packt_New_Repository/Learning-Unreal-Engine-4-Game-Development-2nd-Edition-/FirstGame/Saved/FloorSwitch_BP_Auto2BDCDE92D46BFEFD80BA8C9A2F2563446.tmp' to 'D:/Packt_New_Repository/Learning-Unreal-Engine-4-Game-Development-2nd-Edition-/FirstGame/Saved/Autosaves/Game/Chapter9/FloorSwitch_BP_Auto2.uasset'
[2020.03.04-22.03.57:183][952]LogFileHelpers: Auto-saving content packages took 0.111
[2020.03.04-22.04.05:676][433]LogSlate: FSceneViewport::OnFocusLost() reason 5
[2020.03.04-22.05.09:218][161]SourceControl: fatal: C:/Program Files/Epic Games/UE_4.23/Engine/Content/Functions/Engine_MaterialFunctions02/SupportFiles/1x1x1_Box_Pivot_-XYZ.uasset: 'C:/Program Files/Epic Games/UE_4.23/Engine/Content/Functions/Engine_MaterialFunctions02/SupportFiles/1x1x1_Box_Pivot_-XYZ.uasset' is outside repository
[2020.03.04-22.05.09:218][161]SourceControl: fatal: C:/Program Files/Epic Games/UE_4.23/Engine/Content/EditorMeshes: 'C:/Program Files/Epic Games/UE_4.23/Engine/Content/EditorMeshes' is outside repository
[2020.03.04-22.05.09:219][161]SourceControl: fatal: C:/Program Files/Epic Games/UE_4.23/Engine/Content/EditorMeshes/Cascade/BackgroundCube.uasset: 'C:/Program Files/Epic Games/UE_4.23/Engine/Content/EditorMeshes/Cascade/BackgroundCube.uasset' is outside repository
[2020.03.04-22.05.09:219][161]SourceControl: fatal: C:/Program Files/Epic Games/UE_4.23/Engine/Content/EngineMeshes/BackgroundCube.uasset: 'C:/Program Files/Epic Games/UE_4.23/Engine/Content/EngineMeshes/BackgroundCube.uasset' is outside repository
[2020.03.04-22.05.25:609][ 69]LogSlate: FSceneViewport::OnFocusLost() reason 0
[2020.03.04-22.06.04:069][886]LogSlate: FSceneViewport::OnFocusLost() reason 5
[2020.03.04-22.14.00:359][983]LogUObjectHash: Compacting FUObjectHashTables data took   4.18ms
[2020.03.04-22.14.00:359][983]LogFileHelpers: Editor autosave (incl. sublevels) for '/Game/ThirdPersonCPP/Maps/ThirdPersonExampleMap' took 0.087
[2020.03.04-22.14.00:360][983]OBJ SavePackage: Generating thumbnails for [1] asset(s) in package [/Game/Chapter9/FloorSwitch_BP] ([1] browsable assets)...
[2020.03.04-22.14.00:374][983]OBJ SavePackage:     Rendered thumbnail for [Blueprint /Game/Chapter9/FloorSwitch_BP.FloorSwitch_BP]
[2020.03.04-22.14.00:375][983]OBJ SavePackage: Finished generating thumbnails for package [/Game/Chapter9/FloorSwitch_BP]
[2020.03.04-22.14.00:604][983]LogSavePackage: Moving 'D:/Packt_New_Repository/Learning-Unreal-Engine-4-Game-Development-2nd-Edition-/FirstGame/Saved/FloorSwitch_BP_Auto3C67DB5B94C30E7241EDB2F9A35538A90.tmp' to 'D:/Packt_New_Repository/Learning-Unreal-Engine-4-Game-Development-2nd-Edition-/FirstGame/Saved/Autosaves/Game/Chapter9/FloorSwitch_BP_Auto3.uasset'
[2020.03.04-22.14.00:604][983]LogFileHelpers: Auto-saving content packages took 0.243
[2020.03.04-22.24.18:077][908]LogUObjectHash: Compacting FUObjectHashTables data took   2.40ms
[2020.03.04-22.24.18:078][908]LogFileHelpers: Editor autosave (incl. sublevels) for '/Game/ThirdPersonCPP/Maps/ThirdPersonExampleMap' took 0.040
[2020.03.04-22.24.18:080][908]OBJ SavePackage: Generating thumbnails for [0] asset(s) in package [/Game/Chapter9/FloorSwitch_BP] ([1] browsable assets)...
[2020.03.04-22.24.18:080][908]OBJ SavePackage: Finished generating thumbnails for package [/Game/Chapter9/FloorSwitch_BP]
[2020.03.04-22.24.18:281][908]LogSavePackage: Moving 'D:/Packt_New_Repository/Learning-Unreal-Engine-4-Game-Development-2nd-Edition-/FirstGame/Saved/FloorSwitch_BP_Auto41A89927243E031E85B4782B726CBEF97.tmp' to 'D:/Packt_New_Repository/Learning-Unreal-Engine-4-Game-Development-2nd-Edition-/FirstGame/Saved/Autosaves/Game/Chapter9/FloorSwitch_BP_Auto4.uasset'
[2020.03.04-22.24.18:284][908]LogFileHelpers: Auto-saving content packages took 0.205
[2020.03.04-22.34.18:663][893]LogUObjectHash: Compacting FUObjectHashTables data took   1.20ms
[2020.03.04-22.34.18:664][893]LogFileHelpers: Editor autosave (incl. sublevels) for '/Game/ThirdPersonCPP/Maps/ThirdPersonExampleMap' took 0.028
[2020.03.04-22.34.18:665][893]OBJ SavePackage: Generating thumbnails for [0] asset(s) in package [/Game/Chapter9/FloorSwitch_BP] ([1] browsable assets)...
[2020.03.04-22.34.18:665][893]OBJ SavePackage: Finished generating thumbnails for package [/Game/Chapter9/FloorSwitch_BP]
[2020.03.04-22.34.18:966][893]LogSavePackage: Moving 'D:/Packt_New_Repository/Learning-Unreal-Engine-4-Game-Development-2nd-Edition-/FirstGame/Saved/FloorSwitch_BP_Auto5EB06F66444C05E67E59132926D568320.tmp' to 'D:/Packt_New_Repository/Learning-Unreal-Engine-4-Game-Development-2nd-Edition-/FirstGame/Saved/Autosaves/Game/Chapter9/FloorSwitch_BP_Auto5.uasset'
[2020.03.04-22.34.18:966][893]LogFileHelpers: Auto-saving content packages took 0.302
[2020.03.04-22.54.18:458][215]LogUObjectHash: Compacting FUObjectHashTables data took  14.44ms
[2020.03.04-22.54.18:458][215]LogFileHelpers: Editor autosave (incl. sublevels) for '/Game/ThirdPersonCPP/Maps/ThirdPersonExampleMap' took 0.058
[2020.03.04-22.54.18:461][215]OBJ SavePackage: Generating thumbnails for [1] asset(s) in package [/Game/Chapter9/FloorSwitch_BP] ([1] browsable assets)...
[2020.03.04-22.54.18:477][215]OBJ SavePackage:     Rendered thumbnail for [Blueprint /Game/Chapter9/FloorSwitch_BP.FloorSwitch_BP]
[2020.03.04-22.54.18:477][215]OBJ SavePackage: Finished generating thumbnails for package [/Game/Chapter9/FloorSwitch_BP]
[2020.03.04-22.54.18:515][215]LogSavePackage: Moving 'D:/Packt_New_Repository/Learning-Unreal-Engine-4-Game-Development-2nd-Edition-/FirstGame/Saved/FloorSwitch_BP_Auto6D8B8420D43C07C1EFF06878D4CCB61C9.tmp' to 'D:/Packt_New_Repository/Learning-Unreal-Engine-4-Game-Development-2nd-Edition-/FirstGame/Saved/Autosaves/Game/Chapter9/FloorSwitch_BP_Auto6.uasset'
[2020.03.04-22.54.18:516][215]LogFileHelpers: Auto-saving content packages took 0.056
[2020.03.04-22.55.45:367][594]LogHotReload: New module detected: UE4Editor-FirstGame-0068.dll
[2020.03.04-22.55.47:079][601]LogHotReload: Starting Hot-Reload from IDE
[2020.03.04-22.55.47:127][601]LogUObjectHash: Compacting FUObjectHashTables data took   0.81ms
[2020.03.04-22.55.47:175][601]LogClass: Could not find existing class FloorSwitch in package /Script/FirstGame for HotReload, assuming new class
[2020.03.04-22.55.47:175][601]LogClass: Function OnOverlapBegin is new.
[2020.03.04-22.55.47:175][601]LogClass: Function OnOverlapEnd is new.
[2020.03.04-22.55.47:176][601]LogClass: Function UpdateFloorSwitchLocations is new.
[2020.03.04-22.55.47:204][601]LogHotReload: Re-instancing FloorSwitch after hot-reload.
[2020.03.04-22.55.47:735][601]LogContentBrowser: Native class hierarchy updated for 'FirstGame' in 0.0012 seconds. Added 11 classes and 2 folders.
[2020.03.04-22.55.47:740][601]Display: HotReload successful (6 functions remapped  0 scriptstructs remapped)
[2020.03.04-22.55.47:837][601]LogUObjectHash: Compacting FUObjectHashTables data took   3.60ms
[2020.03.04-22.55.47:870][601]LogContentBrowser: Native class hierarchy populated in 0.0145 seconds. Added 2875 classes and 684 folders.
[2020.03.04-22.55.47:876][601]Display: HotReload took  0.8s.
[2020.03.04-23.01.08:594][555]LogHotReload: New module detected: UE4Editor-FirstGame-0069.dll
[2020.03.04-23.01.09:952][560]LogHotReload: Starting Hot-Reload from IDE
[2020.03.04-23.01.10:154][560]LogUObjectHash: Compacting FUObjectHashTables data took   6.50ms
[2020.03.04-23.01.10:276][560]LogContentBrowser: Native class hierarchy updated for 'FirstGame' in 0.0003 seconds. Added 11 classes and 2 folders.
[2020.03.04-23.01.10:281][560]Display: HotReload successful (9 functions remapped  0 scriptstructs remapped)
[2020.03.04-23.01.10:478][560]LogUObjectHash: Compacting FUObjectHashTables data took   4.59ms
[2020.03.04-23.01.10:495][560]LogContentBrowser: Native class hierarchy populated in 0.0095 seconds. Added 2875 classes and 684 folders.
[2020.03.04-23.01.10:500][560]Display: HotReload took  0.5s.
[2020.03.04-23.04.20:441][997]LogUObjectHash: Compacting FUObjectHashTables data took   4.55ms
[2020.03.04-23.04.20:441][997]LogFileHelpers: Editor autosave (incl. sublevels) for '/Game/ThirdPersonCPP/Maps/ThirdPersonExampleMap' took 0.077
[2020.03.04-23.04.20:443][997]OBJ SavePackage: Generating thumbnails for [1] asset(s) in package [/Game/Chapter9/FloorSwitch_BP] ([1] browsable assets)...
[2020.03.04-23.04.20:456][997]OBJ SavePackage:     Rendered thumbnail for [Blueprint /Game/Chapter9/FloorSwitch_BP.FloorSwitch_BP]
[2020.03.04-23.04.20:456][997]OBJ SavePackage: Finished generating thumbnails for package [/Game/Chapter9/FloorSwitch_BP]
[2020.03.04-23.04.20:484][997]LogSavePackage: Moving 'D:/Packt_New_Repository/Learning-Unreal-Engine-4-Game-Development-2nd-Edition-/FirstGame/Saved/FloorSwitch_BP_Auto73AA8012A45175F5589CD08B9B503B67A.tmp' to 'D:/Packt_New_Repository/Learning-Unreal-Engine-4-Game-Development-2nd-Edition-/FirstGame/Saved/Autosaves/Game/Chapter9/FloorSwitch_BP_Auto7.uasset'
[2020.03.04-23.04.20:484][997]LogFileHelpers: Auto-saving content packages took 0.042
[2020.03.04-23.11.08:565][727]BlueprintLog: New page: Compile FloorSwitch_BP
[2020.03.04-23.11.08:809][727]LogUObjectHash: Compacting FUObjectHashTables data took   3.89ms
[2020.03.04-23.11.09:278][762]LogSavePackage: Moving 'D:/Packt_New_Repository/Learning-Unreal-Engine-4-Game-Development-2nd-Edition-/FirstGame/Saved/FloorSwitch_BP2EDCAC0E4C472BC1C3B50895A91D96CF.tmp' to 'D:/Packt_New_Repository/Learning-Unreal-Engine-4-Game-Development-2nd-Edition-/FirstGame/Content/Chapter9/FloorSwitch_BP.uasset'
[2020.03.04-23.11.13:357][204]LogSlate: FSceneViewport::OnFocusLost() reason 0
[2020.03.04-23.11.22:955][242]LogSlate: FSceneViewport::OnFocusLost() reason 0
[2020.03.04-23.11.23:110][253]LogUObjectHash: Compacting FUObjectHashTables data took   3.65ms
[2020.03.04-23.11.23:947][253]LogSlate: Window 'Save Content' being destroyed
[2020.03.04-23.11.24:112][253]LogUObjectHash: Compacting FUObjectHashTables data took   0.80ms
[2020.03.04-23.11.24:430][253]LogSavePackage: Moving 'D:/Packt_New_Repository/Learning-Unreal-Engine-4-Game-Development-2nd-Edition-/FirstGame/Saved/ThirdPersonExampleMap9D55A74543C92AD15432CE9FA553081B.tmp' to 'D:/Packt_New_Repository/Learning-Unreal-Engine-4-Game-Development-2nd-Edition-/FirstGame/Content/ThirdPersonCPP/Maps/ThirdPersonExampleMap.umap'
[2020.03.04-23.11.24:487][253]LogFileHelpers: Saving map 'ThirdPersonExampleMap' took 0.407
[2020.03.04-23.11.25:747][376]LogTemp: Repeating last play command: Selected Viewport
[2020.03.04-23.11.25:780][376]LogBlueprintUserMessages: Early PlayInEditor Detection: Level '/Game/ThirdPersonCPP/Maps/ThirdPersonExampleMap.ThirdPersonExampleMap:PersistentLevel' has LevelScriptBlueprint '/Game/ThirdPersonCPP/Maps/ThirdPersonExampleMap.ThirdPersonExampleMap:PersistentLevel.ThirdPersonExampleMap' with GeneratedClass '/Game/ThirdPersonCPP/Maps/ThirdPersonExampleMap.ThirdPersonExampleMap_C' with ClassGeneratedBy '/Game/ThirdPersonCPP/Maps/ThirdPersonExampleMap.ThirdPersonExampleMap:PersistentLevel.ThirdPersonExampleMap'
[2020.03.04-23.11.25:781][376]LogPlayLevel: PlayLevel: No blueprints needed recompiling
[2020.03.04-23.11.25:784][376]PIE: New page: PIE session: ThirdPersonExampleMap (Mar 4, 2020, 7:11:25 AM)
[2020.03.04-23.11.25:786][376]LogPlayLevel: Creating play world package: /Game/ThirdPersonCPP/Maps/UEDPIE_0_ThirdPersonExampleMap
[2020.03.04-23.11.25:818][376]LogPlayLevel: PIE: StaticDuplicateObject took: (0.031261s)
[2020.03.04-23.11.25:827][376]LogAIModule: Creating AISystem for world ThirdPersonExampleMap
[2020.03.04-23.11.25:831][376]LogPlayLevel: PIE: World Init took: (0.012633s)
[2020.03.04-23.11.25:831][376]LogPlayLevel: PIE: Created PIE world by copying editor world from /Game/ThirdPersonCPP/Maps/ThirdPersonExampleMap.ThirdPersonExampleMap to /Game/ThirdPersonCPP/Maps/UEDPIE_0_ThirdPersonExampleMap.ThirdPersonExampleMap (0.044626s)
[2020.03.04-23.11.25:869][376]LogUObjectHash: Compacting FUObjectHashTables data took   3.19ms
[2020.03.04-23.11.25:901][376]LogInit: XAudio2 using 'Headphones (High Definition Audio Device)' : 2 channels at 44.1 kHz using 16 bits per sample (channel mask 0x3)
[2020.03.04-23.11.25:914][376]LogInit: FAudioDevice initialized.
[2020.03.04-23.11.25:937][376]LogLoad: Game class is 'FirstGM_BP_C'
[2020.03.04-23.11.25:946][376]LogWorld: Bringing World /Game/ThirdPersonCPP/Maps/UEDPIE_0_ThirdPersonExampleMap.ThirdPersonExampleMap up for play (max tick rate 0) at 2020.03.04-15.11.25
[2020.03.04-23.11.25:947][376]LogWorld: Bringing up level for play took: 0.004945
[2020.03.04-23.11.25:951][376]LogOnline: OSS: Creating online subsystem instance for: :Context_13
[2020.03.04-23.11.25:993][376]PIE: Play in editor start time for /Game/ThirdPersonCPP/Maps/UEDPIE_0_ThirdPersonExampleMap 1.004
[2020.03.04-23.11.25:993][376]LogBlueprintUserMessages: Late PlayInEditor Detection: Level '/Game/ThirdPersonCPP/Maps/ThirdPersonExampleMap.ThirdPersonExampleMap:PersistentLevel' has LevelScriptBlueprint '/Game/ThirdPersonCPP/Maps/ThirdPersonExampleMap.ThirdPersonExampleMap:PersistentLevel.ThirdPersonExampleMap' with GeneratedClass '/Game/ThirdPersonCPP/Maps/ThirdPersonExampleMap.ThirdPersonExampleMap_C' with ClassGeneratedBy '/Game/ThirdPersonCPP/Maps/ThirdPersonExampleMap.ThirdPersonExampleMap:PersistentLevel.ThirdPersonExampleMap'
[2020.03.04-23.11.26:413][422]LogTemp: Warning: BeginOverlap
[2020.03.04-23.11.57:149][101]LogTemp: Warning: AHealthPickup::OnOverlapBegin
[2020.03.04-23.11.57:149][101]LogTemp: Warning: OnOverlapBegin
[2020.03.04-23.11.58:995][320]LogBlueprintUserMessages: Early EndPlayMap Detection: Level '/Game/ThirdPersonCPP/Maps/ThirdPersonExampleMap.ThirdPersonExampleMap:PersistentLevel' has LevelScriptBlueprint '/Game/ThirdPersonCPP/Maps/ThirdPersonExampleMap.ThirdPersonExampleMap:PersistentLevel.ThirdPersonExampleMap' with GeneratedClass '/Game/ThirdPersonCPP/Maps/ThirdPersonExampleMap.ThirdPersonExampleMap_C' with ClassGeneratedBy '/Game/ThirdPersonCPP/Maps/ThirdPersonExampleMap.ThirdPersonExampleMap:PersistentLevel.ThirdPersonExampleMap'
[2020.03.04-23.11.58:996][320]LogSlate: Updating window title bar state: overlay mode, drag disabled, window buttons hidden, title bar hidden
[2020.03.04-23.11.58:996][320]LogWorld: BeginTearingDown for /Game/ThirdPersonCPP/Maps/UEDPIE_0_ThirdPersonExampleMap
[2020.03.04-23.11.58:996][320]LogWorld: UWorld::CleanupWorld for ThirdPersonExampleMap, bSessionEnded=true, bCleanupResources=true
[2020.03.04-23.11.59:014][320]LogPlayLevel: Display: Shutting down PIE online subsystems
[2020.03.04-23.11.59:014][320]LogBlueprintUserMessages: Late EndPlayMap Detection: Level '/Game/ThirdPersonCPP/Maps/ThirdPersonExampleMap.ThirdPersonExampleMap:PersistentLevel' has LevelScriptBlueprint '/Game/ThirdPersonCPP/Maps/ThirdPersonExampleMap.ThirdPersonExampleMap:PersistentLevel.ThirdPersonExampleMap' with GeneratedClass '/Game/ThirdPersonCPP/Maps/ThirdPersonExampleMap.ThirdPersonExampleMap_C' with ClassGeneratedBy '/Game/ThirdPersonCPP/Maps/ThirdPersonExampleMap.ThirdPersonExampleMap:PersistentLevel.ThirdPersonExampleMap'
[2020.03.04-23.11.59:051][320]LogSlate: Updating window title bar state: overlay mode, drag disabled, window buttons hidden, title bar hidden
[2020.03.04-23.11.59:059][320]LogUObjectHash: Compacting FUObjectHashTables data took   2.64ms
[2020.03.04-23.11.59:098][322]LogPlayLevel: Display: Destroying online subsystem :Context_13
[2020.03.04-23.12.07:854][595]LogSlate: FSceneViewport::OnFocusLost() reason 0
[2020.03.04-23.13.41:462][385]LogEditorViewport: Clicking on Actor (LMB): StaticMeshActor (Wall7)
[2020.03.04-23.13.50:933][496]LogEditorViewport: Clicking on Actor (LMB): StaticMeshActor (Wall7)
[2020.03.04-23.14.16:923][563]LogEditorViewport: Clicking on Actor (LMB): FloorSwitch_BP_C (FloorSwitch_BP)
[2020.03.04-23.14.35:389][727]LogEditorViewport: Clicking on Actor (LMB): StaticMeshActor (Wall7)
[2020.03.04-23.14.45:872][959]LogEditorViewport: Clicking on Actor (LMB): StaticMeshActor (Wall10)
[2020.03.04-23.15.29:711][110]LogEditorViewport: Clicking on Actor (LMB): FloorSwitch_BP_C (FloorSwitch_BP)
[2020.03.04-23.15.34:915][721]LogEditorViewport: Clicking on Actor (LMB): StaticMeshActor (Wall11)
[2020.03.04-23.16.08:324][516]LogSlate: FSceneViewport::OnFocusLost() reason 0
[2020.03.04-23.16.08:442][523]LogUObjectHash: Compacting FUObjectHashTables data took   2.60ms
[2020.03.04-23.16.09:414][523]LogSlate: Window 'Save Content' being destroyed
[2020.03.04-23.16.09:579][523]LogUObjectHash: Compacting FUObjectHashTables data took   0.78ms
[2020.03.04-23.16.09:773][523]LogSavePackage: Moving 'D:/Packt_New_Repository/Learning-Unreal-Engine-4-Game-Development-2nd-Edition-/FirstGame/Saved/ThirdPersonExampleMapD6442983480F5F04E61180AF68580531.tmp' to 'D:/Packt_New_Repository/Learning-Unreal-Engine-4-Game-Development-2nd-Edition-/FirstGame/Content/ThirdPersonCPP/Maps/ThirdPersonExampleMap.umap'
[2020.03.04-23.16.09:804][523]LogFileHelpers: Saving map 'ThirdPersonExampleMap' took 0.256
[2020.03.04-23.16.10:774][634]LogTemp: Repeating last play command: Selected Viewport
[2020.03.04-23.16.10:792][634]LogBlueprintUserMessages: Early PlayInEditor Detection: Level '/Game/ThirdPersonCPP/Maps/ThirdPersonExampleMap.ThirdPersonExampleMap:PersistentLevel' has LevelScriptBlueprint '/Game/ThirdPersonCPP/Maps/ThirdPersonExampleMap.ThirdPersonExampleMap:PersistentLevel.ThirdPersonExampleMap' with GeneratedClass '/Game/ThirdPersonCPP/Maps/ThirdPersonExampleMap.ThirdPersonExampleMap_C' with ClassGeneratedBy '/Game/ThirdPersonCPP/Maps/ThirdPersonExampleMap.ThirdPersonExampleMap:PersistentLevel.ThirdPersonExampleMap'
[2020.03.04-23.16.10:792][634]LogPlayLevel: PlayLevel: No blueprints needed recompiling
[2020.03.04-23.16.10:792][634]PIE: New page: PIE session: ThirdPersonExampleMap (Mar 4, 2020, 7:16:10 AM)
[2020.03.04-23.16.10:792][634]LogPlayLevel: Creating play world package: /Game/ThirdPersonCPP/Maps/UEDPIE_0_ThirdPersonExampleMap
[2020.03.04-23.16.10:802][634]LogPlayLevel: PIE: StaticDuplicateObject took: (0.010154s)
[2020.03.04-23.16.10:803][634]LogAIModule: Creating AISystem for world ThirdPersonExampleMap
[2020.03.04-23.16.10:803][634]LogPlayLevel: PIE: World Init took: (0.001021s)
[2020.03.04-23.16.10:803][634]LogPlayLevel: PIE: Created PIE world by copying editor world from /Game/ThirdPersonCPP/Maps/ThirdPersonExampleMap.ThirdPersonExampleMap to /Game/ThirdPersonCPP/Maps/UEDPIE_0_ThirdPersonExampleMap.ThirdPersonExampleMap (0.011346s)
[2020.03.04-23.16.10:837][634]LogUObjectHash: Compacting FUObjectHashTables data took   2.89ms
[2020.03.04-23.16.10:862][634]LogInit: XAudio2 using 'Headphones (High Definition Audio Device)' : 2 channels at 44.1 kHz using 16 bits per sample (channel mask 0x3)
[2020.03.04-23.16.10:873][634]LogInit: FAudioDevice initialized.
[2020.03.04-23.16.10:877][634]LogLoad: Game class is 'FirstGM_BP_C'
[2020.03.04-23.16.10:879][634]LogWorld: Bringing World /Game/ThirdPersonCPP/Maps/UEDPIE_0_ThirdPersonExampleMap.ThirdPersonExampleMap up for play (max tick rate 0) at 2020.03.04-15.16.10
[2020.03.04-23.16.10:879][634]LogWorld: Bringing up level for play took: 0.001127
[2020.03.04-23.16.10:879][634]LogOnline: OSS: Creating online subsystem instance for: :Context_14
[2020.03.04-23.16.10:885][634]PIE: Play in editor start time for /Game/ThirdPersonCPP/Maps/UEDPIE_0_ThirdPersonExampleMap -0.105
[2020.03.04-23.16.10:885][634]LogBlueprintUserMessages: Late PlayInEditor Detection: Level '/Game/ThirdPersonCPP/Maps/ThirdPersonExampleMap.ThirdPersonExampleMap:PersistentLevel' has LevelScriptBlueprint '/Game/ThirdPersonCPP/Maps/ThirdPersonExampleMap.ThirdPersonExampleMap:PersistentLevel.ThirdPersonExampleMap' with GeneratedClass '/Game/ThirdPersonCPP/Maps/ThirdPersonExampleMap.ThirdPersonExampleMap_C' with ClassGeneratedBy '/Game/ThirdPersonCPP/Maps/ThirdPersonExampleMap.ThirdPersonExampleMap:PersistentLevel.ThirdPersonExampleMap'
[2020.03.04-23.16.11:289][680]LogTemp: Warning: BeginOverlap
[2020.03.04-23.20.57:041][726]LogSlate: FSceneViewport::OnFocusLost() reason 0
[2020.03.04-23.20.57:126][736]LogBlueprintUserMessages: Early EndPlayMap Detection: Level '/Game/ThirdPersonCPP/Maps/ThirdPersonExampleMap.ThirdPersonExampleMap:PersistentLevel' has LevelScriptBlueprint '/Game/ThirdPersonCPP/Maps/ThirdPersonExampleMap.ThirdPersonExampleMap:PersistentLevel.ThirdPersonExampleMap' with GeneratedClass '/Game/ThirdPersonCPP/Maps/ThirdPersonExampleMap.ThirdPersonExampleMap_C' with ClassGeneratedBy '/Game/ThirdPersonCPP/Maps/ThirdPersonExampleMap.ThirdPersonExampleMap:PersistentLevel.ThirdPersonExampleMap'
[2020.03.04-23.20.57:126][736]LogSlate: Updating window title bar state: overlay mode, drag disabled, window buttons hidden, title bar hidden
[2020.03.04-23.20.57:126][736]LogWorld: BeginTearingDown for /Game/ThirdPersonCPP/Maps/UEDPIE_0_ThirdPersonExampleMap
[2020.03.04-23.20.57:127][736]LogWorld: UWorld::CleanupWorld for ThirdPersonExampleMap, bSessionEnded=true, bCleanupResources=true
[2020.03.04-23.20.57:139][736]LogPlayLevel: Display: Shutting down PIE online subsystems
[2020.03.04-23.20.57:139][736]LogBlueprintUserMessages: Late EndPlayMap Detection: Level '/Game/ThirdPersonCPP/Maps/ThirdPersonExampleMap.ThirdPersonExampleMap:PersistentLevel' has LevelScriptBlueprint '/Game/ThirdPersonCPP/Maps/ThirdPersonExampleMap.ThirdPersonExampleMap:PersistentLevel.ThirdPersonExampleMap' with GeneratedClass '/Game/ThirdPersonCPP/Maps/ThirdPersonExampleMap.ThirdPersonExampleMap_C' with ClassGeneratedBy '/Game/ThirdPersonCPP/Maps/ThirdPersonExampleMap.ThirdPersonExampleMap:PersistentLevel.ThirdPersonExampleMap'
[2020.03.04-23.20.57:173][736]LogSlate: Updating window title bar state: overlay mode, drag disabled, window buttons hidden, title bar hidden
[2020.03.04-23.20.57:177][736]LogUObjectHash: Compacting FUObjectHashTables data took   3.04ms
[2020.03.04-23.20.57:229][741]LogPlayLevel: Display: Destroying online subsystem :Context_14
[2020.03.04-23.20.58:128][833]LogUObjectHash: Compacting FUObjectHashTables data took   0.77ms
[2020.03.04-23.21.05:010][410]SourceControl: fatal: C:/Program Files/Epic Games/UE_4.23/Engine/Content: 'C:/Program Files/Epic Games/UE_4.23/Engine/Content' is outside repository
[2020.03.04-23.21.14:070][410]LogSlate: Window 'Submit Files' being destroyed
[2020.03.04-23.21.17:663][410]LogSourceControl: commit successful: [master dfa6418] Chapter 9 - FloorSwitch Submit
[2020.03.04-23.21.17:780][410]SourceControl: [master dfa6418] Chapter 9 - FloorSwitch Submit
[2020.03.04-23.21.17:780][410]SourceControl:  2 files changed, 0 insertions(+), 0 deletions(-)
[2020.03.04-23.21.17:780][410]SourceControl:  create mode 100644 FirstGame/Content/Chapter9/FloorSwitch_BP.uasset
[2020.03.04-23.21.17:787][410]SourceControl: Commited [master dfa6418] Chapter 9 - FloorSwitch Submit.
[2020.03.04-23.21.29:536][562]LogAssetEditorManager: Opening Asset editor for Blueprint /Game/Chapter9/HealthPickupBP.HealthPickupBP
[2020.03.04-23.21.29:856][562]LogAssetEditorManager: Opening Asset editor for Blueprint /Game/Chapter9/HazardPickup_BP.HazardPickup_BP
[2020.03.04-23.21.30:137][562]LogAssetEditorManager: Opening Asset editor for Blueprint /Game/Chapter9/MainPlayerController_BP.MainPlayerController_BP
[2020.03.04-23.21.30:408][562]LogAssetEditorManager: Opening Asset editor for WidgetBlueprint /Game/Chapter9/HUDOverlayWidget.HUDOverlayWidget
[2020.03.04-23.21.35:069][ 29]LogWorld: UWorld::CleanupWorld for World_15, bSessionEnded=true, bCleanupResources=true
[2020.03.04-23.21.35:089][ 29]LogWorld: UWorld::CleanupWorld for World_14, bSessionEnded=true, bCleanupResources=true
[2020.03.04-23.21.35:910][117]LogWorld: UWorld::CleanupWorld for World_13, bSessionEnded=true, bCleanupResources=true
[2020.03.04-23.21.36:835][218]LogActorComponent: UnregisterComponent: (/Engine/Transient.EditorFloorComp) Not registered. Aborting.
[2020.03.04-23.21.36:835][218]LogWorld: UWorld::CleanupWorld for World_12, bSessionEnded=true, bCleanupResources=true
[2020.03.04-23.21.37:805][323]LogActorComponent: UnregisterComponent: (/Engine/Transient.EditorFloorComp) Not registered. Aborting.
[2020.03.04-23.21.37:806][323]LogWorld: UWorld::CleanupWorld for World_11, bSessionEnded=true, bCleanupResources=true
[2020.03.04-23.21.38:526][398]LogActorComponent: UnregisterComponent: (/Engine/Transient.EditorFloorComp) Not registered. Aborting.
[2020.03.04-23.21.38:526][398]LogWorld: UWorld::CleanupWorld for World_9, bSessionEnded=true, bCleanupResources=true
[2020.03.04-23.21.39:913][520]LogUObjectHash: Compacting FUObjectHashTables data took   3.88ms
